{"/Users/ccelson/Development/Sorcery/src/App.tsx": {"path":"/Users/ccelson/Development/Sorcery/src/App.tsx","statementMap":{"0":{"start":{"line":8,"column":36},"end":{"line":8,"column":null}},"1":{"start":{"line":10,"column":2},"end":{"line":12,"column":null}},"2":{"start":{"line":11,"column":4},"end":{"line":11,"column":null}},"3":{"start":{"line":11,"column":41},"end":{"line":11,"column":65}},"4":{"start":{"line":14,"column":2},"end":{"line":14,"column":null}},"5":{"start":{"line":14,"column":30},"end":{"line":14,"column":59}}},"fnMap":{"0":{"name":"App","decl":{"start":{"line":7,"column":9},"end":{"line":7,"column":15}},"loc":{"start":{"line":7,"column":15},"end":{"line":15,"column":null}},"line":7},"1":{"name":"(anonymous_1)","decl":{"start":{"line":11,"column":35},"end":{"line":11,"column":41}},"loc":{"start":{"line":11,"column":41},"end":{"line":11,"column":65}},"line":11},"2":{"name":"(anonymous_2)","decl":{"start":{"line":14,"column":24},"end":{"line":14,"column":30}},"loc":{"start":{"line":14,"column":30},"end":{"line":14,"column":59}},"line":14}},"branchMap":{"0":{"loc":{"start":{"line":10,"column":2},"end":{"line":12,"column":null}},"type":"if","locations":[{"start":{"line":10,"column":2},"end":{"line":12,"column":null}},{"start":{},"end":{}}],"line":10}},"s":{"0":0,"1":0,"2":0,"3":0,"4":0,"5":0},"f":{"0":0,"1":0,"2":0},"b":{"0":[0,0]},"meta":{"lastBranch":1,"lastFunction":3,"lastStatement":6,"seen":{"f:7:9:7:15":0,"s:8:36:8:Infinity":0,"b:10:2:12:Infinity:undefined:undefined:undefined:undefined":0,"s:10:2:12:Infinity":1,"s:11:4:11:Infinity":2,"f:11:35:11:41":1,"s:11:41:11:65":3,"s:14:2:14:Infinity":4,"f:14:24:14:30":2,"s:14:30:14:59":5}}}
,"/Users/ccelson/Development/Sorcery/src/components/Board/Board.tsx": {"path":"/Users/ccelson/Development/Sorcery/src/components/Board/Board.tsx","statementMap":{"0":{"start":{"line":12,"column":19},"end":{"line":12,"column":null}},"1":{"start":{"line":13,"column":2},"end":{"line":18,"column":null}},"2":{"start":{"line":28,"column":44},"end":{"line":28,"column":null}},"3":{"start":{"line":29,"column":36},"end":{"line":29,"column":null}},"4":{"start":{"line":39,"column":2},"end":{"line":39,"column":null}},"5":{"start":{"line":41,"column":28},"end":{"line":41,"column":null}},"6":{"start":{"line":42,"column":40},"end":{"line":42,"column":null}},"7":{"start":{"line":45,"column":20},"end":{"line":45,"column":null}},"8":{"start":{"line":47,"column":26},"end":{"line":49,"column":null}},"9":{"start":{"line":48,"column":4},"end":{"line":48,"column":null}},"10":{"start":{"line":51,"column":26},"end":{"line":53,"column":null}},"11":{"start":{"line":52,"column":4},"end":{"line":52,"column":null}},"12":{"start":{"line":55,"column":8},"end":{"line":57,"column":null}},"13":{"start":{"line":56,"column":4},"end":{"line":56,"column":null}},"14":{"start":{"line":59,"column":8},"end":{"line":61,"column":null}},"15":{"start":{"line":60,"column":4},"end":{"line":60,"column":null}},"16":{"start":{"line":63,"column":8},"end":{"line":65,"column":null}},"17":{"start":{"line":64,"column":4},"end":{"line":64,"column":null}},"18":{"start":{"line":67,"column":8},"end":{"line":69,"column":null}},"19":{"start":{"line":68,"column":4},"end":{"line":68,"column":null}},"20":{"start":{"line":72,"column":27},"end":{"line":72,"column":null}},"21":{"start":{"line":76,"column":19},"end":{"line":76,"column":null}},"22":{"start":{"line":77,"column":22},"end":{"line":77,"column":null}},"23":{"start":{"line":79,"column":2},"end":{"line":199,"column":null}},"24":{"start":{"line":109,"column":12},"end":{"line":136,"column":null}},"25":{"start":{"line":110,"column":43},"end":{"line":110,"column":null}},"26":{"start":{"line":111,"column":41},"end":{"line":111,"column":null}},"27":{"start":{"line":112,"column":35},"end":{"line":112,"column":null}},"28":{"start":{"line":113,"column":38},"end":{"line":113,"column":null}},"29":{"start":{"line":115,"column":20},"end":{"line":115,"column":null}},"30":{"start":{"line":116,"column":14},"end":{"line":134,"column":null}},"31":{"start":{"line":142,"column":10},"end":{"line":180,"column":null}},"32":{"start":{"line":143,"column":18},"end":{"line":143,"column":null}},"33":{"start":{"line":144,"column":26},"end":{"line":144,"column":null}},"34":{"start":{"line":148,"column":30},"end":{"line":148,"column":null}},"35":{"start":{"line":149,"column":31},"end":{"line":149,"column":null}},"36":{"start":{"line":150,"column":24},"end":{"line":150,"column":null}},"37":{"start":{"line":151,"column":28},"end":{"line":151,"column":null}},"38":{"start":{"line":154,"column":25},"end":{"line":154,"column":null}},"39":{"start":{"line":155,"column":24},"end":{"line":155,"column":null}},"40":{"start":{"line":157,"column":12},"end":{"line":178,"column":null}},"41":{"start":{"line":194,"column":30},"end":{"line":194,"column":null}},"42":{"start":{"line":195,"column":33},"end":{"line":195,"column":null}},"43":{"start":{"line":196,"column":25},"end":{"line":196,"column":null}}},"fnMap":{"0":{"name":"getAdjacentSites","decl":{"start":{"line":11,"column":9},"end":{"line":11,"column":26}},"loc":{"start":{"line":11,"column":57},"end":{"line":19,"column":null}},"line":11},"1":{"name":"Board","decl":{"start":{"line":27,"column":16},"end":{"line":27,"column":24}},"loc":{"start":{"line":27,"column":24},"end":{"line":201,"column":null}},"line":27},"2":{"name":"(anonymous_2)","decl":{"start":{"line":47,"column":26},"end":{"line":47,"column":27}},"loc":{"start":{"line":47,"column":50},"end":{"line":49,"column":null}},"line":47},"3":{"name":"(anonymous_3)","decl":{"start":{"line":51,"column":26},"end":{"line":51,"column":27}},"loc":{"start":{"line":51,"column":57},"end":{"line":53,"column":null}},"line":51},"4":{"name":"(anonymous_4)","decl":{"start":{"line":55,"column":40},"end":{"line":55,"column":41}},"loc":{"start":{"line":55,"column":69},"end":{"line":57,"column":5}},"line":55},"5":{"name":"(anonymous_5)","decl":{"start":{"line":59,"column":44},"end":{"line":59,"column":45}},"loc":{"start":{"line":59,"column":89},"end":{"line":61,"column":5}},"line":59},"6":{"name":"(anonymous_6)","decl":{"start":{"line":63,"column":45},"end":{"line":63,"column":46}},"loc":{"start":{"line":63,"column":65},"end":{"line":65,"column":5}},"line":63},"7":{"name":"(anonymous_7)","decl":{"start":{"line":67,"column":45},"end":{"line":67,"column":46}},"loc":{"start":{"line":67,"column":65},"end":{"line":69,"column":5}},"line":67},"8":{"name":"(anonymous_8)","decl":{"start":{"line":108,"column":21},"end":{"line":108,"column":22}},"loc":{"start":{"line":109,"column":12},"end":{"line":136,"column":null}},"line":109},"9":{"name":"(anonymous_9)","decl":{"start":{"line":109,"column":20},"end":{"line":109,"column":21}},"loc":{"start":{"line":109,"column":40},"end":{"line":136,"column":13}},"line":109},"10":{"name":"(anonymous_10)","decl":{"start":{"line":141,"column":39},"end":{"line":141,"column":40}},"loc":{"start":{"line":142,"column":10},"end":{"line":180,"column":null}},"line":142},"11":{"name":"(anonymous_11)","decl":{"start":{"line":142,"column":40},"end":{"line":142,"column":41}},"loc":{"start":{"line":142,"column":58},"end":{"line":180,"column":11}},"line":142},"12":{"name":"(anonymous_12)","decl":{"start":{"line":194,"column":24},"end":{"line":194,"column":30}},"loc":{"start":{"line":194,"column":30},"end":{"line":194,"column":null}},"line":194},"13":{"name":"(anonymous_13)","decl":{"start":{"line":195,"column":27},"end":{"line":195,"column":33}},"loc":{"start":{"line":195,"column":33},"end":{"line":195,"column":null}},"line":195},"14":{"name":"(anonymous_14)","decl":{"start":{"line":196,"column":19},"end":{"line":196,"column":25}},"loc":{"start":{"line":196,"column":25},"end":{"line":196,"column":null}},"line":196}},"branchMap":{"0":{"loc":{"start":{"line":45,"column":20},"end":{"line":45,"column":null}},"type":"binary-expr","locations":[{"start":{"line":45,"column":20},"end":{"line":45,"column":56}},{"start":{"line":45,"column":56},"end":{"line":45,"column":null}}],"line":45},"1":{"loc":{"start":{"line":48,"column":15},"end":{"line":48,"column":57}},"type":"cond-expr","locations":[{"start":{"line":48,"column":46},"end":{"line":48,"column":53}},{"start":{"line":48,"column":53},"end":{"line":48,"column":57}}],"line":48},"2":{"loc":{"start":{"line":72,"column":27},"end":{"line":72,"column":null}},"type":"cond-expr","locations":[{"start":{"line":72,"column":45},"end":{"line":72,"column":81}},{"start":{"line":72,"column":81},"end":{"line":72,"column":null}}],"line":72},"3":{"loc":{"start":{"line":89,"column":21},"end":{"line":89,"column":null}},"type":"cond-expr","locations":[{"start":{"line":89,"column":33},"end":{"line":89,"column":52}},{"start":{"line":89,"column":52},"end":{"line":89,"column":null}}],"line":89},"4":{"loc":{"start":{"line":110,"column":43},"end":{"line":110,"column":null}},"type":"binary-expr","locations":[{"start":{"line":110,"column":43},"end":{"line":110,"column":61}},{"start":{"line":110,"column":61},"end":{"line":110,"column":null}}],"line":110},"5":{"loc":{"start":{"line":111,"column":41},"end":{"line":111,"column":null}},"type":"binary-expr","locations":[{"start":{"line":111,"column":41},"end":{"line":111,"column":59}},{"start":{"line":111,"column":59},"end":{"line":111,"column":null}}],"line":111},"6":{"loc":{"start":{"line":112,"column":35},"end":{"line":112,"column":null}},"type":"binary-expr","locations":[{"start":{"line":112,"column":35},"end":{"line":112,"column":59}},{"start":{"line":112,"column":59},"end":{"line":112,"column":null}}],"line":112},"7":{"loc":{"start":{"line":113,"column":38},"end":{"line":113,"column":null}},"type":"cond-expr","locations":[{"start":{"line":113,"column":61},"end":{"line":113,"column":74}},{"start":{"line":113,"column":74},"end":{"line":113,"column":null}}],"line":113},"8":{"loc":{"start":{"line":113,"column":74},"end":{"line":113,"column":null}},"type":"cond-expr","locations":[{"start":{"line":113,"column":95},"end":{"line":113,"column":106}},{"start":{"line":113,"column":106},"end":{"line":113,"column":null}}],"line":113},"9":{"loc":{"start":{"line":144,"column":26},"end":{"line":144,"column":null}},"type":"binary-expr","locations":[{"start":{"line":144,"column":26},"end":{"line":144,"column":44}},{"start":{"line":144,"column":44},"end":{"line":144,"column":null}}],"line":144},"10":{"loc":{"start":{"line":189,"column":7},"end":{"line":197,"column":null}},"type":"binary-expr","locations":[{"start":{"line":189,"column":7},"end":{"line":189,"column":null}},{"start":{"line":190,"column":8},"end":{"line":197,"column":null}}],"line":189},"11":{"loc":{"start":{"line":193,"column":23},"end":{"line":193,"column":57}},"type":"binary-expr","locations":[{"start":{"line":193,"column":23},"end":{"line":193,"column":52}},{"start":{"line":193,"column":52},"end":{"line":193,"column":57}}],"line":193}},"s":{"0":0,"1":0,"2":0,"3":0,"4":0,"5":0,"6":0,"7":0,"8":0,"9":0,"10":0,"11":0,"12":0,"13":0,"14":0,"15":0,"16":0,"17":0,"18":0,"19":0,"20":0,"21":0,"22":0,"23":0,"24":0,"25":0,"26":0,"27":0,"28":0,"29":0,"30":0,"31":0,"32":0,"33":0,"34":0,"35":0,"36":0,"37":0,"38":0,"39":0,"40":0,"41":0,"42":0,"43":0},"f":{"0":0,"1":0,"2":0,"3":0,"4":0,"5":0,"6":0,"7":0,"8":0,"9":0,"10":0,"11":0,"12":0,"13":0,"14":0},"b":{"0":[0,0],"1":[0,0],"2":[0,0],"3":[0,0],"4":[0,0],"5":[0,0],"6":[0,0],"7":[0,0],"8":[0,0],"9":[0,0],"10":[0,0],"11":[0,0]},"meta":{"lastBranch":12,"lastFunction":15,"lastStatement":44,"seen":{"f:11:9:11:26":0,"s:12:19:12:Infinity":0,"s:13:2:18:Infinity":1,"f:27:16:27:24":1,"s:28:44:28:Infinity":2,"s:29:36:29:Infinity":3,"s:39:2:39:Infinity":4,"s:41:28:41:Infinity":5,"s:42:40:42:Infinity":6,"s:45:20:45:Infinity":7,"b:45:20:45:56:45:56:45:Infinity":0,"s:47:26:49:Infinity":8,"f:47:26:47:27":2,"s:48:4:48:Infinity":9,"b:48:46:48:53:48:53:48:57":1,"s:51:26:53:Infinity":10,"f:51:26:51:27":3,"s:52:4:52:Infinity":11,"s:55:8:57:Infinity":12,"f:55:40:55:41":4,"s:56:4:56:Infinity":13,"s:59:8:61:Infinity":14,"f:59:44:59:45":5,"s:60:4:60:Infinity":15,"s:63:8:65:Infinity":16,"f:63:45:63:46":6,"s:64:4:64:Infinity":17,"s:67:8:69:Infinity":18,"f:67:45:67:46":7,"s:68:4:68:Infinity":19,"s:72:27:72:Infinity":20,"b:72:45:72:81:72:81:72:Infinity":2,"s:76:19:76:Infinity":21,"s:77:22:77:Infinity":22,"s:79:2:199:Infinity":23,"b:89:33:89:52:89:52:89:Infinity":3,"f:108:21:108:22":8,"s:109:12:136:Infinity":24,"f:109:20:109:21":9,"s:110:43:110:Infinity":25,"b:110:43:110:61:110:61:110:Infinity":4,"s:111:41:111:Infinity":26,"b:111:41:111:59:111:59:111:Infinity":5,"s:112:35:112:Infinity":27,"b:112:35:112:59:112:59:112:Infinity":6,"s:113:38:113:Infinity":28,"b:113:61:113:74:113:74:113:Infinity":7,"b:113:95:113:106:113:106:113:Infinity":8,"s:115:20:115:Infinity":29,"s:116:14:134:Infinity":30,"f:141:39:141:40":10,"s:142:10:180:Infinity":31,"f:142:40:142:41":11,"s:143:18:143:Infinity":32,"s:144:26:144:Infinity":33,"b:144:26:144:44:144:44:144:Infinity":9,"s:148:30:148:Infinity":34,"s:149:31:149:Infinity":35,"s:150:24:150:Infinity":36,"s:151:28:151:Infinity":37,"s:154:25:154:Infinity":38,"s:155:24:155:Infinity":39,"s:157:12:178:Infinity":40,"b:189:7:189:Infinity:190:8:197:Infinity":10,"b:193:23:193:52:193:52:193:57":11,"f:194:24:194:30":12,"s:194:30:194:Infinity":41,"f:195:27:195:33":13,"s:195:33:195:Infinity":42,"f:196:19:196:25":14,"s:196:25:196:Infinity":43}}}
,"/Users/ccelson/Development/Sorcery/src/components/Board/BoardSite.tsx": {"path":"/Users/ccelson/Development/Sorcery/src/components/Board/BoardSite.tsx","statementMap":{"0":{"start":{"line":41,"column":8},"end":{"line":41,"column":null}},"1":{"start":{"line":42,"column":29},"end":{"line":42,"column":null}},"2":{"start":{"line":45,"column":40},"end":{"line":45,"column":null}},"3":{"start":{"line":46,"column":24},"end":{"line":46,"column":null}},"4":{"start":{"line":49,"column":25},"end":{"line":49,"column":null}},"5":{"start":{"line":50,"column":25},"end":{"line":51,"column":null}},"6":{"start":{"line":51,"column":4},"end":{"line":51,"column":null}},"7":{"start":{"line":53,"column":21},"end":{"line":53,"column":null}},"8":{"start":{"line":54,"column":32},"end":{"line":54,"column":null}},"9":{"start":{"line":55,"column":24},"end":{"line":55,"column":null}},"10":{"start":{"line":57,"column":2},"end":{"line":239,"column":null}},"11":{"start":{"line":117,"column":27},"end":{"line":117,"column":null}},"12":{"start":{"line":121,"column":59},"end":{"line":121,"column":99}},"13":{"start":{"line":122,"column":59},"end":{"line":122,"column":99}},"14":{"start":{"line":133,"column":31},"end":{"line":133,"column":null}},"15":{"start":{"line":136,"column":34},"end":{"line":136,"column":null}},"16":{"start":{"line":137,"column":20},"end":{"line":137,"column":null}},"17":{"start":{"line":138,"column":28},"end":{"line":138,"column":null}},"18":{"start":{"line":139,"column":28},"end":{"line":139,"column":null}},"19":{"start":{"line":140,"column":14},"end":{"line":164,"column":null}},"20":{"start":{"line":157,"column":33},"end":{"line":157,"column":null}},"21":{"start":{"line":161,"column":65},"end":{"line":161,"column":95}},"22":{"start":{"line":162,"column":65},"end":{"line":162,"column":95}},"23":{"start":{"line":180,"column":29},"end":{"line":180,"column":null}},"24":{"start":{"line":184,"column":61},"end":{"line":184,"column":93}},"25":{"start":{"line":185,"column":61},"end":{"line":185,"column":93}},"26":{"start":{"line":204,"column":30},"end":{"line":204,"column":null}},"27":{"start":{"line":205,"column":12},"end":{"line":229,"column":null}},"28":{"start":{"line":222,"column":33},"end":{"line":222,"column":null}},"29":{"start":{"line":226,"column":65},"end":{"line":226,"column":95}},"30":{"start":{"line":227,"column":65},"end":{"line":227,"column":95}}},"fnMap":{"0":{"name":"BoardSite","decl":{"start":{"line":24,"column":16},"end":{"line":24,"column":26}},"loc":{"start":{"line":40,"column":19},"end":{"line":241,"column":null}},"line":40},"1":{"name":"(anonymous_1)","decl":{"start":{"line":50,"column":25},"end":{"line":50,"column":26}},"loc":{"start":{"line":51,"column":4},"end":{"line":51,"column":null}},"line":51},"2":{"name":"(anonymous_2)","decl":{"start":{"line":117,"column":21},"end":{"line":117,"column":27}},"loc":{"start":{"line":117,"column":27},"end":{"line":117,"column":null}},"line":117},"3":{"name":"(anonymous_3)","decl":{"start":{"line":121,"column":53},"end":{"line":121,"column":59}},"loc":{"start":{"line":121,"column":59},"end":{"line":121,"column":99}},"line":121},"4":{"name":"(anonymous_4)","decl":{"start":{"line":122,"column":53},"end":{"line":122,"column":59}},"loc":{"start":{"line":122,"column":59},"end":{"line":122,"column":99}},"line":122},"5":{"name":"(anonymous_5)","decl":{"start":{"line":131,"column":28},"end":{"line":131,"column":29}},"loc":{"start":{"line":131,"column":45},"end":{"line":166,"column":13}},"line":131},"6":{"name":"(anonymous_6)","decl":{"start":{"line":157,"column":27},"end":{"line":157,"column":33}},"loc":{"start":{"line":157,"column":33},"end":{"line":157,"column":null}},"line":157},"7":{"name":"(anonymous_7)","decl":{"start":{"line":161,"column":59},"end":{"line":161,"column":65}},"loc":{"start":{"line":161,"column":65},"end":{"line":161,"column":95}},"line":161},"8":{"name":"(anonymous_8)","decl":{"start":{"line":162,"column":59},"end":{"line":162,"column":65}},"loc":{"start":{"line":162,"column":65},"end":{"line":162,"column":95}},"line":162},"9":{"name":"(anonymous_9)","decl":{"start":{"line":180,"column":23},"end":{"line":180,"column":29}},"loc":{"start":{"line":180,"column":29},"end":{"line":180,"column":null}},"line":180},"10":{"name":"(anonymous_10)","decl":{"start":{"line":184,"column":55},"end":{"line":184,"column":61}},"loc":{"start":{"line":184,"column":61},"end":{"line":184,"column":93}},"line":184},"11":{"name":"(anonymous_11)","decl":{"start":{"line":185,"column":55},"end":{"line":185,"column":61}},"loc":{"start":{"line":185,"column":61},"end":{"line":185,"column":93}},"line":185},"12":{"name":"(anonymous_12)","decl":{"start":{"line":203,"column":31},"end":{"line":203,"column":32}},"loc":{"start":{"line":203,"column":48},"end":{"line":231,"column":11}},"line":203},"13":{"name":"(anonymous_13)","decl":{"start":{"line":222,"column":27},"end":{"line":222,"column":33}},"loc":{"start":{"line":222,"column":33},"end":{"line":222,"column":null}},"line":222},"14":{"name":"(anonymous_14)","decl":{"start":{"line":226,"column":59},"end":{"line":226,"column":65}},"loc":{"start":{"line":226,"column":65},"end":{"line":226,"column":95}},"line":226},"15":{"name":"(anonymous_15)","decl":{"start":{"line":227,"column":59},"end":{"line":227,"column":65}},"loc":{"start":{"line":227,"column":65},"end":{"line":227,"column":95}},"line":227}},"branchMap":{"0":{"loc":{"start":{"line":33,"column":2},"end":{"line":33,"column":null}},"type":"default-arg","locations":[{"start":{"line":33,"column":17},"end":{"line":33,"column":null}}],"line":33},"1":{"loc":{"start":{"line":35,"column":2},"end":{"line":35,"column":null}},"type":"default-arg","locations":[{"start":{"line":35,"column":26},"end":{"line":35,"column":null}}],"line":35},"2":{"loc":{"start":{"line":36,"column":2},"end":{"line":36,"column":null}},"type":"default-arg","locations":[{"start":{"line":36,"column":23},"end":{"line":36,"column":null}}],"line":36},"3":{"loc":{"start":{"line":49,"column":25},"end":{"line":49,"column":null}},"type":"binary-expr","locations":[{"start":{"line":49,"column":25},"end":{"line":49,"column":42}},{"start":{"line":49,"column":42},"end":{"line":49,"column":null}}],"line":49},"4":{"loc":{"start":{"line":51,"column":4},"end":{"line":51,"column":null}},"type":"binary-expr","locations":[{"start":{"line":51,"column":4},"end":{"line":51,"column":22}},{"start":{"line":51,"column":22},"end":{"line":51,"column":null}}],"line":51},"5":{"loc":{"start":{"line":51,"column":22},"end":{"line":51,"column":null}},"type":"cond-expr","locations":[{"start":{"line":51,"column":39},"end":{"line":51,"column":68}},{"start":{"line":51,"column":68},"end":{"line":51,"column":null}}],"line":51},"6":{"loc":{"start":{"line":53,"column":21},"end":{"line":53,"column":null}},"type":"binary-expr","locations":[{"start":{"line":53,"column":21},"end":{"line":53,"column":38}},{"start":{"line":53,"column":38},"end":{"line":53,"column":63}},{"start":{"line":53,"column":63},"end":{"line":53,"column":null}}],"line":53},"7":{"loc":{"start":{"line":54,"column":32},"end":{"line":54,"column":null}},"type":"binary-expr","locations":[{"start":{"line":54,"column":32},"end":{"line":54,"column":48}},{"start":{"line":54,"column":48},"end":{"line":54,"column":null}}],"line":54},"8":{"loc":{"start":{"line":55,"column":24},"end":{"line":55,"column":null}},"type":"binary-expr","locations":[{"start":{"line":55,"column":24},"end":{"line":55,"column":34}},{"start":{"line":55,"column":34},"end":{"line":55,"column":null}}],"line":55},"9":{"loc":{"start":{"line":63,"column":10},"end":{"line":63,"column":73}},"type":"cond-expr","locations":[{"start":{"line":63,"column":26},"end":{"line":63,"column":60}},{"start":{"line":63,"column":60},"end":{"line":63,"column":73}}],"line":63},"10":{"loc":{"start":{"line":64,"column":10},"end":{"line":64,"column":56}},"type":"cond-expr","locations":[{"start":{"line":64,"column":23},"end":{"line":64,"column":41}},{"start":{"line":64,"column":41},"end":{"line":64,"column":56}}],"line":64},"11":{"loc":{"start":{"line":73,"column":21},"end":{"line":73,"column":null}},"type":"cond-expr","locations":[{"start":{"line":73,"column":42},"end":{"line":73,"column":61}},{"start":{"line":73,"column":61},"end":{"line":73,"column":null}}],"line":73},"12":{"loc":{"start":{"line":74,"column":15},"end":{"line":74,"column":null}},"type":"cond-expr","locations":[{"start":{"line":74,"column":36},"end":{"line":74,"column":45}},{"start":{"line":74,"column":45},"end":{"line":74,"column":null}}],"line":74},"13":{"loc":{"start":{"line":75,"column":18},"end":{"line":75,"column":null}},"type":"cond-expr","locations":[{"start":{"line":75,"column":39},"end":{"line":75,"column":47}},{"start":{"line":75,"column":47},"end":{"line":75,"column":null}}],"line":75},"14":{"loc":{"start":{"line":76,"column":16},"end":{"line":76,"column":null}},"type":"cond-expr","locations":[{"start":{"line":76,"column":37},"end":{"line":76,"column":46}},{"start":{"line":76,"column":46},"end":{"line":76,"column":null}}],"line":76},"15":{"loc":{"start":{"line":77,"column":17},"end":{"line":77,"column":null}},"type":"cond-expr","locations":[{"start":{"line":77,"column":38},"end":{"line":77,"column":46}},{"start":{"line":77,"column":46},"end":{"line":77,"column":null}}],"line":77},"16":{"loc":{"start":{"line":84,"column":7},"end":{"line":105,"column":null}},"type":"binary-expr","locations":[{"start":{"line":84,"column":7},"end":{"line":84,"column":null}},{"start":{"line":85,"column":8},"end":{"line":105,"column":null}}],"line":84},"17":{"loc":{"start":{"line":94,"column":25},"end":{"line":94,"column":null}},"type":"cond-expr","locations":[{"start":{"line":94,"column":56},"end":{"line":94,"column":68}},{"start":{"line":94,"column":68},"end":{"line":94,"column":null}}],"line":94},"18":{"loc":{"start":{"line":101,"column":28},"end":{"line":101,"column":81}},"type":"cond-expr","locations":[{"start":{"line":101,"column":59},"end":{"line":101,"column":71}},{"start":{"line":101,"column":71},"end":{"line":101,"column":81}}],"line":101},"19":{"loc":{"start":{"line":109,"column":7},"end":{"line":124,"column":null}},"type":"binary-expr","locations":[{"start":{"line":109,"column":7},"end":{"line":109,"column":null}},{"start":{"line":110,"column":8},"end":{"line":124,"column":null}}],"line":109},"20":{"loc":{"start":{"line":121,"column":32},"end":{"line":121,"column":null}},"type":"cond-expr","locations":[{"start":{"line":121,"column":53},"end":{"line":121,"column":99}},{"start":{"line":121,"column":99},"end":{"line":121,"column":null}}],"line":121},"21":{"loc":{"start":{"line":122,"column":32},"end":{"line":122,"column":null}},"type":"cond-expr","locations":[{"start":{"line":122,"column":53},"end":{"line":122,"column":99}},{"start":{"line":122,"column":99},"end":{"line":122,"column":null}}],"line":122},"22":{"loc":{"start":{"line":128,"column":7},"end":{"line":168,"column":null}},"type":"binary-expr","locations":[{"start":{"line":128,"column":7},"end":{"line":128,"column":null}},{"start":{"line":129,"column":8},"end":{"line":168,"column":null}}],"line":128},"23":{"loc":{"start":{"line":136,"column":34},"end":{"line":136,"column":null}},"type":"cond-expr","locations":[{"start":{"line":136,"column":51},"end":{"line":136,"column":56}},{"start":{"line":136,"column":56},"end":{"line":136,"column":null}}],"line":136},"24":{"loc":{"start":{"line":137,"column":34},"end":{"line":137,"column":55}},"type":"cond-expr","locations":[{"start":{"line":137,"column":45},"end":{"line":137,"column":49}},{"start":{"line":137,"column":49},"end":{"line":137,"column":55}}],"line":137},"25":{"loc":{"start":{"line":161,"column":38},"end":{"line":161,"column":null}},"type":"cond-expr","locations":[{"start":{"line":161,"column":59},"end":{"line":161,"column":95}},{"start":{"line":161,"column":95},"end":{"line":161,"column":null}}],"line":161},"26":{"loc":{"start":{"line":162,"column":38},"end":{"line":162,"column":null}},"type":"cond-expr","locations":[{"start":{"line":162,"column":59},"end":{"line":162,"column":95}},{"start":{"line":162,"column":95},"end":{"line":162,"column":null}}],"line":162},"27":{"loc":{"start":{"line":172,"column":7},"end":{"line":188,"column":null}},"type":"binary-expr","locations":[{"start":{"line":172,"column":7},"end":{"line":172,"column":null}},{"start":{"line":173,"column":8},"end":{"line":188,"column":null}}],"line":172},"28":{"loc":{"start":{"line":184,"column":34},"end":{"line":184,"column":null}},"type":"cond-expr","locations":[{"start":{"line":184,"column":55},"end":{"line":184,"column":93}},{"start":{"line":184,"column":93},"end":{"line":184,"column":null}}],"line":184},"29":{"loc":{"start":{"line":185,"column":34},"end":{"line":185,"column":null}},"type":"cond-expr","locations":[{"start":{"line":185,"column":55},"end":{"line":185,"column":93}},{"start":{"line":185,"column":93},"end":{"line":185,"column":null}}],"line":185},"30":{"loc":{"start":{"line":192,"column":7},"end":{"line":232,"column":null}},"type":"binary-expr","locations":[{"start":{"line":192,"column":7},"end":{"line":192,"column":null}},{"start":{"line":193,"column":8},"end":{"line":232,"column":null}}],"line":192},"31":{"loc":{"start":{"line":196,"column":16},"end":{"line":198,"column":null}},"type":"cond-expr","locations":[{"start":{"line":197,"column":16},"end":{"line":197,"column":null}},{"start":{"line":198,"column":16},"end":{"line":198,"column":null}}],"line":196},"32":{"loc":{"start":{"line":209,"column":30},"end":{"line":209,"column":null}},"type":"cond-expr","locations":[{"start":{"line":209,"column":43},"end":{"line":209,"column":77}},{"start":{"line":209,"column":77},"end":{"line":209,"column":null}}],"line":209},"33":{"loc":{"start":{"line":209,"column":43},"end":{"line":209,"column":77}},"type":"cond-expr","locations":[{"start":{"line":209,"column":60},"end":{"line":209,"column":66}},{"start":{"line":209,"column":66},"end":{"line":209,"column":77}}],"line":209},"34":{"loc":{"start":{"line":210,"column":31},"end":{"line":210,"column":null}},"type":"cond-expr","locations":[{"start":{"line":210,"column":44},"end":{"line":210,"column":78}},{"start":{"line":210,"column":78},"end":{"line":210,"column":null}}],"line":210},"35":{"loc":{"start":{"line":210,"column":44},"end":{"line":210,"column":78}},"type":"cond-expr","locations":[{"start":{"line":210,"column":61},"end":{"line":210,"column":71}},{"start":{"line":210,"column":71},"end":{"line":210,"column":78}}],"line":210},"36":{"loc":{"start":{"line":211,"column":64},"end":{"line":211,"column":88}},"type":"cond-expr","locations":[{"start":{"line":211,"column":81},"end":{"line":211,"column":86}},{"start":{"line":211,"column":86},"end":{"line":211,"column":88}}],"line":211},"37":{"loc":{"start":{"line":211,"column":95},"end":{"line":211,"column":136}},"type":"cond-expr","locations":[{"start":{"line":211,"column":107},"end":{"line":211,"column":123}},{"start":{"line":211,"column":123},"end":{"line":211,"column":136}}],"line":211},"38":{"loc":{"start":{"line":212,"column":35},"end":{"line":212,"column":null}},"type":"cond-expr","locations":[{"start":{"line":212,"column":52},"end":{"line":212,"column":67}},{"start":{"line":212,"column":67},"end":{"line":212,"column":null}}],"line":212},"39":{"loc":{"start":{"line":213,"column":26},"end":{"line":213,"column":null}},"type":"cond-expr","locations":[{"start":{"line":213,"column":38},"end":{"line":213,"column":43}},{"start":{"line":213,"column":43},"end":{"line":213,"column":null}}],"line":213},"40":{"loc":{"start":{"line":226,"column":38},"end":{"line":226,"column":null}},"type":"cond-expr","locations":[{"start":{"line":226,"column":59},"end":{"line":226,"column":95}},{"start":{"line":226,"column":95},"end":{"line":226,"column":null}}],"line":226},"41":{"loc":{"start":{"line":227,"column":38},"end":{"line":227,"column":null}},"type":"cond-expr","locations":[{"start":{"line":227,"column":59},"end":{"line":227,"column":95}},{"start":{"line":227,"column":95},"end":{"line":227,"column":null}}],"line":227},"42":{"loc":{"start":{"line":236,"column":7},"end":{"line":237,"column":null}},"type":"binary-expr","locations":[{"start":{"line":236,"column":7},"end":{"line":236,"column":null}},{"start":{"line":237,"column":8},"end":{"line":237,"column":null}}],"line":236}},"s":{"0":0,"1":0,"2":0,"3":0,"4":0,"5":0,"6":0,"7":0,"8":0,"9":0,"10":0,"11":0,"12":0,"13":0,"14":0,"15":0,"16":0,"17":0,"18":0,"19":0,"20":0,"21":0,"22":0,"23":0,"24":0,"25":0,"26":0,"27":0,"28":0,"29":0,"30":0},"f":{"0":0,"1":0,"2":0,"3":0,"4":0,"5":0,"6":0,"7":0,"8":0,"9":0,"10":0,"11":0,"12":0,"13":0,"14":0,"15":0},"b":{"0":[0],"1":[0],"2":[0],"3":[0,0],"4":[0,0],"5":[0,0],"6":[0,0,0],"7":[0,0],"8":[0,0],"9":[0,0],"10":[0,0],"11":[0,0],"12":[0,0],"13":[0,0],"14":[0,0],"15":[0,0],"16":[0,0],"17":[0,0],"18":[0,0],"19":[0,0],"20":[0,0],"21":[0,0],"22":[0,0],"23":[0,0],"24":[0,0],"25":[0,0],"26":[0,0],"27":[0,0],"28":[0,0],"29":[0,0],"30":[0,0],"31":[0,0],"32":[0,0],"33":[0,0],"34":[0,0],"35":[0,0],"36":[0,0],"37":[0,0],"38":[0,0],"39":[0,0],"40":[0,0],"41":[0,0],"42":[0,0]},"meta":{"lastBranch":43,"lastFunction":16,"lastStatement":31,"seen":{"f:24:16:24:26":0,"b:33:17:33:Infinity":0,"b:35:26:35:Infinity":1,"b:36:23:36:Infinity":2,"s:41:8:41:Infinity":0,"s:42:29:42:Infinity":1,"s:45:40:45:Infinity":2,"s:46:24:46:Infinity":3,"s:49:25:49:Infinity":4,"b:49:25:49:42:49:42:49:Infinity":3,"s:50:25:51:Infinity":5,"f:50:25:50:26":1,"s:51:4:51:Infinity":6,"b:51:4:51:22:51:22:51:Infinity":4,"b:51:39:51:68:51:68:51:Infinity":5,"s:53:21:53:Infinity":7,"b:53:21:53:38:53:38:53:63:53:63:53:Infinity":6,"s:54:32:54:Infinity":8,"b:54:32:54:48:54:48:54:Infinity":7,"s:55:24:55:Infinity":9,"b:55:24:55:34:55:34:55:Infinity":8,"s:57:2:239:Infinity":10,"b:63:26:63:60:63:60:63:73":9,"b:64:23:64:41:64:41:64:56":10,"b:73:42:73:61:73:61:73:Infinity":11,"b:74:36:74:45:74:45:74:Infinity":12,"b:75:39:75:47:75:47:75:Infinity":13,"b:76:37:76:46:76:46:76:Infinity":14,"b:77:38:77:46:77:46:77:Infinity":15,"b:84:7:84:Infinity:85:8:105:Infinity":16,"b:94:56:94:68:94:68:94:Infinity":17,"b:101:59:101:71:101:71:101:81":18,"b:109:7:109:Infinity:110:8:124:Infinity":19,"f:117:21:117:27":2,"s:117:27:117:Infinity":11,"b:121:53:121:99:121:99:121:Infinity":20,"f:121:53:121:59":3,"s:121:59:121:99":12,"b:122:53:122:99:122:99:122:Infinity":21,"f:122:53:122:59":4,"s:122:59:122:99":13,"b:128:7:128:Infinity:129:8:168:Infinity":22,"f:131:28:131:29":5,"s:133:31:133:Infinity":14,"s:136:34:136:Infinity":15,"b:136:51:136:56:136:56:136:Infinity":23,"s:137:20:137:Infinity":16,"b:137:45:137:49:137:49:137:55":24,"s:138:28:138:Infinity":17,"s:139:28:139:Infinity":18,"s:140:14:164:Infinity":19,"f:157:27:157:33":6,"s:157:33:157:Infinity":20,"b:161:59:161:95:161:95:161:Infinity":25,"f:161:59:161:65":7,"s:161:65:161:95":21,"b:162:59:162:95:162:95:162:Infinity":26,"f:162:59:162:65":8,"s:162:65:162:95":22,"b:172:7:172:Infinity:173:8:188:Infinity":27,"f:180:23:180:29":9,"s:180:29:180:Infinity":23,"b:184:55:184:93:184:93:184:Infinity":28,"f:184:55:184:61":10,"s:184:61:184:93":24,"b:185:55:185:93:185:93:185:Infinity":29,"f:185:55:185:61":11,"s:185:61:185:93":25,"b:192:7:192:Infinity:193:8:232:Infinity":30,"b:197:16:197:Infinity:198:16:198:Infinity":31,"f:203:31:203:32":12,"s:204:30:204:Infinity":26,"s:205:12:229:Infinity":27,"b:209:43:209:77:209:77:209:Infinity":32,"b:209:60:209:66:209:66:209:77":33,"b:210:44:210:78:210:78:210:Infinity":34,"b:210:61:210:71:210:71:210:78":35,"b:211:81:211:86:211:86:211:88":36,"b:211:107:211:123:211:123:211:136":37,"b:212:52:212:67:212:67:212:Infinity":38,"b:213:38:213:43:213:43:213:Infinity":39,"f:222:27:222:33":13,"s:222:33:222:Infinity":28,"b:226:59:226:95:226:95:226:Infinity":40,"f:226:59:226:65":14,"s:226:65:226:95":29,"b:227:59:227:95:227:95:227:Infinity":41,"f:227:59:227:65":15,"s:227:65:227:95":30,"b:236:7:236:Infinity:237:8:237:Infinity":42}}}
,"/Users/ccelson/Development/Sorcery/src/components/Board/BoardVertex.tsx": {"path":"/Users/ccelson/Development/Sorcery/src/components/Board/BoardVertex.tsx","statementMap":{"0":{"start":{"line":28,"column":8},"end":{"line":28,"column":null}},"1":{"start":{"line":29,"column":29},"end":{"line":29,"column":null}},"2":{"start":{"line":32,"column":40},"end":{"line":32,"column":null}},"3":{"start":{"line":33,"column":24},"end":{"line":33,"column":null}},"4":{"start":{"line":36,"column":25},"end":{"line":36,"column":null}},"5":{"start":{"line":37,"column":25},"end":{"line":38,"column":null}},"6":{"start":{"line":38,"column":4},"end":{"line":38,"column":null}},"7":{"start":{"line":41,"column":21},"end":{"line":41,"column":null}},"8":{"start":{"line":42,"column":2},"end":{"line":47,"column":null}},"9":{"start":{"line":43,"column":4},"end":{"line":46,"column":null}},"10":{"start":{"line":44,"column":6},"end":{"line":44,"column":null}},"11":{"start":{"line":45,"column":6},"end":{"line":45,"column":null}},"12":{"start":{"line":49,"column":2},"end":{"line":82,"column":null}},"13":{"start":{"line":61,"column":8},"end":{"line":80,"column":null}},"14":{"start":{"line":76,"column":27},"end":{"line":76,"column":null}}},"fnMap":{"0":{"name":"BoardVertex","decl":{"start":{"line":18,"column":16},"end":{"line":18,"column":28}},"loc":{"start":{"line":27,"column":21},"end":{"line":84,"column":null}},"line":27},"1":{"name":"(anonymous_1)","decl":{"start":{"line":37,"column":25},"end":{"line":37,"column":26}},"loc":{"start":{"line":38,"column":4},"end":{"line":38,"column":null}},"line":38},"2":{"name":"(anonymous_2)","decl":{"start":{"line":42,"column":18},"end":{"line":42,"column":24}},"loc":{"start":{"line":42,"column":24},"end":{"line":47,"column":5}},"line":42},"3":{"name":"(anonymous_3)","decl":{"start":{"line":60,"column":17},"end":{"line":60,"column":18}},"loc":{"start":{"line":61,"column":8},"end":{"line":80,"column":null}},"line":61},"4":{"name":"(anonymous_4)","decl":{"start":{"line":76,"column":21},"end":{"line":76,"column":27}},"loc":{"start":{"line":76,"column":27},"end":{"line":76,"column":null}},"line":76}},"branchMap":{"0":{"loc":{"start":{"line":36,"column":25},"end":{"line":36,"column":null}},"type":"binary-expr","locations":[{"start":{"line":36,"column":25},"end":{"line":36,"column":42}},{"start":{"line":36,"column":42},"end":{"line":36,"column":null}}],"line":36},"1":{"loc":{"start":{"line":38,"column":4},"end":{"line":38,"column":null}},"type":"binary-expr","locations":[{"start":{"line":38,"column":4},"end":{"line":38,"column":22}},{"start":{"line":38,"column":22},"end":{"line":38,"column":null}}],"line":38},"2":{"loc":{"start":{"line":38,"column":22},"end":{"line":38,"column":null}},"type":"cond-expr","locations":[{"start":{"line":38,"column":39},"end":{"line":38,"column":68}},{"start":{"line":38,"column":68},"end":{"line":38,"column":null}}],"line":38},"3":{"loc":{"start":{"line":43,"column":4},"end":{"line":46,"column":null}},"type":"if","locations":[{"start":{"line":43,"column":4},"end":{"line":46,"column":null}},{"start":{},"end":{}}],"line":43},"4":{"loc":{"start":{"line":45,"column":22},"end":{"line":45,"column":40}},"type":"cond-expr","locations":[{"start":{"line":45,"column":31},"end":{"line":45,"column":36}},{"start":{"line":45,"column":36},"end":{"line":45,"column":40}}],"line":45}},"s":{"0":0,"1":0,"2":0,"3":0,"4":0,"5":0,"6":0,"7":0,"8":0,"9":0,"10":0,"11":0,"12":0,"13":0,"14":0},"f":{"0":0,"1":0,"2":0,"3":0,"4":0},"b":{"0":[0,0],"1":[0,0],"2":[0,0],"3":[0,0],"4":[0,0]},"meta":{"lastBranch":5,"lastFunction":5,"lastStatement":15,"seen":{"f:18:16:18:28":0,"s:28:8:28:Infinity":0,"s:29:29:29:Infinity":1,"s:32:40:32:Infinity":2,"s:33:24:33:Infinity":3,"s:36:25:36:Infinity":4,"b:36:25:36:42:36:42:36:Infinity":0,"s:37:25:38:Infinity":5,"f:37:25:37:26":1,"s:38:4:38:Infinity":6,"b:38:4:38:22:38:22:38:Infinity":1,"b:38:39:38:68:38:68:38:Infinity":2,"s:41:21:41:Infinity":7,"s:42:2:47:Infinity":8,"f:42:18:42:24":2,"b:43:4:46:Infinity:undefined:undefined:undefined:undefined":3,"s:43:4:46:Infinity":9,"s:44:6:44:Infinity":10,"s:45:6:45:Infinity":11,"b:45:31:45:36:45:36:45:40":4,"s:49:2:82:Infinity":12,"f:60:17:60:18":3,"s:61:8:80:Infinity":13,"f:76:21:76:27":4,"s:76:27:76:Infinity":14}}}
,"/Users/ccelson/Development/Sorcery/src/components/Board/CardContextMenu.tsx": {"path":"/Users/ccelson/Development/Sorcery/src/components/Board/CardContextMenu.tsx","statementMap":{"0":{"start":{"line":13,"column":8},"end":{"line":13,"column":null}},"1":{"start":{"line":14,"column":30},"end":{"line":14,"column":null}},"2":{"start":{"line":16,"column":2},"end":{"line":36,"column":null}},"3":{"start":{"line":17,"column":31},"end":{"line":21,"column":null}},"4":{"start":{"line":18,"column":6},"end":{"line":20,"column":null}},"5":{"start":{"line":19,"column":8},"end":{"line":19,"column":null}},"6":{"start":{"line":23,"column":25},"end":{"line":27,"column":null}},"7":{"start":{"line":24,"column":6},"end":{"line":26,"column":null}},"8":{"start":{"line":25,"column":8},"end":{"line":25,"column":null}},"9":{"start":{"line":29,"column":4},"end":{"line":29,"column":null}},"10":{"start":{"line":30,"column":4},"end":{"line":30,"column":null}},"11":{"start":{"line":32,"column":4},"end":{"line":35,"column":null}},"12":{"start":{"line":33,"column":6},"end":{"line":33,"column":null}},"13":{"start":{"line":34,"column":6},"end":{"line":34,"column":null}},"14":{"start":{"line":39,"column":2},"end":{"line":56,"column":null}},"15":{"start":{"line":40,"column":4},"end":{"line":55,"column":null}},"16":{"start":{"line":41,"column":19},"end":{"line":41,"column":null}},"17":{"start":{"line":42,"column":17},"end":{"line":42,"column":null}},"18":{"start":{"line":43,"column":17},"end":{"line":43,"column":null}},"19":{"start":{"line":45,"column":6},"end":{"line":47,"column":null}},"20":{"start":{"line":46,"column":8},"end":{"line":46,"column":null}},"21":{"start":{"line":48,"column":6},"end":{"line":50,"column":null}},"22":{"start":{"line":49,"column":8},"end":{"line":49,"column":null}},"23":{"start":{"line":52,"column":6},"end":{"line":54,"column":null}},"24":{"start":{"line":53,"column":8},"end":{"line":53,"column":null}},"25":{"start":{"line":58,"column":43},"end":{"line":68,"column":null}},"26":{"start":{"line":70,"column":2},"end":{"line":110,"column":null}},"27":{"start":{"line":88,"column":10},"end":{"line":88,"column":null}},"28":{"start":{"line":89,"column":10},"end":{"line":89,"column":null}},"29":{"start":{"line":92,"column":28},"end":{"line":92,"column":null}},"30":{"start":{"line":93,"column":28},"end":{"line":93,"column":null}},"31":{"start":{"line":100,"column":12},"end":{"line":100,"column":null}},"32":{"start":{"line":101,"column":12},"end":{"line":101,"column":null}},"33":{"start":{"line":104,"column":30},"end":{"line":104,"column":null}},"34":{"start":{"line":105,"column":30},"end":{"line":105,"column":null}}},"fnMap":{"0":{"name":"CardContextMenu","decl":{"start":{"line":12,"column":16},"end":{"line":12,"column":32}},"loc":{"start":{"line":12,"column":116},"end":{"line":112,"column":null}},"line":12},"1":{"name":"(anonymous_1)","decl":{"start":{"line":16,"column":12},"end":{"line":16,"column":18}},"loc":{"start":{"line":16,"column":18},"end":{"line":36,"column":5}},"line":16},"2":{"name":"(anonymous_2)","decl":{"start":{"line":17,"column":31},"end":{"line":17,"column":32}},"loc":{"start":{"line":17,"column":50},"end":{"line":21,"column":null}},"line":17},"3":{"name":"(anonymous_3)","decl":{"start":{"line":23,"column":25},"end":{"line":23,"column":26}},"loc":{"start":{"line":23,"column":47},"end":{"line":27,"column":null}},"line":23},"4":{"name":"(anonymous_4)","decl":{"start":{"line":32,"column":11},"end":{"line":32,"column":17}},"loc":{"start":{"line":32,"column":17},"end":{"line":35,"column":null}},"line":32},"5":{"name":"(anonymous_5)","decl":{"start":{"line":39,"column":12},"end":{"line":39,"column":18}},"loc":{"start":{"line":39,"column":18},"end":{"line":56,"column":5}},"line":39},"6":{"name":"(anonymous_6)","decl":{"start":{"line":87,"column":17},"end":{"line":87,"column":23}},"loc":{"start":{"line":87,"column":23},"end":{"line":90,"column":null}},"line":87},"7":{"name":"(anonymous_7)","decl":{"start":{"line":92,"column":22},"end":{"line":92,"column":28}},"loc":{"start":{"line":92,"column":28},"end":{"line":92,"column":null}},"line":92},"8":{"name":"(anonymous_8)","decl":{"start":{"line":93,"column":22},"end":{"line":93,"column":28}},"loc":{"start":{"line":93,"column":28},"end":{"line":93,"column":null}},"line":93},"9":{"name":"(anonymous_9)","decl":{"start":{"line":99,"column":19},"end":{"line":99,"column":25}},"loc":{"start":{"line":99,"column":25},"end":{"line":102,"column":null}},"line":99},"10":{"name":"(anonymous_10)","decl":{"start":{"line":104,"column":24},"end":{"line":104,"column":30}},"loc":{"start":{"line":104,"column":30},"end":{"line":104,"column":null}},"line":104},"11":{"name":"(anonymous_11)","decl":{"start":{"line":105,"column":24},"end":{"line":105,"column":30}},"loc":{"start":{"line":105,"column":30},"end":{"line":105,"column":null}},"line":105}},"branchMap":{"0":{"loc":{"start":{"line":18,"column":6},"end":{"line":20,"column":null}},"type":"if","locations":[{"start":{"line":18,"column":6},"end":{"line":20,"column":null}},{"start":{},"end":{}}],"line":18},"1":{"loc":{"start":{"line":18,"column":10},"end":{"line":18,"column":74}},"type":"binary-expr","locations":[{"start":{"line":18,"column":10},"end":{"line":18,"column":29}},{"start":{"line":18,"column":29},"end":{"line":18,"column":74}}],"line":18},"2":{"loc":{"start":{"line":24,"column":6},"end":{"line":26,"column":null}},"type":"if","locations":[{"start":{"line":24,"column":6},"end":{"line":26,"column":null}},{"start":{},"end":{}}],"line":24},"3":{"loc":{"start":{"line":40,"column":4},"end":{"line":55,"column":null}},"type":"if","locations":[{"start":{"line":40,"column":4},"end":{"line":55,"column":null}},{"start":{},"end":{}}],"line":40},"4":{"loc":{"start":{"line":45,"column":6},"end":{"line":47,"column":null}},"type":"if","locations":[{"start":{"line":45,"column":6},"end":{"line":47,"column":null}},{"start":{},"end":{}}],"line":45},"5":{"loc":{"start":{"line":48,"column":6},"end":{"line":50,"column":null}},"type":"if","locations":[{"start":{"line":48,"column":6},"end":{"line":50,"column":null}},{"start":{},"end":{}}],"line":48},"6":{"loc":{"start":{"line":52,"column":6},"end":{"line":54,"column":null}},"type":"if","locations":[{"start":{"line":52,"column":6},"end":{"line":54,"column":null}},{"start":{},"end":{}}],"line":52},"7":{"loc":{"start":{"line":52,"column":10},"end":{"line":52,"column":36}},"type":"binary-expr","locations":[{"start":{"line":52,"column":10},"end":{"line":52,"column":24}},{"start":{"line":52,"column":24},"end":{"line":52,"column":36}}],"line":52},"8":{"loc":{"start":{"line":97,"column":7},"end":{"line":108,"column":null}},"type":"binary-expr","locations":[{"start":{"line":97,"column":7},"end":{"line":97,"column":null}},{"start":{"line":98,"column":8},"end":{"line":108,"column":null}}],"line":97}},"s":{"0":0,"1":0,"2":0,"3":0,"4":0,"5":0,"6":0,"7":0,"8":0,"9":0,"10":0,"11":0,"12":0,"13":0,"14":0,"15":0,"16":0,"17":0,"18":0,"19":0,"20":0,"21":0,"22":0,"23":0,"24":0,"25":0,"26":0,"27":0,"28":0,"29":0,"30":0,"31":0,"32":0,"33":0,"34":0},"f":{"0":0,"1":0,"2":0,"3":0,"4":0,"5":0,"6":0,"7":0,"8":0,"9":0,"10":0,"11":0},"b":{"0":[0,0],"1":[0,0],"2":[0,0],"3":[0,0],"4":[0,0],"5":[0,0],"6":[0,0],"7":[0,0],"8":[0,0]},"meta":{"lastBranch":9,"lastFunction":12,"lastStatement":35,"seen":{"f:12:16:12:32":0,"s:13:8:13:Infinity":0,"s:14:30:14:Infinity":1,"s:16:2:36:Infinity":2,"f:16:12:16:18":1,"s:17:31:21:Infinity":3,"f:17:31:17:32":2,"b:18:6:20:Infinity:undefined:undefined:undefined:undefined":0,"s:18:6:20:Infinity":4,"b:18:10:18:29:18:29:18:74":1,"s:19:8:19:Infinity":5,"s:23:25:27:Infinity":6,"f:23:25:23:26":3,"b:24:6:26:Infinity:undefined:undefined:undefined:undefined":2,"s:24:6:26:Infinity":7,"s:25:8:25:Infinity":8,"s:29:4:29:Infinity":9,"s:30:4:30:Infinity":10,"s:32:4:35:Infinity":11,"f:32:11:32:17":4,"s:33:6:33:Infinity":12,"s:34:6:34:Infinity":13,"s:39:2:56:Infinity":14,"f:39:12:39:18":5,"b:40:4:55:Infinity:undefined:undefined:undefined:undefined":3,"s:40:4:55:Infinity":15,"s:41:19:41:Infinity":16,"s:42:17:42:Infinity":17,"s:43:17:43:Infinity":18,"b:45:6:47:Infinity:undefined:undefined:undefined:undefined":4,"s:45:6:47:Infinity":19,"s:46:8:46:Infinity":20,"b:48:6:50:Infinity:undefined:undefined:undefined:undefined":5,"s:48:6:50:Infinity":21,"s:49:8:49:Infinity":22,"b:52:6:54:Infinity:undefined:undefined:undefined:undefined":6,"s:52:6:54:Infinity":23,"b:52:10:52:24:52:24:52:36":7,"s:53:8:53:Infinity":24,"s:58:43:68:Infinity":25,"s:70:2:110:Infinity":26,"f:87:17:87:23":6,"s:88:10:88:Infinity":27,"s:89:10:89:Infinity":28,"f:92:22:92:28":7,"s:92:28:92:Infinity":29,"f:93:22:93:28":8,"s:93:28:93:Infinity":30,"b:97:7:97:Infinity:98:8:108:Infinity":8,"f:99:19:99:25":9,"s:100:12:100:Infinity":31,"s:101:12:101:Infinity":32,"f:104:24:104:30":10,"s:104:30:104:Infinity":33,"f:105:24:105:30":11,"s:105:30:105:Infinity":34}}}
,"/Users/ccelson/Development/Sorcery/src/components/Board/DraggableBoardCard.tsx": {"path":"/Users/ccelson/Development/Sorcery/src/components/Board/DraggableBoardCard.tsx","statementMap":{"0":{"start":{"line":34,"column":40},"end":{"line":34,"column":null}},"1":{"start":{"line":35,"column":24},"end":{"line":35,"column":null}},"2":{"start":{"line":36,"column":19},"end":{"line":36,"column":null}},"3":{"start":{"line":37,"column":18},"end":{"line":37,"column":null}},"4":{"start":{"line":39,"column":67},"end":{"line":43,"column":null}},"5":{"start":{"line":46,"column":24},"end":{"line":46,"column":null}},"6":{"start":{"line":47,"column":16},"end":{"line":54,"column":null}},"7":{"start":{"line":56,"column":2},"end":{"line":85,"column":null}},"8":{"start":{"line":67,"column":8},"end":{"line":70,"column":null}},"9":{"start":{"line":68,"column":10},"end":{"line":68,"column":null}},"10":{"start":{"line":69,"column":10},"end":{"line":69,"column":null}},"11":{"start":{"line":80,"column":28},"end":{"line":80,"column":null}},"12":{"start":{"line":81,"column":28},"end":{"line":81,"column":null}}},"fnMap":{"0":{"name":"DraggableBoardCard","decl":{"start":{"line":20,"column":16},"end":{"line":20,"column":35}},"loc":{"start":{"line":32,"column":28},"end":{"line":87,"column":null}},"line":32},"1":{"name":"(anonymous_1)","decl":{"start":{"line":66,"column":21},"end":{"line":66,"column":22}},"loc":{"start":{"line":66,"column":28},"end":{"line":71,"column":null}},"line":66},"2":{"name":"(anonymous_2)","decl":{"start":{"line":80,"column":22},"end":{"line":80,"column":28}},"loc":{"start":{"line":80,"column":28},"end":{"line":80,"column":null}},"line":80},"3":{"name":"(anonymous_3)","decl":{"start":{"line":81,"column":22},"end":{"line":81,"column":28}},"loc":{"start":{"line":81,"column":28},"end":{"line":81,"column":null}},"line":81}},"branchMap":{"0":{"loc":{"start":{"line":28,"column":2},"end":{"line":28,"column":null}},"type":"default-arg","locations":[{"start":{"line":28,"column":19},"end":{"line":28,"column":null}}],"line":28},"1":{"loc":{"start":{"line":37,"column":18},"end":{"line":37,"column":null}},"type":"binary-expr","locations":[{"start":{"line":37,"column":18},"end":{"line":37,"column":36}},{"start":{"line":37,"column":36},"end":{"line":37,"column":null}}],"line":37},"2":{"loc":{"start":{"line":46,"column":24},"end":{"line":46,"column":null}},"type":"cond-expr","locations":[{"start":{"line":46,"column":41},"end":{"line":46,"column":60}},{"start":{"line":46,"column":60},"end":{"line":46,"column":null}}],"line":46},"3":{"loc":{"start":{"line":47,"column":16},"end":{"line":54,"column":null}},"type":"cond-expr","locations":[{"start":{"line":48,"column":6},"end":{"line":51,"column":null}},{"start":{"line":52,"column":6},"end":{"line":54,"column":null}}],"line":47},"4":{"loc":{"start":{"line":50,"column":16},"end":{"line":50,"column":null}},"type":"cond-expr","locations":[{"start":{"line":50,"column":29},"end":{"line":50,"column":36}},{"start":{"line":50,"column":36},"end":{"line":50,"column":null}}],"line":50},"5":{"loc":{"start":{"line":52,"column":6},"end":{"line":54,"column":null}},"type":"cond-expr","locations":[{"start":{"line":53,"column":6},"end":{"line":53,"column":null}},{"start":{"line":54,"column":6},"end":{"line":54,"column":null}}],"line":52},"6":{"loc":{"start":{"line":64,"column":10},"end":{"line":64,"column":67}},"type":"cond-expr","locations":[{"start":{"line":64,"column":23},"end":{"line":64,"column":54}},{"start":{"line":64,"column":54},"end":{"line":64,"column":67}}],"line":64},"7":{"loc":{"start":{"line":67,"column":8},"end":{"line":70,"column":null}},"type":"if","locations":[{"start":{"line":67,"column":8},"end":{"line":70,"column":null}},{"start":{},"end":{}}],"line":67}},"s":{"0":0,"1":0,"2":0,"3":0,"4":0,"5":0,"6":0,"7":0,"8":0,"9":0,"10":0,"11":0,"12":0},"f":{"0":0,"1":0,"2":0,"3":0},"b":{"0":[0],"1":[0,0],"2":[0,0],"3":[0,0],"4":[0,0],"5":[0,0],"6":[0,0],"7":[0,0]},"meta":{"lastBranch":8,"lastFunction":4,"lastStatement":13,"seen":{"f:20:16:20:35":0,"b:28:19:28:Infinity":0,"s:34:40:34:Infinity":0,"s:35:24:35:Infinity":1,"s:36:19:36:Infinity":2,"s:37:18:37:Infinity":3,"b:37:18:37:36:37:36:37:Infinity":1,"s:39:67:43:Infinity":4,"s:46:24:46:Infinity":5,"b:46:41:46:60:46:60:46:Infinity":2,"s:47:16:54:Infinity":6,"b:48:6:51:Infinity:52:6:54:Infinity":3,"b:50:29:50:36:50:36:50:Infinity":4,"b:53:6:53:Infinity:54:6:54:Infinity":5,"s:56:2:85:Infinity":7,"b:64:23:64:54:64:54:64:67":6,"f:66:21:66:22":1,"b:67:8:70:Infinity:undefined:undefined:undefined:undefined":7,"s:67:8:70:Infinity":8,"s:68:10:68:Infinity":9,"s:69:10:69:Infinity":10,"f:80:22:80:28":2,"s:80:28:80:Infinity":11,"f:81:22:81:28":3,"s:81:28:81:Infinity":12}}}
,"/Users/ccelson/Development/Sorcery/src/components/Card/Card.tsx": {"path":"/Users/ccelson/Development/Sorcery/src/components/Card/Card.tsx","statementMap":{"0":{"start":{"line":17,"column":14},"end":{"line":22,"column":null}},"1":{"start":{"line":24,"column":24},"end":{"line":29,"column":null}},"2":{"start":{"line":31,"column":43},"end":{"line":38,"column":null}},"3":{"start":{"line":52,"column":34},"end":{"line":52,"column":null}},"4":{"start":{"line":53,"column":19},"end":{"line":53,"column":null}},"5":{"start":{"line":54,"column":17},"end":{"line":54,"column":null}},"6":{"start":{"line":55,"column":19},"end":{"line":55,"column":null}},"7":{"start":{"line":59,"column":28},"end":{"line":59,"column":null}},"8":{"start":{"line":60,"column":19},"end":{"line":60,"column":null}},"9":{"start":{"line":61,"column":18},"end":{"line":61,"column":null}},"10":{"start":{"line":64,"column":24},"end":{"line":64,"column":null}},"11":{"start":{"line":66,"column":2},"end":{"line":168,"column":null}},"12":{"start":{"line":101,"column":25},"end":{"line":101,"column":null}},"13":{"start":{"line":151,"column":12},"end":{"line":151,"column":null}},"14":{"start":{"line":151,"column":60},"end":{"line":151,"column":null}},"15":{"start":{"line":152,"column":12},"end":{"line":152,"column":null}},"16":{"start":{"line":154,"column":25},"end":{"line":154,"column":null}},"17":{"start":{"line":155,"column":27},"end":{"line":155,"column":null}},"18":{"start":{"line":156,"column":30},"end":{"line":156,"column":null}},"19":{"start":{"line":157,"column":12},"end":{"line":161,"column":null}},"20":{"start":{"line":158,"column":14},"end":{"line":158,"column":null}},"21":{"start":{"line":159,"column":12},"end":{"line":161,"column":null}},"22":{"start":{"line":160,"column":14},"end":{"line":160,"column":null}}},"fnMap":{"0":{"name":"Card","decl":{"start":{"line":40,"column":16},"end":{"line":40,"column":21}},"loc":{"start":{"line":51,"column":14},"end":{"line":170,"column":null}},"line":51},"1":{"name":"(anonymous_1)","decl":{"start":{"line":101,"column":19},"end":{"line":101,"column":25}},"loc":{"start":{"line":101,"column":25},"end":{"line":101,"column":null}},"line":101},"2":{"name":"(anonymous_2)","decl":{"start":{"line":150,"column":19},"end":{"line":150,"column":20}},"loc":{"start":{"line":150,"column":26},"end":{"line":162,"column":null}},"line":150}},"branchMap":{"0":{"loc":{"start":{"line":45,"column":2},"end":{"line":45,"column":null}},"type":"default-arg","locations":[{"start":{"line":45,"column":15},"end":{"line":45,"column":null}}],"line":45},"1":{"loc":{"start":{"line":46,"column":2},"end":{"line":46,"column":null}},"type":"default-arg","locations":[{"start":{"line":46,"column":14},"end":{"line":46,"column":null}}],"line":46},"2":{"loc":{"start":{"line":47,"column":2},"end":{"line":47,"column":null}},"type":"default-arg","locations":[{"start":{"line":47,"column":9},"end":{"line":47,"column":null}}],"line":47},"3":{"loc":{"start":{"line":48,"column":2},"end":{"line":48,"column":null}},"type":"default-arg","locations":[{"start":{"line":48,"column":21},"end":{"line":48,"column":null}}],"line":48},"4":{"loc":{"start":{"line":59,"column":28},"end":{"line":59,"column":null}},"type":"binary-expr","locations":[{"start":{"line":59,"column":28},"end":{"line":59,"column":48}},{"start":{"line":59,"column":48},"end":{"line":59,"column":null}}],"line":59},"5":{"loc":{"start":{"line":60,"column":19},"end":{"line":60,"column":null}},"type":"cond-expr","locations":[{"start":{"line":60,"column":39},"end":{"line":60,"column":63}},{"start":{"line":60,"column":63},"end":{"line":60,"column":null}}],"line":60},"6":{"loc":{"start":{"line":61,"column":18},"end":{"line":61,"column":null}},"type":"binary-expr","locations":[{"start":{"line":61,"column":18},"end":{"line":61,"column":42}},{"start":{"line":61,"column":42},"end":{"line":61,"column":null}}],"line":61},"7":{"loc":{"start":{"line":64,"column":24},"end":{"line":64,"column":null}},"type":"cond-expr","locations":[{"start":{"line":64,"column":33},"end":{"line":64,"column":51}},{"start":{"line":64,"column":51},"end":{"line":64,"column":null}}],"line":64},"8":{"loc":{"start":{"line":70,"column":10},"end":{"line":70,"column":87}},"type":"cond-expr","locations":[{"start":{"line":70,"column":23},"end":{"line":70,"column":85}},{"start":{"line":70,"column":85},"end":{"line":70,"column":87}}],"line":70},"9":{"loc":{"start":{"line":71,"column":10},"end":{"line":71,"column":43}},"type":"cond-expr","locations":[{"start":{"line":71,"column":22},"end":{"line":71,"column":41}},{"start":{"line":71,"column":41},"end":{"line":71,"column":43}}],"line":71},"10":{"loc":{"start":{"line":72,"column":10},"end":{"line":72,"column":38}},"type":"cond-expr","locations":[{"start":{"line":72,"column":21},"end":{"line":72,"column":36}},{"start":{"line":72,"column":36},"end":{"line":72,"column":38}}],"line":72},"11":{"loc":{"start":{"line":80,"column":19},"end":{"line":80,"column":null}},"type":"cond-expr","locations":[{"start":{"line":80,"column":30},"end":{"line":80,"column":48}},{"start":{"line":80,"column":48},"end":{"line":80,"column":null}}],"line":80},"12":{"loc":{"start":{"line":84,"column":7},"end":{"line":118,"column":null}},"type":"cond-expr","locations":[{"start":{"line":85,"column":8},"end":{"line":102,"column":null}},{"start":{"line":104,"column":8},"end":{"line":118,"column":null}}],"line":84},"13":{"loc":{"start":{"line":90,"column":19},"end":{"line":90,"column":null}},"type":"cond-expr","locations":[{"start":{"line":90,"column":28},"end":{"line":90,"column":46}},{"start":{"line":90,"column":46},"end":{"line":90,"column":null}}],"line":90},"14":{"loc":{"start":{"line":91,"column":20},"end":{"line":91,"column":null}},"type":"cond-expr","locations":[{"start":{"line":91,"column":29},"end":{"line":91,"column":46}},{"start":{"line":91,"column":46},"end":{"line":91,"column":null}}],"line":91},"15":{"loc":{"start":{"line":95,"column":22},"end":{"line":95,"column":null}},"type":"cond-expr","locations":[{"start":{"line":95,"column":31},"end":{"line":95,"column":44}},{"start":{"line":95,"column":44},"end":{"line":95,"column":null}}],"line":95},"16":{"loc":{"start":{"line":96,"column":17},"end":{"line":96,"column":null}},"type":"cond-expr","locations":[{"start":{"line":96,"column":26},"end":{"line":96,"column":34}},{"start":{"line":96,"column":34},"end":{"line":96,"column":null}}],"line":96},"17":{"loc":{"start":{"line":97,"column":18},"end":{"line":97,"column":null}},"type":"cond-expr","locations":[{"start":{"line":97,"column":27},"end":{"line":97,"column":35}},{"start":{"line":97,"column":35},"end":{"line":97,"column":null}}],"line":97},"18":{"loc":{"start":{"line":98,"column":23},"end":{"line":98,"column":null}},"type":"cond-expr","locations":[{"start":{"line":98,"column":32},"end":{"line":98,"column":56}},{"start":{"line":98,"column":56},"end":{"line":98,"column":null}}],"line":98},"19":{"loc":{"start":{"line":99,"column":24},"end":{"line":99,"column":null}},"type":"cond-expr","locations":[{"start":{"line":99,"column":33},"end":{"line":99,"column":58}},{"start":{"line":99,"column":58},"end":{"line":99,"column":null}}],"line":99},"20":{"loc":{"start":{"line":110,"column":11},"end":{"line":111,"column":null}},"type":"binary-expr","locations":[{"start":{"line":110,"column":11},"end":{"line":110,"column":null}},{"start":{"line":111,"column":12},"end":{"line":111,"column":null}}],"line":110},"21":{"loc":{"start":{"line":113,"column":11},"end":{"line":116,"column":null}},"type":"binary-expr","locations":[{"start":{"line":113,"column":11},"end":{"line":113,"column":null}},{"start":{"line":114,"column":12},"end":{"line":116,"column":null}}],"line":113},"22":{"loc":{"start":{"line":121,"column":7},"end":{"line":126,"column":null}},"type":"binary-expr","locations":[{"start":{"line":121,"column":7},"end":{"line":121,"column":null}},{"start":{"line":122,"column":8},"end":{"line":126,"column":null}}],"line":121},"23":{"loc":{"start":{"line":129,"column":7},"end":{"line":132,"column":null}},"type":"binary-expr","locations":[{"start":{"line":129,"column":7},"end":{"line":129,"column":null}},{"start":{"line":130,"column":8},"end":{"line":132,"column":null}}],"line":129},"24":{"loc":{"start":{"line":136,"column":7},"end":{"line":166,"column":null}},"type":"binary-expr","locations":[{"start":{"line":136,"column":7},"end":{"line":136,"column":38}},{"start":{"line":136,"column":38},"end":{"line":136,"column":null}},{"start":{"line":137,"column":8},"end":{"line":166,"column":null}}],"line":136},"25":{"loc":{"start":{"line":140,"column":17},"end":{"line":140,"column":null}},"type":"cond-expr","locations":[{"start":{"line":140,"column":37},"end":{"line":140,"column":45}},{"start":{"line":140,"column":45},"end":{"line":140,"column":null}}],"line":140},"26":{"loc":{"start":{"line":141,"column":19},"end":{"line":141,"column":null}},"type":"cond-expr","locations":[{"start":{"line":141,"column":39},"end":{"line":141,"column":47}},{"start":{"line":141,"column":47},"end":{"line":141,"column":null}}],"line":141},"27":{"loc":{"start":{"line":142,"column":19},"end":{"line":142,"column":null}},"type":"cond-expr","locations":[{"start":{"line":142,"column":39},"end":{"line":142,"column":48}},{"start":{"line":142,"column":48},"end":{"line":142,"column":null}}],"line":142},"28":{"loc":{"start":{"line":142,"column":48},"end":{"line":142,"column":null}},"type":"cond-expr","locations":[{"start":{"line":142,"column":67},"end":{"line":142,"column":76}},{"start":{"line":142,"column":76},"end":{"line":142,"column":null}}],"line":142},"29":{"loc":{"start":{"line":143,"column":20},"end":{"line":143,"column":null}},"type":"cond-expr","locations":[{"start":{"line":143,"column":40},"end":{"line":143,"column":49}},{"start":{"line":143,"column":49},"end":{"line":143,"column":null}}],"line":143},"30":{"loc":{"start":{"line":143,"column":49},"end":{"line":143,"column":null}},"type":"cond-expr","locations":[{"start":{"line":143,"column":68},"end":{"line":143,"column":77}},{"start":{"line":143,"column":77},"end":{"line":143,"column":null}}],"line":143},"31":{"loc":{"start":{"line":144,"column":22},"end":{"line":144,"column":null}},"type":"cond-expr","locations":[{"start":{"line":144,"column":42},"end":{"line":144,"column":51}},{"start":{"line":144,"column":51},"end":{"line":144,"column":null}}],"line":144},"32":{"loc":{"start":{"line":144,"column":51},"end":{"line":144,"column":null}},"type":"cond-expr","locations":[{"start":{"line":144,"column":70},"end":{"line":144,"column":79}},{"start":{"line":144,"column":79},"end":{"line":144,"column":null}}],"line":144},"33":{"loc":{"start":{"line":148,"column":20},"end":{"line":148,"column":null}},"type":"cond-expr","locations":[{"start":{"line":148,"column":63},"end":{"line":148,"column":75}},{"start":{"line":148,"column":75},"end":{"line":148,"column":null}}],"line":148},"34":{"loc":{"start":{"line":148,"column":20},"end":{"line":148,"column":63}},"type":"binary-expr","locations":[{"start":{"line":148,"column":20},"end":{"line":148,"column":42}},{"start":{"line":148,"column":42},"end":{"line":148,"column":63}}],"line":148},"35":{"loc":{"start":{"line":151,"column":12},"end":{"line":151,"column":null}},"type":"if","locations":[{"start":{"line":151,"column":12},"end":{"line":151,"column":null}},{"start":{},"end":{}}],"line":151},"36":{"loc":{"start":{"line":151,"column":16},"end":{"line":151,"column":60}},"type":"binary-expr","locations":[{"start":{"line":151,"column":16},"end":{"line":151,"column":39}},{"start":{"line":151,"column":39},"end":{"line":151,"column":60}}],"line":151},"37":{"loc":{"start":{"line":157,"column":12},"end":{"line":161,"column":null}},"type":"if","locations":[{"start":{"line":157,"column":12},"end":{"line":161,"column":null}},{"start":{"line":159,"column":12},"end":{"line":161,"column":null}}],"line":157},"38":{"loc":{"start":{"line":157,"column":16},"end":{"line":157,"column":49}},"type":"binary-expr","locations":[{"start":{"line":157,"column":16},"end":{"line":157,"column":29}},{"start":{"line":157,"column":29},"end":{"line":157,"column":49}}],"line":157},"39":{"loc":{"start":{"line":159,"column":12},"end":{"line":161,"column":null}},"type":"if","locations":[{"start":{"line":159,"column":12},"end":{"line":161,"column":null}},{"start":{},"end":{}}],"line":159},"40":{"loc":{"start":{"line":159,"column":23},"end":{"line":159,"column":57}},"type":"binary-expr","locations":[{"start":{"line":159,"column":23},"end":{"line":159,"column":37}},{"start":{"line":159,"column":37},"end":{"line":159,"column":57}}],"line":159},"41":{"loc":{"start":{"line":163,"column":17},"end":{"line":163,"column":null}},"type":"cond-expr","locations":[{"start":{"line":163,"column":38},"end":{"line":163,"column":87}},{"start":{"line":163,"column":87},"end":{"line":163,"column":null}}],"line":163}},"s":{"0":0,"1":0,"2":0,"3":0,"4":0,"5":0,"6":0,"7":0,"8":0,"9":0,"10":0,"11":0,"12":0,"13":0,"14":0,"15":0,"16":0,"17":0,"18":0,"19":0,"20":0,"21":0,"22":0},"f":{"0":0,"1":0,"2":0},"b":{"0":[0],"1":[0],"2":[0],"3":[0],"4":[0,0],"5":[0,0],"6":[0,0],"7":[0,0],"8":[0,0],"9":[0,0],"10":[0,0],"11":[0,0],"12":[0,0],"13":[0,0],"14":[0,0],"15":[0,0],"16":[0,0],"17":[0,0],"18":[0,0],"19":[0,0],"20":[0,0],"21":[0,0],"22":[0,0],"23":[0,0],"24":[0,0,0],"25":[0,0],"26":[0,0],"27":[0,0],"28":[0,0],"29":[0,0],"30":[0,0],"31":[0,0],"32":[0,0],"33":[0,0],"34":[0,0],"35":[0,0],"36":[0,0],"37":[0,0],"38":[0,0],"39":[0,0],"40":[0,0],"41":[0,0]},"meta":{"lastBranch":42,"lastFunction":3,"lastStatement":23,"seen":{"s:17:14:22:Infinity":0,"s:24:24:29:Infinity":1,"s:31:43:38:Infinity":2,"f:40:16:40:21":0,"b:45:15:45:Infinity":0,"b:46:14:46:Infinity":1,"b:47:9:47:Infinity":2,"b:48:21:48:Infinity":3,"s:52:34:52:Infinity":3,"s:53:19:53:Infinity":4,"s:54:17:54:Infinity":5,"s:55:19:55:Infinity":6,"s:59:28:59:Infinity":7,"b:59:28:59:48:59:48:59:Infinity":4,"s:60:19:60:Infinity":8,"b:60:39:60:63:60:63:60:Infinity":5,"s:61:18:61:Infinity":9,"b:61:18:61:42:61:42:61:Infinity":6,"s:64:24:64:Infinity":10,"b:64:33:64:51:64:51:64:Infinity":7,"s:66:2:168:Infinity":11,"b:70:23:70:85:70:85:70:87":8,"b:71:22:71:41:71:41:71:43":9,"b:72:21:72:36:72:36:72:38":10,"b:80:30:80:48:80:48:80:Infinity":11,"b:85:8:102:Infinity:104:8:118:Infinity":12,"b:90:28:90:46:90:46:90:Infinity":13,"b:91:29:91:46:91:46:91:Infinity":14,"b:95:31:95:44:95:44:95:Infinity":15,"b:96:26:96:34:96:34:96:Infinity":16,"b:97:27:97:35:97:35:97:Infinity":17,"b:98:32:98:56:98:56:98:Infinity":18,"b:99:33:99:58:99:58:99:Infinity":19,"f:101:19:101:25":1,"s:101:25:101:Infinity":12,"b:110:11:110:Infinity:111:12:111:Infinity":20,"b:113:11:113:Infinity:114:12:116:Infinity":21,"b:121:7:121:Infinity:122:8:126:Infinity":22,"b:129:7:129:Infinity:130:8:132:Infinity":23,"b:136:7:136:38:136:38:136:Infinity:137:8:166:Infinity":24,"b:140:37:140:45:140:45:140:Infinity":25,"b:141:39:141:47:141:47:141:Infinity":26,"b:142:39:142:48:142:48:142:Infinity":27,"b:142:67:142:76:142:76:142:Infinity":28,"b:143:40:143:49:143:49:143:Infinity":29,"b:143:68:143:77:143:77:143:Infinity":30,"b:144:42:144:51:144:51:144:Infinity":31,"b:144:70:144:79:144:79:144:Infinity":32,"b:148:63:148:75:148:75:148:Infinity":33,"b:148:20:148:42:148:42:148:63":34,"f:150:19:150:20":2,"b:151:12:151:Infinity:undefined:undefined:undefined:undefined":35,"s:151:12:151:Infinity":13,"b:151:16:151:39:151:39:151:60":36,"s:151:60:151:Infinity":14,"s:152:12:152:Infinity":15,"s:154:25:154:Infinity":16,"s:155:27:155:Infinity":17,"s:156:30:156:Infinity":18,"b:157:12:161:Infinity:159:12:161:Infinity":37,"s:157:12:161:Infinity":19,"b:157:16:157:29:157:29:157:49":38,"s:158:14:158:Infinity":20,"b:159:12:161:Infinity:undefined:undefined:undefined:undefined":39,"s:159:12:161:Infinity":21,"b:159:23:159:37:159:37:159:57":40,"s:160:14:160:Infinity":22,"b:163:38:163:87:163:87:163:Infinity":41}}}
,"/Users/ccelson/Development/Sorcery/src/components/Card/CardBack.tsx": {"path":"/Users/ccelson/Development/Sorcery/src/components/Card/CardBack.tsx","statementMap":{"0":{"start":{"line":8,"column":14},"end":{"line":13,"column":null}},"1":{"start":{"line":16,"column":19},"end":{"line":16,"column":null}},"2":{"start":{"line":17,"column":8},"end":{"line":17,"column":null}},"3":{"start":{"line":19,"column":2},"end":{"line":38,"column":null}},"4":{"start":{"line":33,"column":25},"end":{"line":33,"column":null}},"5":{"start":{"line":34,"column":10},"end":{"line":34,"column":null}},"6":{"start":{"line":35,"column":10},"end":{"line":35,"column":null}}},"fnMap":{"0":{"name":"CardBack","decl":{"start":{"line":15,"column":16},"end":{"line":15,"column":25}},"loc":{"start":{"line":15,"column":71},"end":{"line":40,"column":null}},"line":15},"1":{"name":"(anonymous_1)","decl":{"start":{"line":31,"column":17},"end":{"line":31,"column":18}},"loc":{"start":{"line":31,"column":24},"end":{"line":36,"column":null}},"line":31}},"branchMap":{"0":{"loc":{"start":{"line":15,"column":27},"end":{"line":15,"column":44}},"type":"default-arg","locations":[{"start":{"line":15,"column":34},"end":{"line":15,"column":44}}],"line":15},"1":{"loc":{"start":{"line":17,"column":33},"end":{"line":17,"column":52}},"type":"binary-expr","locations":[{"start":{"line":17,"column":33},"end":{"line":17,"column":45}},{"start":{"line":17,"column":45},"end":{"line":17,"column":52}}],"line":17}},"s":{"0":0,"1":0,"2":0,"3":0,"4":0,"5":0,"6":0},"f":{"0":0,"1":0},"b":{"0":[0],"1":[0,0]},"meta":{"lastBranch":2,"lastFunction":2,"lastStatement":7,"seen":{"s:8:14:13:Infinity":0,"f:15:16:15:25":0,"b:15:34:15:44":0,"s:16:19:16:Infinity":1,"s:17:8:17:Infinity":2,"b:17:33:17:45:17:45:17:52":1,"s:19:2:38:Infinity":3,"f:31:17:31:18":1,"s:33:25:33:Infinity":4,"s:34:10:34:Infinity":5,"s:35:10:35:Infinity":6}}}
,"/Users/ccelson/Development/Sorcery/src/components/CardPreview/CardPreview.tsx": {"path":"/Users/ccelson/Development/Sorcery/src/components/CardPreview/CardPreview.tsx","statementMap":{"0":{"start":{"line":8,"column":43},"end":{"line":15,"column":null}},"1":{"start":{"line":18,"column":34},"end":{"line":18,"column":null}},"2":{"start":{"line":21,"column":2},"end":{"line":23,"column":null}},"3":{"start":{"line":22,"column":4},"end":{"line":22,"column":null}},"4":{"start":{"line":25,"column":2},"end":{"line":56,"column":null}},"5":{"start":{"line":26,"column":4},"end":{"line":54,"column":null}},"6":{"start":{"line":58,"column":32},"end":{"line":58,"column":null}},"7":{"start":{"line":59,"column":23},"end":{"line":59,"column":null}},"8":{"start":{"line":60,"column":18},"end":{"line":60,"column":null}},"9":{"start":{"line":61,"column":17},"end":{"line":61,"column":null}},"10":{"start":{"line":64,"column":24},"end":{"line":64,"column":null}},"11":{"start":{"line":65,"column":20},"end":{"line":65,"column":null}},"12":{"start":{"line":66,"column":21},"end":{"line":66,"column":null}},"13":{"start":{"line":68,"column":2},"end":{"line":129,"column":null}},"14":{"start":{"line":107,"column":27},"end":{"line":107,"column":null}}},"fnMap":{"0":{"name":"CardPreview","decl":{"start":{"line":17,"column":16},"end":{"line":17,"column":28}},"loc":{"start":{"line":17,"column":56},"end":{"line":131,"column":null}},"line":17},"1":{"name":"(anonymous_1)","decl":{"start":{"line":21,"column":12},"end":{"line":21,"column":18}},"loc":{"start":{"line":21,"column":18},"end":{"line":23,"column":5}},"line":21},"2":{"name":"(anonymous_2)","decl":{"start":{"line":107,"column":21},"end":{"line":107,"column":27}},"loc":{"start":{"line":107,"column":27},"end":{"line":107,"column":null}},"line":107}},"branchMap":{"0":{"loc":{"start":{"line":25,"column":2},"end":{"line":56,"column":null}},"type":"if","locations":[{"start":{"line":25,"column":2},"end":{"line":56,"column":null}},{"start":{},"end":{}}],"line":25},"1":{"loc":{"start":{"line":60,"column":18},"end":{"line":60,"column":null}},"type":"binary-expr","locations":[{"start":{"line":60,"column":18},"end":{"line":60,"column":47}},{"start":{"line":60,"column":47},"end":{"line":60,"column":null}}],"line":60},"2":{"loc":{"start":{"line":65,"column":20},"end":{"line":65,"column":null}},"type":"cond-expr","locations":[{"start":{"line":65,"column":29},"end":{"line":65,"column":35}},{"start":{"line":65,"column":35},"end":{"line":65,"column":null}}],"line":65},"3":{"loc":{"start":{"line":66,"column":21},"end":{"line":66,"column":null}},"type":"cond-expr","locations":[{"start":{"line":66,"column":30},"end":{"line":66,"column":36}},{"start":{"line":66,"column":36},"end":{"line":66,"column":null}}],"line":66},"4":{"loc":{"start":{"line":91,"column":9},"end":{"line":126,"column":null}},"type":"cond-expr","locations":[{"start":{"line":92,"column":10},"end":{"line":108,"column":null}},{"start":{"line":110,"column":10},"end":{"line":126,"column":null}}],"line":91},"5":{"loc":{"start":{"line":96,"column":21},"end":{"line":96,"column":null}},"type":"cond-expr","locations":[{"start":{"line":96,"column":30},"end":{"line":96,"column":43}},{"start":{"line":96,"column":43},"end":{"line":96,"column":null}}],"line":96},"6":{"loc":{"start":{"line":97,"column":22},"end":{"line":97,"column":null}},"type":"cond-expr","locations":[{"start":{"line":97,"column":31},"end":{"line":97,"column":43}},{"start":{"line":97,"column":43},"end":{"line":97,"column":null}}],"line":97},"7":{"loc":{"start":{"line":99,"column":25},"end":{"line":99,"column":null}},"type":"cond-expr","locations":[{"start":{"line":99,"column":34},"end":{"line":99,"column":52}},{"start":{"line":99,"column":52},"end":{"line":99,"column":null}}],"line":99},"8":{"loc":{"start":{"line":101,"column":24},"end":{"line":101,"column":null}},"type":"cond-expr","locations":[{"start":{"line":101,"column":33},"end":{"line":101,"column":46}},{"start":{"line":101,"column":46},"end":{"line":101,"column":null}}],"line":101},"9":{"loc":{"start":{"line":102,"column":19},"end":{"line":102,"column":null}},"type":"cond-expr","locations":[{"start":{"line":102,"column":28},"end":{"line":102,"column":36}},{"start":{"line":102,"column":36},"end":{"line":102,"column":null}}],"line":102},"10":{"loc":{"start":{"line":103,"column":20},"end":{"line":103,"column":null}},"type":"cond-expr","locations":[{"start":{"line":103,"column":29},"end":{"line":103,"column":37}},{"start":{"line":103,"column":37},"end":{"line":103,"column":null}}],"line":103},"11":{"loc":{"start":{"line":104,"column":25},"end":{"line":104,"column":null}},"type":"cond-expr","locations":[{"start":{"line":104,"column":34},"end":{"line":104,"column":53}},{"start":{"line":104,"column":53},"end":{"line":104,"column":null}}],"line":104},"12":{"loc":{"start":{"line":105,"column":26},"end":{"line":105,"column":null}},"type":"cond-expr","locations":[{"start":{"line":105,"column":35},"end":{"line":105,"column":55}},{"start":{"line":105,"column":55},"end":{"line":105,"column":null}}],"line":105}},"s":{"0":0,"1":0,"2":0,"3":0,"4":0,"5":0,"6":0,"7":0,"8":0,"9":0,"10":0,"11":0,"12":0,"13":0,"14":0},"f":{"0":0,"1":0,"2":0},"b":{"0":[0,0],"1":[0,0],"2":[0,0],"3":[0,0],"4":[0,0],"5":[0,0],"6":[0,0],"7":[0,0],"8":[0,0],"9":[0,0],"10":[0,0],"11":[0,0],"12":[0,0]},"meta":{"lastBranch":13,"lastFunction":3,"lastStatement":15,"seen":{"s:8:43:15:Infinity":0,"f:17:16:17:28":0,"s:18:34:18:Infinity":1,"s:21:2:23:Infinity":2,"f:21:12:21:18":1,"s:22:4:22:Infinity":3,"b:25:2:56:Infinity:undefined:undefined:undefined:undefined":0,"s:25:2:56:Infinity":4,"s:26:4:54:Infinity":5,"s:58:32:58:Infinity":6,"s:59:23:59:Infinity":7,"s:60:18:60:Infinity":8,"b:60:18:60:47:60:47:60:Infinity":1,"s:61:17:61:Infinity":9,"s:64:24:64:Infinity":10,"s:65:20:65:Infinity":11,"b:65:29:65:35:65:35:65:Infinity":2,"s:66:21:66:Infinity":12,"b:66:30:66:36:66:36:66:Infinity":3,"s:68:2:129:Infinity":13,"b:92:10:108:Infinity:110:10:126:Infinity":4,"b:96:30:96:43:96:43:96:Infinity":5,"b:97:31:97:43:97:43:97:Infinity":6,"b:99:34:99:52:99:52:99:Infinity":7,"b:101:33:101:46:101:46:101:Infinity":8,"b:102:28:102:36:102:36:102:Infinity":9,"b:103:29:103:37:103:37:103:Infinity":10,"b:104:34:104:53:104:53:104:Infinity":11,"b:105:35:105:55:105:55:105:Infinity":12,"f:107:21:107:27":2,"s:107:27:107:Infinity":14}}}
,"/Users/ccelson/Development/Sorcery/src/components/Dashboard/Dashboard.tsx": {"path":"/Users/ccelson/Development/Sorcery/src/components/Dashboard/Dashboard.tsx","statementMap":{"0":{"start":{"line":21,"column":2},"end":{"line":21,"column":null}},"1":{"start":{"line":23,"column":32},"end":{"line":23,"column":null}},"2":{"start":{"line":24,"column":42},"end":{"line":24,"column":null}},"3":{"start":{"line":25,"column":30},"end":{"line":25,"column":null}},"4":{"start":{"line":26,"column":32},"end":{"line":26,"column":null}},"5":{"start":{"line":28,"column":29},"end":{"line":33,"column":null}},"6":{"start":{"line":29,"column":4},"end":{"line":31,"column":null}},"7":{"start":{"line":30,"column":6},"end":{"line":30,"column":null}},"8":{"start":{"line":32,"column":4},"end":{"line":32,"column":null}},"9":{"start":{"line":35,"column":27},"end":{"line":41,"column":null}},"10":{"start":{"line":36,"column":4},"end":{"line":40,"column":null}},"11":{"start":{"line":37,"column":6},"end":{"line":37,"column":null}},"12":{"start":{"line":43,"column":25},"end":{"line":51,"column":null}},"13":{"start":{"line":44,"column":4},"end":{"line":44,"column":null}},"14":{"start":{"line":44,"column":26},"end":{"line":44,"column":null}},"15":{"start":{"line":45,"column":4},"end":{"line":50,"column":null}},"16":{"start":{"line":46,"column":6},"end":{"line":46,"column":null}},"17":{"start":{"line":47,"column":6},"end":{"line":47,"column":null}},"18":{"start":{"line":53,"column":23},"end":{"line":55,"column":null}},"19":{"start":{"line":54,"column":4},"end":{"line":54,"column":null}},"20":{"start":{"line":57,"column":27},"end":{"line":74,"column":null}},"21":{"start":{"line":58,"column":4},"end":{"line":73,"column":null}},"22":{"start":{"line":60,"column":8},"end":{"line":60,"column":null}},"23":{"start":{"line":62,"column":8},"end":{"line":62,"column":null}},"24":{"start":{"line":64,"column":8},"end":{"line":64,"column":null}},"25":{"start":{"line":66,"column":8},"end":{"line":66,"column":null}},"26":{"start":{"line":68,"column":8},"end":{"line":68,"column":null}},"27":{"start":{"line":70,"column":8},"end":{"line":70,"column":null}},"28":{"start":{"line":72,"column":8},"end":{"line":72,"column":null}},"29":{"start":{"line":77,"column":2},"end":{"line":85,"column":null}},"30":{"start":{"line":79,"column":4},"end":{"line":79,"column":null}},"31":{"start":{"line":79,"column":21},"end":{"line":79,"column":36}},"32":{"start":{"line":80,"column":4},"end":{"line":83,"column":null}},"33":{"start":{"line":87,"column":2},"end":{"line":294,"column":null}},"34":{"start":{"line":106,"column":35},"end":{"line":106,"column":null}},"35":{"start":{"line":107,"column":36},"end":{"line":107,"column":null}},"36":{"start":{"line":124,"column":20},"end":{"line":124,"column":null}},"37":{"start":{"line":125,"column":20},"end":{"line":125,"column":null}},"38":{"start":{"line":138,"column":29},"end":{"line":138,"column":null}},"39":{"start":{"line":148,"column":29},"end":{"line":148,"column":null}},"40":{"start":{"line":226,"column":41},"end":{"line":226,"column":null}},"41":{"start":{"line":227,"column":42},"end":{"line":227,"column":null}},"42":{"start":{"line":264,"column":18},"end":{"line":282,"column":null}},"43":{"start":{"line":276,"column":39},"end":{"line":276,"column":null}}},"fnMap":{"0":{"name":"Dashboard","decl":{"start":{"line":9,"column":16},"end":{"line":9,"column":26}},"loc":{"start":{"line":9,"column":59},"end":{"line":296,"column":null}},"line":9},"1":{"name":"(anonymous_1)","decl":{"start":{"line":28,"column":29},"end":{"line":28,"column":35}},"loc":{"start":{"line":28,"column":35},"end":{"line":33,"column":null}},"line":28},"2":{"name":"(anonymous_2)","decl":{"start":{"line":35,"column":27},"end":{"line":35,"column":39}},"loc":{"start":{"line":35,"column":39},"end":{"line":41,"column":null}},"line":35},"3":{"name":"(anonymous_3)","decl":{"start":{"line":43,"column":25},"end":{"line":43,"column":37}},"loc":{"start":{"line":43,"column":37},"end":{"line":51,"column":null}},"line":43},"4":{"name":"(anonymous_4)","decl":{"start":{"line":53,"column":23},"end":{"line":53,"column":29}},"loc":{"start":{"line":53,"column":29},"end":{"line":55,"column":null}},"line":53},"5":{"name":"(anonymous_5)","decl":{"start":{"line":57,"column":27},"end":{"line":57,"column":28}},"loc":{"start":{"line":57,"column":65},"end":{"line":74,"column":null}},"line":57},"6":{"name":"(anonymous_6)","decl":{"start":{"line":79,"column":15},"end":{"line":79,"column":21}},"loc":{"start":{"line":79,"column":21},"end":{"line":79,"column":36}},"line":79},"7":{"name":"(anonymous_7)","decl":{"start":{"line":106,"column":28},"end":{"line":106,"column":29}},"loc":{"start":{"line":106,"column":35},"end":{"line":106,"column":null}},"line":106},"8":{"name":"(anonymous_8)","decl":{"start":{"line":107,"column":29},"end":{"line":107,"column":30}},"loc":{"start":{"line":107,"column":36},"end":{"line":107,"column":null}},"line":107},"9":{"name":"(anonymous_9)","decl":{"start":{"line":123,"column":27},"
[...]
,"/Users/ccelson/Development/Sorcery/src/types/card.ts": {"path":"/Users/ccelson/Development/Sorcery/src/types/card.ts","statementMap":{"0":{"start":{"line":60,"column":21},"end":{"line":60,"column":null}},"1":{"start":{"line":64,"column":2},"end":{"line":64,"column":null}},"2":{"start":{"line":69,"column":19},"end":{"line":69,"column":null}},"3":{"start":{"line":70,"column":2},"end":{"line":70,"column":null}},"4":{"start":{"line":75,"column":2},"end":{"line":75,"column":null}}},"fnMap":{"0":{"name":"getCardImageUrl","decl":{"start":{"line":63,"column":16},"end":{"line":63,"column":32}},"loc":{"start":{"line":63,"column":54},"end":{"line":65,"column":null}},"line":63},"1":{"name":"getCardBackUrl","decl":{"start":{"line":68,"column":16},"end":{"line":68,"column":31}},"loc":{"start":{"line":68,"column":63},"end":{"line":71,"column":null}},"line":68},"2":{"name":"getPlaymatUrl","decl":{"start":{"line":74,"column":16},"end":{"line":74,"column":30}},"loc":{"start":{"line":74,"column":52},"end":{"line":76,"column":null}},"line":74}},"branchMap":{"0":{"loc":{"start":{"line":69,"column":19},"end":{"line":69,"column":null}},"type":"cond-expr","locations":[{"start":{"line":69,"column":37},"end":{"line":69,"column":60}},{"start":{"line":69,"column":60},"end":{"line":69,"column":null}}],"line":69}},"s":{"0":1,"1":0,"2":0,"3":0,"4":0},"f":{"0":0,"1":0,"2":0},"b":{"0":[0,0]},"meta":{"lastBranch":1,"lastFunction":3,"lastStatement":5,"seen":{"s:60:21:60:Infinity":0,"f:63:16:63:32":0,"s:64:2:64:Infinity":1,"f:68:16:68:31":1,"s:69:19:69:Infinity":2,"b:69:37:69:60:69:60:69:Infinity":0,"s:70:2:70:Infinity":3,"f:74:16:74:30":2,"s:75:2:75:Infinity":4}}}
,"/Users/ccelson/Development/Sorcery/src/types/curiosa.ts": {"path":"/Users/ccelson/Development/Sorcery/src/types/curiosa.ts","statementMap":{},"fnMap":{},"branchMap":{},"s":{},"f":{},"b":{},"meta":{"lastBranch":0,"lastFunction":0,"lastStatement":0,"seen":{}}}
,"/Users/ccelson/Development/Sorcery/src/types/game.ts": {"path":"/Users/ccelson/Development/Sorcery/src/types/game.ts","statementMap":{"0":{"start":{"line":87,"column":2},"end":{"line":97,"column":null}},"1":{"start":{"line":90,"column":6},"end":{"line":96,"column":null}},"2":{"start":{"line":92,"column":20},"end":{"line":96,"column":10}},"3":{"start":{"line":102,"column":2},"end":{"line":102,"column":null}},"4":{"start":{"line":107,"column":21},"end":{"line":107,"column":null}},"5":{"start":{"line":108,"column":2},"end":{"line":108,"column":null}},"6":{"start":{"line":113,"column":2},"end":{"line":113,"column":null}},"7":{"start":{"line":118,"column":16},"end":{"line":118,"column":null}},"8":{"start":{"line":119,"column":14},"end":{"line":119,"column":null}},"9":{"start":{"line":120,"column":14},"end":{"line":120,"column":null}},"10":{"start":{"line":121,"column":2},"end":{"line":121,"column":null}}},"fnMap":{"0":{"name":"createEmptyBoard","decl":{"start":{"line":86,"column":16},"end":{"line":86,"column":46}},"loc":{"start":{"line":86,"column":46},"end":{"line":98,"column":null}},"line":86},"1":{"name":"(anonymous_1)","decl":{"start":{"line":89,"column":9},"end":{"line":89,"column":null}},"loc":{"start":{"line":90,"column":6},"end":{"line":96,"column":null}},"line":90},"2":{"name":"(anonymous_2)","decl":{"start":{"line":92,"column":13},"end":{"line":92,"column":20}},"loc":{"start":{"line":92,"column":20},"end":{"line":96,"column":10}},"line":92},"3":{"name":"positionKey","decl":{"start":{"line":101,"column":16},"end":{"line":101,"column":28}},"loc":{"start":{"line":101,"column":62},"end":{"line":103,"column":null}},"line":101},"4":{"name":"parsePositionKey","decl":{"start":{"line":106,"column":16},"end":{"line":106,"column":33}},"loc":{"start":{"line":106,"column":61},"end":{"line":109,"column":null}},"line":106},"5":{"name":"vertexKey","decl":{"start":{"line":112,"column":16},"end":{"line":112,"column":26}},"loc":{"start":{"line":112,"column":60},"end":{"line":114,"column":null}},"line":112},"6":{"name":"parseVertexKey","decl":{"start":{"line":117,"column":16},"end":{"line":117,"column":31}},"loc":{"start":{"line":117,"column":60},"end":{"line":122,"column":null}},"line":117}},"branchMap":{},"s":{"0":5,"1":20,"2":100,"3":28,"4":23,"5":23,"6":19,"7":15,"8":15,"9":15,"10":15},"f":{"0":5,"1":20,"2":100,"3":28,"4":23,"5":19,"6":15},"b":{},"meta":{"lastBranch":0,"lastFunction":7,"lastStatement":11,"seen":{"f:86:16:86:46":0,"s:87:2:97:Infinity":0,"f:89:9:89:Infinity":1,"s:90:6:96:Infinity":1,"f:92:13:92:20":2,"s:92:20:96:10":2,"f:101:16:101:28":3,"s:102:2:102:Infinity":3,"f:106:16:106:33":4,"s:107:21:107:Infinity":4,"s:108:2:108:Infinity":5,"f:112:16:112:26":5,"s:113:2:113:Infinity":6,"f:117:16:117:31":6,"s:118:16:118:Infinity":7,"s:119:14:119:Infinity":8,"s:120:14:120:Infinity":9,"s:121:2:121:Infinity":10}}}
,"/Users/ccelson/Development/Sorcery/src/types/multiplayer.ts": {"path":"/Users/ccelson/Development/Sorcery/src/types/multiplayer.ts","statementMap":{"0":{"start":{"line":169,"column":16},"end":{"line":169,"column":null}},"1":{"start":{"line":170,"column":13},"end":{"line":170,"column":null}},"2":{"start":{"line":171,"column":2},"end":{"line":173,"column":null}},"3":{"start":{"line":171,"column":15},"end":{"line":171,"column":18}},"4":{"start":{"line":172,"column":4},"end":{"line":172,"column":null}},"5":{"start":{"line":174,"column":2},"end":{"line":174,"column":null}},"6":{"start":{"line":179,"column":21},"end":{"line":179,"column":null}},"7":{"start":{"line":180,"column":16},"end":{"line":180,"column":null}},"8":{"start":{"line":181,"column":14},"end":{"line":181,"column":null}},"9":{"start":{"line":182,"column":15},"end":{"line":182,"column":null}},"10":{"start":{"line":183,"column":14},"end":{"line":183,"column":null}},"11":{"start":{"line":184,"column":2},"end":{"line":184,"column":null}}},"fnMap":{"0":{"name":"generateGameCode","decl":{"start":{"line":168,"column":16},"end":{"line":168,"column":43}},"loc":{"start":{"line":168,"column":43},"end":{"line":175,"column":null}},"line":168},"1":{"name":"generateDefaultNickname","decl":{"start":{"line":178,"column":16},"end":{"line":178,"column":50}},"loc":{"start":{"line":178,"column":50},"end":{"line":185,"column":null}},"line":178}},"branchMap":{},"s":{"0":0,"1":0,"2":0,"3":0,"4":0,"5":0,"6":0,"7":0,"8":0,"9":0,"10":0,"11":0},"f":{"0":0,"1":0},"b":{},"meta":{"lastBranch":0,"lastFunction":2,"lastStatement":12,"seen":{"f:168:16:168:43":0,"s:169:16:169:Infinity":0,"s:170:13:170:Infinity":1,"s:171:2:173:Infinity":2,"s:171:15:171:18":3,"s:172:4:172:Infinity":4,"s:174:2:174:Infinity":5,"f:178:16:178:50":1,"s:179:21:179:Infinity":6,"s:180:16:180:Infinity":7,"s:181:14:181:Infinity":8,"s:182:15:182:Infinity":9,"s:183:14:183:Infinity":10,"s:184:2:184:Infinity":11}}}
,"/Users/ccelson/Development/Sorcery/src/utils/cardTransform.ts": {"path":"/Users/ccelson/Development/Sorcery/src/utils/cardTransform.ts","statementMap":{"0":{"start":{"line":14,"column":20},"end":{"line":14,"column":null}},"1":{"start":{"line":17,"column":2},"end":{"line":17,"column":null}},"2":{"start":{"line":21,"column":2},"end":{"line":21,"column":null}},"3":{"start":{"line":21,"column":15},"end":{"line":21,"column":null}},"4":{"start":{"line":22,"column":34},"end":{"line":22,"column":null}},"5":{"start":{"line":23,"column":2},"end":{"line":23,"column":null}},"6":{"start":{"line":27,"column":33},"end":{"line":27,"column":null}},"7":{"start":{"line":28,"column":2},"end":{"line":28,"column":null}},"8":{"start":{"line":32,"column":34},"end":{"line":32,"column":null}},"9":{"start":{"line":33,"column":2},"end":{"line":33,"column":null}},"10":{"start":{"line":40,"column":38},"end":{"line":40,"column":null}},"11":{"start":{"line":42,"column":29},"end":{"line":62,"column":null}},"12":{"start":{"line":59,"column":40},"end":{"line":59,"column":46}},"13":{"start":{"line":64,"column":35},"end":{"line":71,"column":null}},"14":{"start":{"line":74,"column":36},"end":{"line":74,"column":null}},"15":{"start":{"line":75,"column":2},"end":{"line":83,"column":null}},"16":{"start":{"line":75,"column":15},"end":{"line":75,"column":18}},"17":{"start":{"line":76,"column":4},"end":{"line":82,"column":null}},"18":{"start":{"line":85,"column":2},"end":{"line":85,"column":null}},"19":{"start":{"line":98,"column":36},"end":{"line":98,"column":null}},"20":{"start":{"line":99,"column":37},"end":{"line":99,"column":null}},"21":{"start":{"line":100,"column":36},"end":{"line":100,"column":null}},"22":{"start":{"line":103,"column":2},"end":{"line":113,"column":null}},"23":{"start":{"line":104,"column":22},"end":{"line":104,"column":null}},"24":{"start":{"line":107,"column":4},"end":{"line":112,"column":null}},"25":{"start":{"line":108,"column":6},"end":{"line":108,"column":null}},"26":{"start":{"line":111,"column":6},"end":{"line":111,"column":null}},"27":{"start":{"line":116,"column":2},"end":{"line":122,"column":null}},"28":{"start":{"line":117,"column":28},"end":{"line":120,"column":null}},"29":{"start":{"line":121,"column":4},"end":{"line":121,"column":null}},"30":{"start":{"line":124,"column":2},"end":{"line":128,"column":null}},"31":{"start":{"line":134,"column":19},"end":{"line":134,"column":null}},"32":{"start":{"line":135,"column":2},"end":{"line":137,"column":null}},"33":{"start":{"line":136,"column":4},"end":{"line":136,"column":null}},"34":{"start":{"line":140,"column":2},"end":{"line":140,"column":null}}},"fnMap":{"0":{"name":"generateCardId","decl":{"start":{"line":16,"column":9},"end":{"line":16,"column":24}},"loc":{"start":{"line":16,"column":62},"end":{"line":18,"column":null}},"line":16},"1":{"name":"mapRarity","decl":{"start":{"line":20,"column":9},"end":{"line":20,"column":19}},"loc":{"start":{"line":20,"column":50},"end":{"line":24,"column":null}},"line":20},"2":{"name":"mapCardType","decl":{"start":{"line":26,"column":9},"end":{"line":26,"column":21}},"loc":{"start":{"line":26,"column":45},"end":{"line":29,"column":null}},"line":26},"3":{"name":"mapFinish","decl":{"start":{"line":31,"column":9},"end":{"line":31,"column":19}},"loc":{"start":{"line":31,"column":43},"end":{"line":34,"column":null}},"line":31},"4":{"name":"transformCuriosaEntry","decl":{"start":{"line":36,"column":9},"end":{"line":36,"column":null}},"loc":{"start":{"line":39,"column":18},"end":{"line":86,"column":null}},"line":39},"5":{"name":"(anonymous_5)","decl":{"start":{"line":59,"column":33},"end":{"line":59,"column":34}},"loc":{"start":{"line":59,"column":40},"end":{"line":59,"column":46}},"line":59},"6":{"name":"transformCuriosaDeck","decl":{"start":{"line":94,"column":16},"end":{"line":94,"column":null}},"loc":{"start":{"line":97,"column":19},"end":{"line":129,"column":null}},"line":97},"7":{"name":"extractDeckId","decl":{"start":{"line":132,"column":16},"end":{"line":132,"column":30}},"loc":{"start":{"line":132,"column":53},"end":{"line":141,"column":null}},"line":132}},"branchMap":{"0":{"loc":{"start":{"line":21,"column":2},"end":{"line":21,"column":null}},"type":"if","locations":[{"start":{"line":21,"column":2},"end":{"line":21,"column":null}},{"start":{},"end":{}}],"line":21},"1":{"loc":{"start":{"line":23,"column":9},"end":{"line":23,"column":null}},"type":"cond-expr","locations":[{"start":{"line":23,"column":53},"end":{"line":23,"column":73}},{"start":{"line":23,"column":73},"end":{"line":23,"column":null}}],"line":23},"2":{"loc":{"start":{"line":28,"column":9},"end":{"line":28,"column":null}},"type":"cond-expr","locations":[{"start":{"line":28,"column":50},"end":{"line":28,"column":70}},{"start":{"line":28,"column":70},"end":{"line":28,"column":null}}],"line":28},"3":{"loc":{"start":{"line":33,"column":9},"end":{"line":33,"column":null}},"type":"cond-expr","locations":[{"start":{"line":33,"column":53},"end":{"line":33,"column":73}},{"start":{"line":33,"column":73},"end":{"line":33,"column":null}}],"line":33},"4":{"loc":{"start":{"line":47,"column":17},"end":{"line":47,"column":null}},"type":"binary-expr","locations":[{"start":{"line":47,"column":17},"end":{"line":47,"column":35}},{"start":{"line":47,"column":35},"end":{"line":47,"column":null}}],"line":47},"5":{"loc":{"start":{"line":53,"column":13},"end":{"line":53,"column":null}},"type":"binary-expr","locations":[{"start":{"line":53,"column":13},"end":{"line":53,"column":34}},{"start":{"line":53,"column":34},"end":{"line":53,"column":null}}],"line":53},"6":{"loc":{"start":{"line":54,"column":15},"end":{"line":54,"column":null}},"type":"binary-expr","locations":[{"start":{"line":54,"column":15},"end":{"line":54,"column":38}},{"start":{"line":54,"column":38},"end":{"line":54,"column":null}}],"line":54},"7":{"loc":{"start":{"line":55,"column":14},"end":{"line":55,"column":null}},"type":"binary-expr","locations":[{"start":{"line":55,"column":14},"end":{"line":55,"column":36}},{"start":{"line":55,"column":36},"end":{"line":55,"column":null}}],"line":55},"8":{"loc":{"start":{"line":56,"column":15},"end":{"line":56,"column":null}},"type":"binary-expr","locations":[{"start":{"line":56,"column":15},"end":{"line":56,"column":38}},{"start":{"line":56,"column":38},"end":{"line":56,"column":null}}],"line":56},"9":{"loc":{"start":{"line":59,"column":14},"end":{"line":59,"column":null}},"type":"binary-expr","locations":[{"start":{"line":59,"column":14},"end":{"line":59,"column":62}},{"start":{"line":59,"column":62},"end":{"line":59,"column":null}}],"line":59},"10":{"loc":{"start":{"line":67,"column":13},"end":{"line":67,"column":null}},"type":"binary-expr","locations":[{"start":{"line":67,"column":13},"end":{"line":67,"column":32}},{"start":{"line":67,"column":32},"end":{"line":67,"column":null}}],"line":67},"11":{"loc":{"start":{"line":68,"column":12},"end":{"line":68,"column":null}},"type":"binary-expr","locations":[{"start":{"line":68,"column":12},"end":{"line":68,"column":36}},{"start":{"line":68,"column":36},"end":{"line":68,"column":null}}],"line":68},"12":{"loc":{"start":{"line":69,"column":16},"end":{"line":69,"column":null}},"type":"binary-expr","locations":[{"start":{"line":69,"column":16},"end":{"line":69,"column":38}},{"start":{"line":69,"column":38},"end":{"line":69,"column":null}}],"line":69},"13":{"loc":{"start":{"line":70,"column":14},"end":{"line":70,"column":null}},"type":"binary-expr","locations":[{"start":{"line":70,"column":14},"end":{"line":70,"column":34}},{"start":{"line":70,"column":34},"end":{"line":70,"column":null}}],"line":70},"14":{"loc":{"start":{"line":107,"column":4},"end":{"line":112,"column":null}},"type":"if","locations":[{"start":{"line":107,"column":4},"end":{"line":112,"column":null}},{"start":{"line":109,"column":11},"end":{"line":112,"column":null}}],"line":107},"15":{"loc":{"start":{"line":116,"column":2},"end":{"line":122,"column":null}},"type":"if","locations":[{"start":{"line":116,"column":2},"end":{"line":122,"column":null}},{"start":{},"end":{}}],"line":116},"16":{"loc":{"start":{"line":121,"column":13},"end":{"line":121,"column":null}},"type":"binary-expr","locations":[{"start":{"line":121,"column":13},"end":{"line":121,"column":35}},{"start":{"line":121,"column":35},"end":{"line":121,"column":null}}],"line":121},"17":{"loc":{"start":{"line":135,"column":2},"end":{"line":137,"column":null}},"type":"if","locations":[{"start":{"line":135,"column":2},"end":{"line":137,"column":null}},{"start":{},"end":{}}],"line":135}},"s":{"0":1,"1":33,"2":29,"3":2,"4":27,"5":27,"6":29,"7":29,"8":29,"9":29,"10":29,"11":29,"12":28,"13":29,"14":29,"15":29,"16":29,"17":33,"18":29,"19":24,"20":24,"21":24,"22":24,"23":25,"24":25,"25":6,"26":19,"27":24,"28":4,"29":4,"30":24,"31":7,"32":7,"33":5,"34":2},"f":{"0":33,"1":29,"2":29,"3":29,"4":29,"5":28,"6":24,"7":7},"b":{"0":[2,27],"1":[26,1],"2":[28,1],"3":[29,0],"4":[29,28],"5":[29,1],"6":[29,28],"7":[29,28],"8":[29,29],"9":[29,1],"10":[29,0],"11":[29,0],"12":[29,0],"13":[29,0],"14":[6,19],"15":[4,20],"16":[4,0],"17":[5,2]},"meta":{"lastBranch":18,"lastFunction":8,"lastStatement":35,"seen":{"s:14:20:14:Infinity":0,"f:16:9:16:24":0,"s:17:2:17:Infinity":1,"f:20:9:20:19":1,"b:21:2:21:Infinity:undefined:undefined:undefined:undefined":0,"s:21:2:21:Infinity":2,"s:21:15:21:Infinity":3,"s:22:34:22:Infinity":4,"s:23:2:23:Infinity":5,"b:23:53:23:73:23:73:23:Infinity":1,"f:26:9:26:21":2,"s:27:33:27:Infinity":6,"s:28:2:28:Infinity":7,"b:28:50:28:70:28:70:28:Infinity":2,"f:31:9:31:19":3,"s:32:34:32:Infinity":8,"s:33:2:33:Infinity":9,"b:33:53:33:73:33:73:33:Infinity":3,"f:36:9:36:Infinity":4,"s:40:38:40:Infinity":10,"s:42:29:62:Infinity":11,"b:47:17:47:35:47:35:47:Infinity":4,"b:53:13:53:34:53:34:53:Infinity":5,"b:54:15:54:38:54:38:54:Infinity":6,"b:55:14:55:36:55:36:55:Infinity":7,"b:56:15:56:38:56:38:56:Infinity":8,"b:59:14:59:62:59:62:59:Infinity":9,"f:59:33:59:34":5,"s:59:40:59:46":12,"s:64:35:71:Infinity":13,"b:67:13:67:32:67:32:67:Infinity":10,"b:68:12:68:36:68:36:68:Infinity":11,"b:69:16:69:38:69:38:69:Infinity":12,"b:70:14:70:34:70:34:70:Infinity":13,"s:74:36:74:Infinity":14,"s:75:2:83:Infinity":15,"s:75:15:75:18":16,"s:76:4:82:Infinity":17,"s:85:2:85:Infinity":18,"f:94:16:94:Infinity":6,"s:98:36:98:Infinity":19,"s:99:37:99:Infinity":20,"s:100:36:100:Infinity":21,"s:103:2:113:Infinity":22,"s:104:22:104:Infinity":23,"b:107:4:112:Infinity:109:11:112:Infinity":14,"s:107:4:112:Infinity":24,"s:108:6:108:Infinity":25,"s:111:6:111:Infinity":26,"b:116:2:122:Infinity:undefined:undefined:undefined:undefined":15,"s:116:2:122:Infinity":27,"s:117:28:120:Infinity":28,"s:121:4:121:Infinity":29,"b:121:13:121:35:121:35:121:Infinity":16,"s:124:2:128:Infinity":30,"f:132:16:132:30":7,"s:134:19:134:Infinity":31,"b:135:2:137:Infinity:undefined:undefined:undefined:undefined":17,"s:135:2:137:Infinity":32,"s:136:4:136:Infinity":33,"s:140:2:140:Infinity":34}}}
,"/Users/ccelson/Development/Sorcery/src/utils/mockData.ts": {"path":"/Users/ccelson/Development/Sorcery/src/utils/mockData.ts","statementMap":{"0":{"start":{"line":4,"column":31},"end":{"line":19,"column":null}},"1":{"start":{"line":21,"column":33},"end":{"line":36,"column":null}},"2":{"start":{"line":38,"column":34},"end":{"line":53,"column":null}},"3":{"start":{"line":55,"column":33},"end":{"line":70,"column":null}},"4":{"start":{"line":73,"column":2},"end":{"line":80,"column":null}},"5":{"start":{"line":83,"column":20},"end":{"line":83,"column":null}},"6":{"start":{"line":86,"column":2},"end":{"line":86,"column":null}},"7":{"start":{"line":87,"column":2},"end":{"line":93,"column":null}},"8":{"start":{"line":97,"column":2},"end":{"line":106,"column":null}},"9":{"start":{"line":110,"column":2},"end":{"line":110,"column":null}}},"fnMap":{"0":{"name":"createVariant","decl":{"start":{"line":72,"column":9},"end":{"line":72,"column":23}},"loc":{"start":{"line":72,"column":50},"end":{"line":81,"column":null}},"line":72},"1":{"name":"createCardInstance","decl":{"start":{"line":85,"column":9},"end":{"line":85,"column":28}},"loc":{"start":{"line":85,"column":106},"end":{"line":94,"column":null}},"line":85},"2":{"name":"createMockCards","decl":{"start":{"line":96,"column":16},"end":{"line":96,"column":50}},"loc":{"start":{"line":96,"column":50},"end":{"line":107,"column":null}},"line":96},"3":{"name":"createMockAvatar","decl":{"start":{"line":109,"column":16},"end":{"line":109,"column":33}},"loc":{"start":{"line":109,"column":77},"end":{"line":111,"column":null}},"line":109}},"branchMap":{},"s":{"0":0,"1":0,"2":0,"3":0,"4":0,"5":0,"6":0,"7":0,"8":0,"9":0},"f":{"0":0,"1":0,"2":0,"3":0},"b":{},"meta":{"lastBranch":0,"lastFunction":4,"lastStatement":10,"seen":{"s:4:31:19:Infinity":0,"s:21:33:36:Infinity":1,"s:38:34:53:Infinity":2,"s:55:33:70:Infinity":3,"f:72:9:72:23":0,"s:73:2:80:Infinity":4,"s:83:20:83:Infinity":5,"f:85:9:85:28":1,"s:86:2:86:Infinity":6,"s:87:2:93:Infinity":7,"f:96:16:96:50":2,"s:97:2:106:Infinity":8,"f:109:16:109:33":3,"s:110:2:110:Infinity":9}}}
}
