TN:
SF:src/App.tsx
FN:7,App
FN:11,(anonymous_1)
FN:14,(anonymous_2)
FNF:3
FNH:0
FNDA:0,App
FNDA:0,(anonymous_1)
FNDA:0,(anonymous_2)
DA:8,0
DA:10,0
DA:11,0
DA:14,0
LF:4
LH:0
BRDA:10,0,0,0
BRDA:10,0,1,0
BRF:2
BRH:0
end_of_record
TN:
SF:src/components/Board/Board.tsx
FN:11,getAdjacentSites
FN:27,Board
FN:47,(anonymous_2)
FN:51,(anonymous_3)
FN:55,(anonymous_4)
FN:59,(anonymous_5)
FN:63,(anonymous_6)
FN:67,(anonymous_7)
FN:108,(anonymous_8)
FN:109,(anonymous_9)
FN:141,(anonymous_10)
FN:142,(anonymous_11)
FN:194,(anonymous_12)
FN:195,(anonymous_13)
FN:196,(anonymous_14)
FNF:15
FNH:0
FNDA:0,getAdjacentSites
FNDA:0,Board
FNDA:0,(anonymous_2)
FNDA:0,(anonymous_3)
FNDA:0,(anonymous_4)
FNDA:0,(anonymous_5)
FNDA:0,(anonymous_6)
FNDA:0,(anonymous_7)
FNDA:0,(anonymous_8)
FNDA:0,(anonymous_9)
FNDA:0,(anonymous_10)
FNDA:0,(anonymous_11)
FNDA:0,(anonymous_12)
FNDA:0,(anonymous_13)
FNDA:0,(anonymous_14)
DA:12,0
DA:13,0
DA:28,0
DA:29,0
DA:39,0
DA:41,0
DA:42,0
DA:45,0
DA:47,0
DA:48,0
DA:51,0
DA:52,0
DA:55,0
DA:56,0
DA:59,0
DA:60,0
DA:63,0
DA:64,0
DA:67,0
DA:68,0
DA:72,0
DA:76,0
DA:77,0
DA:79,0
DA:109,0
DA:110,0
DA:111,0
DA:112,0
DA:113,0
DA:115,0
DA:116,0
DA:142,0
DA:143,0
DA:144,0
DA:148,0
DA:149,0
DA:150,0
DA:151,0
DA:154,0
DA:155,0
DA:157,0
DA:194,0
DA:195,0
DA:196,0
LF:44
LH:0
BRDA:45,0,0,0
BRDA:45,0,1,0
BRDA:48,1,0,0
BRDA:48,1,1,0
BRDA:72,2,0,0
BRDA:72,2,1,0
BRDA:89,3,0,0
BRDA:89,3,1,0
BRDA:110,4,0,0
BRDA:110,4,1,0
BRDA:111,5,0,0
BRDA:111,5,1,0
BRDA:112,6,0,0
BRDA:112,6,1,0
BRDA:113,7,0,0
BRDA:113,7,1,0
BRDA:113,8,0,0
BRDA:113,8,1,0
BRDA:144,9,0,0
BRDA:144,9,1,0
BRDA:189,10,0,0
BRDA:189,10,1,0
BRDA:193,11,0,0
BRDA:193,11,1,0
BRF:24
BRH:0
end_of_record
TN:
SF:src/components/Board/BoardSite.tsx
FN:24,BoardSite
FN:50,(anonymous_1)
FN:117,(anonymous_2)
FN:121,(anonymous_3)
FN:122,(anonymous_4)
FN:131,(anonymous_5)
FN:157,(anonymous_6)
FN:161,(anonymous_7)
FN:162,(anonymous_8)
FN:180,(anonymous_9)
FN:184,(anonymous_10)
FN:185,(anonymous_11)
FN:203,(anonymous_12)
FN:222,(anonymous_13)
FN:226,(anonymous_14)
FN:227,(anonymous_15)
FNF:16
FNH:0
FNDA:0,BoardSite
FNDA:0,(anonymous_1)
FNDA:0,(anonymous_2)
FNDA:0,(anonymous_3)
FNDA:0,(anonymous_4)
FNDA:0,(anonymous_5)
FNDA:0,(anonymous_6)
FNDA:0,(anonymous_7)
FNDA:0,(anonymous_8)
FNDA:0,(anonymous_9)
FNDA:0,(anonymous_10)
FNDA:0,(anonymous_11)
FNDA:0,(anonymous_12)
FNDA:0,(anonymous_13)
FNDA:0,(anonymous_14)
FNDA:0,(anonymous_15)
DA:41,0
DA:42,0
DA:45,0
DA:46,0
DA:49,0
DA:50,0
DA:51,0
DA:53,0
DA:54,0
DA:55,0
DA:57,0
DA:117,0
DA:121,0
DA:122,0
DA:133,0
DA:136,0
DA:137,0
DA:138,0
DA:139,0
DA:140,0
DA:157,0
DA:161,0
DA:162,0
DA:180,0
DA:184,0
DA:185,0
DA:204,0
DA:205,0
DA:222,0
DA:226,0
DA:227,0
LF:31
LH:0
BRDA:33,0,0,0
BRDA:35,1,0,0
BRDA:36,2,0,0
BRDA:49,3,0,0
BRDA:49,3,1,0
BRDA:51,4,0,0
BRDA:51,4,1,0
BRDA:51,5,0,0
BRDA:51,5,1,0
BRDA:53,6,0,0
BRDA:53,6,1,0
BRDA:53,6,2,0
BRDA:54,7,0,0
BRDA:54,7,1,0
BRDA:55,8,0,0
BRDA:55,8,1,0
BRDA:63,9,0,0
BRDA:63,9,1,0
BRDA:64,10,0,0
BRDA:64,10,1,0
BRDA:73,11,0,0
BRDA:73,11,1,0
BRDA:74,12,0,0
BRDA:74,12,1,0
BRDA:75,13,0,0
BRDA:75,13,1,0
BRDA:76,14,0,0
BRDA:76,14,1,0
BRDA:77,15,0,0
BRDA:77,15,1,0
BRDA:84,16,0,0
BRDA:84,16,1,0
BRDA:94,17,0,0
BRDA:94,17,1,0
BRDA:101,18,0,0
BRDA:101,18,1,0
BRDA:109,19,0,0
BRDA:109,19,1,0
BRDA:121,20,0,0
BRDA:121,20,1,0
BRDA:122,21,0,0
BRDA:122,21,1,0
BRDA:128,22,0,0
BRDA:128,22,1,0
BRDA:136,23,0,0
BRDA:136,23,1,0
BRDA:137,24,0,0
BRDA:137,24,1,0
BRDA:161,25,0,0
BRDA:161,25,1,0
BRDA:162,26,0,0
BRDA:162,26,1,0
BRDA:172,27,0,0
BRDA:172,27,1,0
BRDA:184,28,0,0
BRDA:184,28,1,0
BRDA:185,29,0,0
BRDA:185,29,1,0
BRDA:192,30,0,0
BRDA:192,30,1,0
BRDA:196,31,0,0
BRDA:196,31,1,0
BRDA:209,32,0,0
BRDA:209,32,1,0
BRDA:209,33,0,0
BRDA:209,33,1,0
BRDA:210,34,0,0
BRDA:210,34,1,0
BRDA:210,35,0,0
BRDA:210,35,1,0
BRDA:211,36,0,0
BRDA:211,36,1,0
BRDA:211,37,0,0
BRDA:211,37,1,0
BRDA:212,38,0,0
BRDA:212,38,1,0
BRDA:213,39,0,0
BRDA:213,39,1,0
BRDA:226,40,0,0
BRDA:226,40,1,0
BRDA:227,41,0,0
BRDA:227,41,1,0
BRDA:236,42,0,0
BRDA:236,42,1,0
BRF:84
BRH:0
end_of_record
TN:
SF:src/components/Board/BoardVertex.tsx
FN:18,BoardVertex
FN:37,(anonymous_1)
FN:42,(anonymous_2)
FN:60,(anonymous_3)
FN:76,(anonymous_4)
FNF:5
FNH:0
FNDA:0,BoardVertex
FNDA:0,(anonymous_1)
FNDA:0,(anonymous_2)
FNDA:0,(anonymous_3)
FNDA:0,(anonymous_4)
DA:28,0
DA:29,0
DA:32,0
DA:33,0
DA:36,0
DA:37,0
DA:38,0
DA:41,0
DA:42,0
DA:43,0
DA:44,0
DA:45,0
DA:49,0
DA:61,0
DA:76,0
LF:15
LH:0
BRDA:36,0,0,0
BRDA:36,0,1,0
BRDA:38,1,0,0
BRDA:38,1,1,0
BRDA:38,2,0,0
BRDA:38,2,1,0
BRDA:43,3,0,0
BRDA:43,3,1,0
BRDA:45,4,0,0
BRDA:45,4,1,0
BRF:10
BRH:0
end_of_record
TN:
SF:src/components/Board/CardContextMenu.tsx
FN:12,CardContextMenu
FN:16,(anonymous_1)
FN:17,(anonymous_2)
FN:23,(anonymous_3)
FN:32,(anonymous_4)
FN:39,(anonymous_5)
FN:87,(anonymous_6)
FN:92,(anonymous_7)
FN:93,(anonymous_8)
FN:99,(anonymous_9)
FN:104,(anonymous_10)
FN:105,(anonymous_11)
FNF:12
FNH:0
FNDA:0,CardContextMenu
FNDA:0,(anonymous_1)
FNDA:0,(anonymous_2)
FNDA:0,(anonymous_3)
FNDA:0,(anonymous_4)
FNDA:0,(anonymous_5)
FNDA:0,(anonymous_6)
FNDA:0,(anonymous_7)
FNDA:0,(anonymous_8)
FNDA:0,(anonymous_9)
FNDA:0,(anonymous_10)
FNDA:0,(anonymous_11)
DA:13,0
DA:14,0
DA:16,0
DA:17,0
DA:18,0
DA:19,0
DA:23,0
DA:24,0
DA:25,0
DA:29,0
DA:30,0
DA:32,0
DA:33,0
DA:34,0
DA:39,0
DA:40,0
DA:41,0
DA:42,0
DA:43,0
DA:45,0
DA:46,0
DA:48,0
DA:49,0
DA:52,0
DA:53,0
DA:58,0
DA:70,0
DA:88,0
DA:89,0
DA:92,0
DA:93,0
DA:100,0
DA:101,0
DA:104,0
DA:105,0
LF:35
LH:0
BRDA:18,0,0,0
BRDA:18,0,1,0
BRDA:18,1,0,0
BRDA:18,1,1,0
BRDA:24,2,0,0
BRDA:24,2,1,0
BRDA:40,3,0,0
BRDA:40,3,1,0
BRDA:45,4,0,0
BRDA:45,4,1,0
BRDA:48,5,0,0
BRDA:48,5,1,0
BRDA:52,6,0,0
BRDA:52,6,1,0
BRDA:52,7,0,0
BRDA:52,7,1,0
BRDA:97,8,0,0
BRDA:97,8,1,0
BRF:18
BRH:0
end_of_record
TN:
SF:src/components/Board/DraggableBoardCard.tsx
FN:20,DraggableBoardCard
FN:66,(anonymous_1)
FN:80,(anonymous_2)
FN:81,(anonymous_3)
FNF:4
FNH:0
FNDA:0,DraggableBoardCard
FNDA:0,(anonymous_1)
FNDA:0,(anonymous_2)
FNDA:0,(anonymous_3)
DA:34,0
DA:35,0
DA:36,0
DA:37,0
DA:39,0
DA:46,0
DA:47,0
DA:56,0
DA:67,0
DA:68,0
DA:69,0
DA:80,0
DA:81,0
LF:13
LH:0
BRDA:28,0,0,0
BRDA:37,1,0,0
BRDA:37,1,1,0
BRDA:46,2,0,0
BRDA:46,2,1,0
BRDA:47,3,0,0
BRDA:47,3,1,0
BRDA:50,4,0,0
BRDA:50,4,1,0
BRDA:52,5,0,0
BRDA:52,5,1,0
BRDA:64,6,0,0
BRDA:64,6,1,0
BRDA:67,7,0,0
BRDA:67,7,1,0
BRF:15
BRH:0
end_of_record
TN:
SF:src/components/Card/Card.tsx
FN:40,Card
FN:101,(anonymous_1)
FN:150,(anonymous_2)
FNF:3
FNH:0
FNDA:0,Card
FNDA:0,(anonymous_1)
FNDA:0,(anonymous_2)
DA:17,0
DA:24,0
DA:31,0
DA:52,0
DA:53,0
DA:54,0
DA:55,0
DA:59,0
DA:60,0
DA:61,0
DA:64,0
DA:66,0
DA:101,0
DA:151,0
DA:152,0
DA:154,0
DA:155,0
DA:156,0
DA:157,0
DA:158,0
DA:159,0
DA:160,0
LF:22
LH:0
BRDA:45,0,0,0
BRDA:46,1,0,0
BRDA:47,2,0,0
BRDA:48,3,0,0
BRDA:59,4,0,0
BRDA:59,4,1,0
BRDA:60,5,0,0
BRDA:60,5,1,0
BRDA:61,6,0,0
BRDA:61,6,1,0
BRDA:64,7,0,0
BRDA:64,7,1,0
BRDA:70,8,0,0
BRDA:70,8,1,0
BRDA:71,9,0,0
BRDA:71,9,1,0
BRDA:72,10,0,0
BRDA:72,10,1,0
BRDA:80,11,0,0
BRDA:80,11,1,0
BRDA:84,12,0,0
BRDA:84,12,1,0
BRDA:90,13,0,0
BRDA:90,13,1,0
BRDA:91,14,0,0
BRDA:91,14,1,0
BRDA:95,15,0,0
BRDA:95,15,1,0
BRDA:96,16,0,0
BRDA:96,16,1,0
BRDA:97,17,0,0
BRDA:97,17,1,0
BRDA:98,18,0,0
BRDA:98,18,1,0
BRDA:99,19,0,0
BRDA:99,19,1,0
BRDA:110,20,0,0
BRDA:110,20,1,0
BRDA:113,21,0,0
BRDA:113,21,1,0
BRDA:121,22,0,0
BRDA:121,22,1,0
BRDA:129,23,0,0
BRDA:129,23,1,0
BRDA:136,24,0,0
BRDA:136,24,1,0
BRDA:136,24,2,0
BRDA:140,25,0,0
BRDA:140,25,1,0
BRDA:141,26,0,0
BRDA:141,26,1,0
BRDA:142,27,0,0
BRDA:142,27,1,0
BRDA:142,28,0,0
BRDA:142,28,1,0
BRDA:143,29,0,0
BRDA:143,29,1,0
BRDA:143,30,0,0
BRDA:143,30,1,0
BRDA:144,31,0,0
BRDA:144,31,1,0
BRDA:144,32,0,0
BRDA:144,32,1,0
BRDA:148,33,0,0
BRDA:148,33,1,0
BRDA:148,34,0,0
BRDA:148,34,1,0
BRDA:151,35,0,0
BRDA:151,35,1,0
BRDA:151,36,0,0
BRDA:151,36,1,0
BRDA:157,37,0,0
BRDA:157,37,1,0
BRDA:157,38,0,0
BRDA:157,38,1,0
BRDA:159,39,0,0
BRDA:159,39,1,0
BRDA:159,40,0,0
BRDA:159,40,1,0
BRDA:163,41,0,0
BRDA:163,41,1,0
BRF:81
BRH:0
end_of_record
TN:
SF:src/components/Card/CardBack.tsx
FN:15,CardBack
FN:31,(anonymous_1)
FNF:2
FNH:0
FNDA:0,CardBack
FNDA:0,(anonymous_1)
DA:8,0
DA:16,0
DA:17,0
DA:19,0
DA:33,0
DA:34,0
DA:35,0
LF:7
LH:0
BRDA:15,0,0,0
BRDA:17,1,0,0
BRDA:17,1,1,0
BRF:3
BRH:0
end_of_record
TN:
SF:src/components/CardPreview/CardPreview.tsx
FN:17,CardPreview
FN:21,(anonymous_1)
FN:107,(anonymous_2)
FNF:3
FNH:0
FNDA:0,CardPreview
FNDA:0,(anonymous_1)
FNDA:0,(anonymous_2)
DA:8,0
DA:18,0
DA:21,0
DA:22,0
DA:25,0
DA:26,0
DA:58,0
DA:59,0
DA:60,0
DA:61,0
DA:64,0
DA:65,0
DA:66,0
DA:68,0
DA:107,0
LF:15
LH:0
BRDA:25,0,0,0
BRDA:25,0,1,0
BRDA:60,1,0,0
BRDA:60,1,1,0
BRDA:65,2,0,0
BRDA:65,2,1,0
BRDA:66,3,0,0
BRDA:66,3,1,0
BRDA:91,4,0,0
BRDA:91,4,1,0
BRDA:96,5,0,0
BRDA:96,5,1,0
BRDA:97,6,0,0
BRDA:97,6,1,0
BRDA:99,7,0,0
BRDA:99,7,1,0
BRDA:101,8,0,0
BRDA:101,8,1,0
BRDA:102,9,0,0
BRDA:102,9,1,0
BRDA:103,10,0,0
BRDA:103,10,1,0
BRDA:104,11,0,0
BRDA:104,11,1,0
BRDA:105,12,0,0
BRDA:105,12,1,0
BRF:26
BRH:0
end_of_record
TN:
SF:src/components/Dashboard/Dashboard.tsx
FN:9,Dashboard
FN:28,(anonymous_1)
FN:35,(anonymous_2)
FN:43,(anonymous_3)
FN:53,(anonymous_4)
FN:57,(anonymous_5)
FN:79,(anonymous_6)
FN:106,(anonymous_7)
FN:107,(anonymous_8)
FN:123,(anonymous_9)
FN:138,(anonymous_10)
FN:148,(anonymous_11)
FN:226,(anonymous_12)
FN:227,(anonymous_13)
FN:263,(anonymous_14)
FN:276,(anonymous_15)
FNF:16
FNH:0
FNDA:0,Dashboard
FNDA:0,(anonymous_1)
FNDA:0,(anonymous_2)
FNDA:0,(anonymous_3)
FNDA:0,(anonymous_4)
FNDA:0,(anonymous_5)
FNDA:0,(anonymous_6)
FNDA:0,(anonymous_7)
FNDA:0,(anonymous_8)
FNDA:0,(anonymous_9)
FNDA:0,(anonymous_10)
FNDA:0,(anonymous_11)
FNDA:0,(anonymous_12)
FNDA:0,(anonymous_13)
FNDA:0,(anonymous_14)
FNDA:0,(anonymous_15)
DA:21,0
DA:23,0
DA:24,0
DA:25,0
DA:26,0
DA:28,0
DA:29,0
DA:30,0
DA:32,0
DA:35,0
DA:36,0
DA:37,0
DA:43,0
DA:44,0
DA:45,0
DA:46,0
DA:47,0
DA:53,0
DA:54,0
DA:57,0
DA:58,0
DA:60,0
DA:62,0
DA:64,0
DA:66,0
DA:68,0
DA:70,0
DA:72,0
DA:77,0
DA:79,0
DA:80,0
DA:87,0
DA:106,0
DA:107,0
DA:124,0
DA:125,0
DA:138,0
DA:148,0
DA:226,0
DA:227,0
DA:264,0
DA:276,0
LF:42
LH:0
BRDA:29,0,0,0
BRDA:29,0,1,0
BRDA:44,1,0,0
BRDA:44,1,1,0
BRDA:58,2,0,0
BRDA:58,2,1,0
BRDA:58,2,2,0
BRDA:58,2,3,0
BRDA:58,2,4,0
BRDA:58,2,5,0
BRDA:58,2,6,0
BRDA:77,3,0,0
BRDA:77,3,1,0
BRDA:101,4,0,0
BRDA:101,4,1,0
BRDA:107,5,0,0
BRDA:107,5,1,0
BRDA:140,6,0,0
BRDA:140,6,1,0
BRDA:150,7,0,0
BRDA:150,7,1,0
BRDA:159,8,0,0
BRDA:159,8,1,0
BRDA:162,9,0,0
BRDA:162,9,1,0
BRDA:162,9,2,0
BRDA:175,10,0,0
BRDA:175,10,1,0
BRDA:175,10,2,0
BRDA:187,11,0,0
BRDA:187,11,1,0
BRDA:189,12,0,0
BRDA:189,12,1,0
BRDA:200,13,0,0
BRDA:200,13,1,0
BRDA:227,14,0,0
BRDA:227,14,1,0
BRDA:256,15,0,0
BRDA:256,15,1,0
BRDA:258,16,0,0
BRDA:258,16,1,0
BRF:41
BRH:0
end_of_record
TN:
SF:src/components/DeckImport/DeckImportButton.tsx
FN:9,DeckImportButton
FN:15,(anonymous_1)
FN:37,(anonymous_2)
FNF:3
FNH:0
FNDA:0,DeckImportButton
FNDA:0,(anonymous_1)
FNDA:0,(anonymous_2)
DA:10,0
DA:12,0
DA:15,0
DA:37,0
LF:4
LH:0
BRF:0
BRH:0
end_of_record
TN:
SF:src/components/DeckImport/DeckImportModal.tsx
FN:15,DeckImportModal
FN:25,(anonymous_1)
FN:60,(anonymous_2)
FN:77,(anonymous_3)
FN:86,(anonymous_4)
FN:106,(anonymous_5)
FNF:6
FNH:0
FNDA:0,DeckImportModal
FNDA:0,(anonymous_1)
FNDA:0,(anonymous_2)
FNDA:0,(anonymous_3)
FNDA:0,(anonymous_4)
FNDA:0,(anonymous_5)
DA:16,0
DA:17,0
DA:18,0
DA:19,0
DA:21,0
DA:22,0
DA:23,0
DA:25,0
DA:26,0
DA:27,0
DA:28,0
DA:31,0
DA:32,0
DA:33,0
DA:35,0
DA:36,0
DA:37,0
DA:41,0
DA:43,0
DA:46,0
DA:49,0
DA:56,0
DA:57,0
DA:60,0
DA:61,0
DA:62,0
DA:65,0
DA:66,0
DA:67,0
DA:68,0
DA:70,0
DA:73,0
DA:77,0
DA:78,0
DA:79,0
DA:80,0
DA:81,0
DA:82,0
DA:86,0
DA:87,0
DA:88,0
DA:92,0
DA:106,0
LF:43
LH:0
BRDA:26,0,0,0
BRDA:26,0,1,0
BRDA:41,1,0,0
BRDA:41,1,1,0
BRDA:65,2,0,0
BRDA:65,2,1,0
BRDA:67,3,0,0
BRDA:67,3,1,0
BRDA:78,4,0,0
BRDA:78,4,1,0
BRDA:87,5,0,0
BRDA:87,5,1,0
BRDA:87,6,0,0
BRDA:87,6,1,0
BRDA:117,7,0,0
BRDA:117,7,1,0
BRDA:123,8,0,0
BRDA:123,8,1,0
BRDA:139,9,0,0
BRDA:139,9,1,0
BRDA:142,10,0,0
BRDA:142,10,1,0
BRDA:163,11,0,0
BRDA:163,11,1,0
BRF:24
BRH:0
end_of_record
TN:
SF:src/components/DeckSearch/DeckContextMenu.tsx
FN:11,DeckContextMenu
FN:15,(anonymous_1)
FN:16,(anonymous_2)
FN:22,(anonymous_3)
FN:31,(anonymous_4)
FN:38,(anonymous_5)
FN:57,(anonymous_6)
FN:75,(anonymous_7)
FN:78,(anonymous_8)
FN:90,(anonymous_9)
FN:91,(anonymous_10)
FN:98,(anonymous_11)
FN:113,(anonymous_12)
FN:114,(anonymous_13)
FNF:14
FNH:0
FNDA:0,DeckContextMenu
FNDA:0,(anonymous_1)
FNDA:0,(anonymous_2)
FNDA:0,(anonymous_3)
FNDA:0,(anonymous_4)
FNDA:0,(anonymous_5)
FNDA:0,(anonymous_6)
FNDA:0,(anonymous_7)
FNDA:0,(anonymous_8)
FNDA:0,(anonymous_9)
FNDA:0,(anonymous_10)
FNDA:0,(anonymous_11)
FNDA:0,(anonymous_12)
FNDA:0,(anonymous_13)
DA:12,0
DA:13,0
DA:15,0
DA:16,0
DA:17,0
DA:18,0
DA:22,0
DA:23,0
DA:24,0
DA:28,0
DA:29,0
DA:31,0
DA:32,0
DA:33,0
DA:38,0
DA:39,0
DA:40,0
DA:41,0
DA:42,0
DA:44,0
DA:45,0
DA:47,0
DA:48,0
DA:51,0
DA:52,0
DA:57,0
DA:59,0
DA:76,0
DA:78,0
DA:90,0
DA:91,0
DA:98,0
DA:113,0
DA:114,0
LF:34
LH:0
BRDA:17,0,0,0
BRDA:17,0,1,0
BRDA:17,1,0,0
BRDA:17,1,1,0
BRDA:23,2,0,0
BRDA:23,2,1,0
BRDA:39,3,0,0
BRDA:39,3,1,0
BRDA:44,4,0,0
BRDA:44,4,1,0
BRDA:47,5,0,0
BRDA:47,5,1,0
BRDA:51,6,0,0
BRDA:51,6,1,0
BRDA:51,7,0,0
BRDA:51,7,1,0
BRDA:96,8,0,0
BRDA:96,8,1,0
BRF:18
BRH:0
end_of_record
TN:
SF:src/components/DeckSearch/DeckSearchModal.tsx
FN:37,SortableSearchCard
FN:60,(anonymous_1)
FN:61,(anonymous_2)
FN:62,(anonymous_3)
FN:94,CardContextMenu
FN:97,(anonymous_5)
FN:98,(anonymous_6)
FN:105,(anonymous_7)
FN:137,(anonymous_8)
FN:138,(anonymous_9)
FN:155,(anonymous_10)
FN:156,(anonymous_11)
FN:174,(anonymous_12)
FN:175,(anonymous_13)
FN:192,(anonymous_14)
FN:193,(anonymous_15)
FN:201,DeckSearchModal
FN:223,(anonymous_17)
FN:228,(anonymous_18)
FN:242,(anonymous_19)
FN:248,(anonymous_20)
FN:254,(anonymous_21)
FN:258,(anonymous_22)
FN:259,(anonymous_23)
FN:260,(anonymous_24)
FN:266,(anonymous_25)
FN:271,(anonymous_26)
FN:274,(anonymous_27)
FN:274,(anonymous_28)
FN:280,(anonymous_29)
FN:283,(anonymous_30)
FN:283,(anonymous_31)
FN:289,(anonymous_32)
FN:292,(anonymous_33)
FN:292,(anonymous_34)
FN:298,(anonymous_35)
FN:301,(anonymous_36)
FN:301,(anonymous_37)
FN:307,(anonymous_38)
FN:312,(anonymous_39)
FN:330,(anonymous_40)
FN:345,(anonymous_41)
FN:380,(anonymous_42)
FN:392,(anonymous_43)
FN:437,(anonymous_44)
FNF:45
FNH:0
FNDA:0,SortableSearchCard
FNDA:0,(anonymous_1)
FNDA:0,(anonymous_2)
FNDA:0,(anonymous_3)
FNDA:0,CardContextMenu
FNDA:0,(anonymous_5)
FNDA:0,(anonymous_6)
FNDA:0,(anonymous_7)
FNDA:0,(anonymous_8)
FNDA:0,(anonymous_9)
FNDA:0,(anonymous_10)
FNDA:0,(anonymous_11)
FNDA:0,(anonymous_12)
FNDA:0,(anonymous_13)
FNDA:0,(anonymous_14)
FNDA:0,(anonymous_15)
FNDA:0,DeckSearchModal
FNDA:0,(anonymous_17)
FNDA:0,(anonymous_18)
FNDA:0,(anonymous_19)
FNDA:0,(anonymous_20)
FNDA:0,(anonymous_21)
FNDA:0,(anonymous_22)
FNDA:0,(anonymous_23)
FNDA:0,(anonymous_24)
FNDA:0,(anonymous_25)
FNDA:0,(anonymous_26)
FNDA:0,(anonymous_27)
FNDA:0,(anonymous_28)
FNDA:0,(anonymous_29)
FNDA:0,(anonymous_30)
FNDA:0,(anonymous_31)
FNDA:0,(anonymous_32)
FNDA:0,(anonymous_33)
FNDA:0,(anonymous_34)
FNDA:0,(anonymous_35)
FNDA:0,(anonymous_36)
FNDA:0,(anonymous_37)
FNDA:0,(anonymous_38)
FNDA:0,(anonymous_39)
FNDA:0,(anonymous_40)
FNDA:0,(anonymous_41)
FNDA:0,(anonymous_42)
FNDA:0,(anonymous_43)
FNDA:0,(anonymous_44)
DA:38,0
DA:46,0
DA:48,0
DA:54,0
DA:60,0
DA:61,0
DA:62,0
DA:95,0
DA:97,0
DA:98,0
DA:99,0
DA:100,0
DA:104,0
DA:105,0
DA:108,0
DA:137,0
DA:138,0
DA:155,0
DA:156,0
DA:174,0
DA:175,0
DA:192,0
DA:193,0
DA:211,0
DA:212,0
DA:214,0
DA:223,0
DA:224,0
DA:227,0
DA:229,0
DA:230,0
DA:231,0
DA:234,0
DA:235,0
DA:242,0
DA:243,0
DA:244,0
DA:245,0
DA:248,0
DA:249,0
DA:250,0
DA:254,0
DA:255,0
DA:257,0
DA:258,0
DA:259,0
DA:260,0
DA:261,0
DA:266,0
DA:267,0
DA:268,0
DA:271,0
DA:272,0
DA:273,0
DA:274,0
DA:275,0
DA:276,0
DA:280,0
DA:281,0
DA:282,0
DA:283,0
DA:284,0
DA:285,0
DA:289,0
DA:290,0
DA:291,0
DA:292,0
DA:293,0
DA:294,0
DA:298,0
DA:299,0
DA:300,0
DA:301,0
DA:302,0
DA:303,0
DA:307,0
DA:308,0
DA:309,0
DA:312,0
DA:313,0
DA:314,0
DA:317,0
DA:319,0
DA:321,0
DA:331,0
DA:332,0
DA:346,0
DA:347,0
DA:380,0
DA:393,0
DA:437,0
LF:91
LH:0
BRDA:51,0,0,0
BRDA:51,0,1,0
BRDA:65,1,0,0
BRDA:65,1,1,0
BRDA:99,2,0,0
BRDA:99,2,1,0
BRDA:99,3,0,0
BRDA:99,3,1,0
BRDA:229,4,0,0
BRDA:229,4,1,0
BRDA:230,5,0,0
BRDA:230,5,1,0
BRDA:243,6,0,0
BRDA:243,6,1,0
BRDA:257,7,0,0
BRDA:257,7,1,0
BRDA:257,8,0,0
BRDA:257,8,1,0
BRDA:272,9,0,0
BRDA:272,9,1,0
BRDA:281,10,0,0
BRDA:281,10,1,0
BRDA:290,11,0,0
BRDA:290,11,1,0
BRDA:299,12,0,0
BRDA:299,12,1,0
BRDA:317,13,0,0
BRDA:317,13,1,0
BRDA:319,14,0,0
BRDA:319,14,1,0
BRDA:370,15,0,0
BRDA:370,15,1,0
BRDA:429,16,0,0
BRDA:429,16,1,0
BRF:34
BRH:0
end_of_record
TN:
SF:src/components/DeckZone/DeckZone.tsx
FN:20,DeckZone
FN:61,(anonymous_1)
FN:65,(anonymous_2)
FN:73,(anonymous_3)
FN:84,(anonymous_4)
FN:92,(anonymous_5)
FN:97,(anonymous_6)
FN:105,(anonymous_7)
FN:109,(anonymous_8)
FN:126,(anonymous_9)
FN:127,(anonymous_10)
FN:149,(anonymous_11)
FN:188,(anonymous_12)
FN:288,(anonymous_13)
FNF:14
FNH:0
FNDA:0,DeckZone
FNDA:0,(anonymous_1)
FNDA:0,(anonymous_2)
FNDA:0,(anonymous_3)
FNDA:0,(anonymous_4)
FNDA:0,(anonymous_5)
FNDA:0,(anonymous_6)
FNDA:0,(anonymous_7)
FNDA:0,(anonymous_8)
FNDA:0,(anonymous_9)
FNDA:0,(anonymous_10)
FNDA:0,(anonymous_11)
FNDA:0,(anonymous_12)
FNDA:0,(anonymous_13)
DA:15,0
DA:22,0
DA:23,0
DA:24,0
DA:27,0
DA:30,0
DA:33,0
DA:34,0
DA:35,0
DA:38,0
DA:44,0
DA:51,0
DA:52,0
DA:54,0
DA:58,0
DA:59,0
DA:61,0
DA:62,0
DA:65,0
DA:66,0
DA:68,0
DA:69,0
DA:70,0
DA:73,0
DA:74,0
DA:75,0
DA:76,0
DA:77,0
DA:78,0
DA:79,0
DA:80,0
DA:84,0
DA:85,0
DA:86,0
DA:87,0
DA:88,0
DA:92,0
DA:93,0
DA:94,0
DA:97,0
DA:98,0
DA:99,0
DA:101,0
DA:105,0
DA:106,0
DA:109,0
DA:110,0
DA:112,0
DA:114,0
DA:115,0
DA:118,0
DA:122,0
DA:126,0
DA:127,0
DA:150,0
DA:189,0
DA:190,0
DA:288,0
LF:58
LH:0
BRDA:35,0,0,0
BRDA:35,0,1,0
BRDA:38,1,0,0
BRDA:38,1,1,0
BRDA:39,2,0,0
BRDA:39,2,1,0
BRDA:44,3,0,0
BRDA:44,3,1,0
BRDA:44,3,2,0
BRDA:47,4,0,0
BRDA:47,4,1,0
BRDA:48,5,0,0
BRDA:48,5,1,0
BRDA:51,6,0,0
BRDA:51,6,1,0
BRDA:59,7,0,0
BRDA:59,7,1,0
BRDA:68,8,0,0
BRDA:68,8,1,0
BRDA:69,9,0,0
BRDA:69,9,1,0
BRDA:75,10,0,0
BRDA:75,10,1,0
BRDA:79,11,0,0
BRDA:79,11,1,0
BRDA:87,12,0,0
BRDA:87,12,1,0
BRDA:98,13,0,0
BRDA:98,13,1,0
BRDA:112,14,0,0
BRDA:112,14,1,0
BRDA:147,15,0,0
BRDA:147,15,1,0
BRDA:215,16,0,0
BRDA:215,16,1,0
BRDA:228,17,0,0
BRDA:228,17,1,0
BRDA:259,18,0,0
BRDA:259,18,1,0
BRDA:261,19,0,0
BRDA:261,19,1,0
BRDA:282,20,0,0
BRDA:282,20,1,0
BRF:43
BRH:0
end_of_record
TN:
SF:src/components/DiscardPile/DiscardPile.tsx
FN:11,DiscardPile
FN:44,(anonymous_1)
FN:64,(anonymous_2)
FN:65,(anonymous_3)
FNF:4
FNH:0
FNDA:0,DiscardPile
FNDA:0,(anonymous_1)
FNDA:0,(anonymous_2)
FNDA:0,(anonymous_3)
DA:12,0
DA:13,0
DA:14,0
DA:15,0
DA:18,0
DA:22,0
DA:24,0
DA:28,0
DA:31,0
DA:33,0
DA:39,0
DA:41,0
DA:44,0
DA:64,0
DA:65,0
LF:15
LH:0
BRDA:15,0,0,0
BRDA:15,0,1,0
BRDA:18,1,0,0
BRDA:18,1,1,0
BRDA:19,2,0,0
BRDA:19,2,1,0
BRDA:28,3,0,0
BRDA:28,3,1,0
BRDA:31,4,0,0
BRDA:31,4,1,0
BRDA:34,5,0,0
BRDA:34,5,1,0
BRDA:39,6,0,0
BRDA:39,6,1,0
BRDA:59,7,0,0
BRDA:59,7,1,0
BRDA:62,8,0,0
BRDA:62,8,1,0
BRDA:63,9,0,0
BRDA:63,9,1,0
BRDA:69,10,0,0
BRDA:69,10,1,0
BRDA:70,11,0,0
BRDA:70,11,1,0
BRDA:126,12,0,0
BRDA:126,12,1,0
BRF:26
BRH:0
end_of_record
TN:
SF:src/components/Game/Game.tsx
FN:27,Game
FN:80,(anonymous_1)
FN:116,(anonymous_2)
FN:126,(anonymous_3)
FN:135,(anonymous_4)
FN:163,(anonymous_5)
FN:181,(anonymous_6)
FN:217,(anonymous_7)
FN:399,(anonymous_8)
FNF:9
FNH:0
FNDA:0,Game
FNDA:0,(anonymous_1)
FNDA:0,(anonymous_2)
FNDA:0,(anonymous_3)
FNDA:0,(anonymous_4)
FNDA:0,(anonymous_5)
FNDA:0,(anonymous_6)
FNDA:0,(anonymous_7)
FNDA:0,(anonymous_8)
DA:28,0
DA:29,0
DA:40,0
DA:61,0
DA:72,0
DA:74,0
DA:77,0
DA:80,0
DA:81,0
DA:84,0
DA:85,0
DA:90,0
DA:100,0
DA:103,0
DA:104,0
DA:105,0
DA:108,0
DA:109,0
DA:110,0
DA:113,0
DA:116,0
DA:117,0
DA:118,0
DA:119,0
DA:120,0
DA:123,0
DA:125,0
DA:126,0
DA:128,0
DA:129,0
DA:133,0
DA:135,0
DA:136,0
DA:137,0
DA:138,0
DA:139,0
DA:142,0
DA:144,0
DA:145,0
DA:148,0
DA:149,0
DA:152,0
DA:153,0
DA:163,0
DA:164,0
DA:167,0
DA:168,0
DA:169,0
DA:171,0
DA:172,0
DA:173,0
DA:181,0
DA:182,0
DA:183,0
DA:186,0
DA:187,0
DA:193,0
DA:195,0
DA:196,0
DA:197,0
DA:198,0
DA:199,0
DA:200,0
DA:202,0
DA:205,0
DA:206,0
DA:207,0
DA:208,0
DA:209,0
DA:211,0
DA:214,0
DA:217,0
DA:218,0
DA:222,0
DA:223,0
DA:224,0
DA:225,0
DA:227,0
DA:229,0
DA:230,0
DA:232,0
DA:235,0
DA:236,0
DA:237,0
DA:238,0
DA:239,0
DA:241,0
DA:242,0
DA:244,0
DA:245,0
DA:246,0
DA:247,0
DA:249,0
DA:253,0
DA:254,0
DA:256,0
DA:258,0
DA:259,0
DA:260,0
DA:261,0
DA:262,0
DA:264,0
DA:265,0
DA:267,0
DA:268,0
DA:269,0
DA:270,0
DA:272,0
DA:276,0
DA:277,0
DA:279,0
DA:281,0
DA:282,0
DA:283,0
DA:285,0
DA:286,0
DA:288,0
DA:289,0
DA:290,0
DA:291,0
DA:293,0
DA:297,0
DA:298,0
DA:301,0
DA:302,0
DA:305,0
DA:307,0
DA:309,0
DA:310,0
DA:311,0
DA:312,0
DA:313,0
DA:315,0
DA:316,0
DA:318,0
DA:319,0
DA:320,0
DA:321,0
DA:323,0
DA:327,0
DA:328,0
DA:329,0
DA:330,0
DA:333,0
DA:335,0
DA:337,0
DA:338,0
DA:339,0
DA:340,0
DA:341,0
DA:343,0
DA:344,0
DA:346,0
DA:347,0
DA:348,0
DA:349,0
DA:351,0
DA:355,0
DA:357,0
DA:359,0
DA:360,0
DA:363,0
DA:364,0
DA:365,0
DA:366,0
DA:368,0
DA:369,0
DA:370,0
DA:372,0
DA:375,0
DA:376,0
DA:377,0
DA:379,0
DA:381,0
DA:382,0
DA:383,0
DA:384,0
DA:386,0
DA:388,0
DA:389,0
DA:390,0
DA:391,0
DA:393,0
DA:395,0
DA:399,0
DA:400,0
DA:401,0
DA:403,0
DA:406,0
LF:189
LH:0
BRDA:81,0,0,0
BRDA:81,0,1,0
BRDA:84,1,0,0
BRDA:84,1,1,0
BRDA:84,2,0,0
BRDA:84,2,1,0
BRDA:84,2,2,0
BRDA:100,3,0,0
BRDA:100,3,1,0
BRDA:103,4,0,0
BRDA:103,4,1,0
BRDA:104,5,0,0
BRDA:104,5,1,0
BRDA:105,6,0,0
BRDA:105,6,1,0
BRDA:108,7,0,0
BRDA:108,7,1,0
BRDA:109,8,0,0
BRDA:109,8,1,0
BRDA:110,9,0,0
BRDA:110,9,1,0
BRDA:117,10,0,0
BRDA:117,10,1,0
BRDA:118,11,0,0
BRDA:118,11,1,0
BRDA:144,12,0,0
BRDA:144,12,1,0
BRDA:148,13,0,0
BRDA:148,13,1,0
BRDA:152,14,0,0
BRDA:152,14,1,0
BRDA:152,14,2,0
BRDA:156,15,0,0
BRDA:156,15,1,0
BRDA:157,16,0,0
BRDA:157,16,1,0
BRDA:157,16,2,0
BRDA:164,17,0,0
BRDA:164,17,1,0
BRDA:164,18,0,0
BRDA:164,18,1,0
BRDA:168,19,0,0
BRDA:168,19,1,0
BRDA:172,20,0,0
BRDA:172,20,1,0
BRDA:186,21,0,0
BRDA:186,21,1,0
BRDA:189,22,0,0
BRDA:189,22,1,0
BRDA:193,23,0,0
BRDA:193,23,1,0
BRDA:202,24,0,0
BRDA:202,24,1,0
BRDA:206,25,0,0
BRDA:206,25,1,0
BRDA:206,26,0,0
BRDA:206,26,1,0
BRDA:206,26,2,0
BRDA:206,26,3,0
BRDA:208,27,0,0
BRDA:208,27,1,0
BRDA:208,28,0,0
BRDA:208,28,1,0
BRDA:208,28,2,0
BRDA:218,29,0,0
BRDA:218,29,1,0
BRDA:218,30,0,0
BRDA:218,30,1,0
BRDA:222,31,0,0
BRDA:222,31,1,0
BRDA:227,32,0,0
BRDA:227,32,1,0
BRDA:229,33,0,0
BRDA:229,33,1,0
BRDA:235,34,0,0
BRDA:235,34,1,0
BRDA:237,35,0,0
BRDA:237,35,1,0
BRDA:237,36,0,0
BRDA:237,36,1,0
BRDA:238,37,0,0
BRDA:238,37,1,0
BRDA:244,38,0,0
BRDA:244,38,1,0
BRDA:244,39,0,0
BRDA:244,39,1,0
BRDA:246,40,0,0
BRDA:246,40,1,0
BRDA:246,41,0,0
BRDA:246,41,1,0
BRDA:253,42,0,0
BRDA:253,42,1,0
BRDA:258,43,0,0
BRDA:258,43,1,0
BRDA:260,44,0,0
BRDA:260,44,1,0
BRDA:260,45,0,0
BRDA:260,45,1,0
BRDA:261,46,0,0
BRDA:261,46,1,0
BRDA:267,47,0,0
BRDA:267,47,1,0
BRDA:267,48,0,0
BRDA:267,48,1,0
BRDA:269,49,0,0
BRDA:269,49,1,0
BRDA:269,50,0,0
BRDA:269,50,1,0
BRDA:276,51,0,0
BRDA:276,51,1,0
BRDA:281,52,0,0
BRDA:281,52,1,0
BRDA:281,53,0,0
BRDA:281,53,1,0
BRDA:282,54,0,0
BRDA:282,54,1,0
BRDA:288,55,0,0
BRDA:288,55,1,0
BRDA:288,56,0,0
BRDA:288,56,1,0
BRDA:290,57,0,0
BRDA:290,57,1,0
BRDA:290,58,0,0
BRDA:290,58,1,0
BRDA:297,59,0,0
BRDA:297,59,1,0
BRDA:301,60,0,0
BRDA:301,60,1,0
BRDA:309,61,0,0
BRDA:309,61,1,0
BRDA:311,62,0,0
BRDA:311,62,1,0
BRDA:311,63,0,0
BRDA:311,63,1,0
BRDA:312,64,0,0
BRDA:312,64,1,0
BRDA:318,65,0,0
BRDA:318,65,1,0
BRDA:318,66,0,0
BRDA:318,66,1,0
BRDA:320,67,0,0
BRDA:320,67,1,0
BRDA:320,68,0,0
BRDA:320,68,1,0
BRDA:327,69,0,0
BRDA:327,69,1,0
BRDA:329,70,0,0
BRDA:329,70,1,0
BRDA:329,71,0,0
BRDA:329,71,1,0
BRDA:337,72,0,0
BRDA:337,72,1,0
BRDA:339,73,0,0
BRDA:339,73,1,0
BRDA:339,74,0,0
BRDA:339,74,1,0
BRDA:340,75,0,0
BRDA:340,75,1,0
BRDA:346,76,0,0
BRDA:346,76,1,0
BRDA:346,77,0,0
BRDA:346,77,1,0
BRDA:348,78,0,0
BRDA:348,78,1,0
BRDA:348,79,0,0
BRDA:348,79,1,0
BRDA:355,80,0,0
BRDA:355,80,1,0
BRDA:359,81,0,0
BRDA:359,81,1,0
BRDA:359,82,0,0
BRDA:359,82,1,0
BRDA:363,83,0,0
BRDA:363,83,1,0
BRDA:363,84,0,0
BRDA:363,84,1,0
BRDA:364,85,0,0
BRDA:364,85,1,0
BRDA:369,86,0,0
BRDA:369,86,1,0
BRDA:375,87,0,0
BRDA:375,87,1,0
BRDA:376,88,0,0
BRDA:376,88,1,0
BRDA:382,89,0,0
BRDA:382,89,1,0
BRDA:382,90,0,0
BRDA:382,90,1,0
BRDA:383,91,0,0
BRDA:383,91,1,0
BRDA:389,92,0,0
BRDA:389,92,1,0
BRDA:389,93,0,0
BRDA:389,93,1,0
BRDA:390,94,0,0
BRDA:390,94,1,0
BRDA:400,95,0,0
BRDA:400,95,1,0
BRDA:410,96,0,0
BRDA:410,96,1,0
BRDA:410,96,2,0
BRDA:425,97,0,0
BRDA:425,97,1,0
BRDA:425,97,2,0
BRDA:430,98,0,0
BRDA:430,98,1,0
BRDA:454,99,0,0
BRDA:454,99,1,0
BRDA:499,100,0,0
BRDA:499,100,1,0
BRDA:507,101,0,0
BRDA:507,101,1,0
BRDA:508,102,0,0
BRDA:508,102,1,0
BRF:214
BRH:0
end_of_record
TN:
SF:src/components/GameControls/GameControls.tsx
FN:5,GameControls
FN:25,(anonymous_1)
FNF:2
FNH:0
FNDA:0,GameControls
FNDA:0,(anonymous_1)
DA:7,0
DA:10,0
DA:13,0
DA:14,0
DA:15,0
DA:20,0
DA:25,0
DA:27,0
DA:30,0
LF:9
LH:0
BRDA:15,0,0,0
BRDA:15,0,1,0
BRDA:20,1,0,0
BRDA:20,1,1,0
BRDA:39,2,0,0
BRDA:39,2,1,0
BRDA:40,3,0,0
BRDA:40,3,1,0
BRDA:48,4,0,0
BRDA:48,4,1,0
BRDA:50,5,0,0
BRDA:50,5,1,0
BRDA:50,6,0,0
BRDA:50,6,1,0
BRDA:59,7,0,0
BRDA:59,7,1,0
BRDA:61,8,0,0
BRDA:61,8,1,0
BRDA:61,9,0,0
BRDA:61,9,1,0
BRF:20
BRH:0
end_of_record
TN:
SF:src/components/GameLog/GameLog.tsx
FN:5,GameLog
FN:21,(anonymous_1)
FN:28,(anonymous_2)
FN:34,(anonymous_3)
FN:54,(anonymous_4)
FN:59,(anonymous_5)
FN:74,(anonymous_6)
FN:101,(anonymous_7)
FN:159,(anonymous_8)
FN:182,(anonymous_9)
FNF:10
FNH:0
FNDA:0,GameLog
FNDA:0,(anonymous_1)
FNDA:0,(anonymous_2)
FNDA:0,(anonymous_3)
FNDA:0,(anonymous_4)
FNDA:0,(anonymous_5)
FNDA:0,(anonymous_6)
FNDA:0,(anonymous_7)
FNDA:0,(anonymous_8)
FNDA:0,(anonymous_9)
DA:6,0
DA:7,0
DA:8,0
DA:9,0
DA:16,0
DA:18,0
DA:21,0
DA:22,0
DA:23,0
DA:28,0
DA:29,0
DA:30,0
DA:34,0
DA:35,0
DA:36,0
DA:37,0
DA:40,0
DA:41,0
DA:42,0
DA:43,0
DA:44,0
DA:46,0
DA:48,0
DA:51,0
DA:54,0
DA:55,0
DA:56,0
DA:59,0
DA:60,0
DA:62,0
DA:64,0
DA:66,0
DA:68,0
DA:70,0
DA:74,0
DA:75,0
DA:77,0
DA:79,0
DA:81,0
DA:83,0
DA:84,0
DA:86,0
DA:88,0
DA:90,0
DA:95,0
DA:97,0
DA:101,0
DA:160,0
DA:182,0
LF:49
LH:0
BRDA:22,0,0,0
BRDA:22,0,1,0
BRDA:22,1,0,0
BRDA:22,1,1,0
BRDA:29,2,0,0
BRDA:29,2,1,0
BRDA:29,3,0,0
BRDA:29,3,1,0
BRDA:37,4,0,0
BRDA:37,4,1,0
BRDA:41,5,0,0
BRDA:41,5,1,0
BRDA:43,6,0,0
BRDA:43,6,1,0
BRDA:43,7,0,0
BRDA:43,7,1,0
BRDA:46,8,0,0
BRDA:46,8,1,0
BRDA:60,9,0,0
BRDA:60,9,1,0
BRDA:60,9,2,0
BRDA:60,9,3,0
BRDA:60,9,4,0
BRDA:62,10,0,0
BRDA:62,10,1,0
BRDA:68,11,0,0
BRDA:68,11,1,0
BRDA:75,12,0,0
BRDA:75,12,1,0
BRDA:75,13,0,0
BRDA:75,13,1,0
BRDA:77,14,0,0
BRDA:77,14,1,0
BRDA:77,14,2,0
BRDA:77,14,3,0
BRDA:77,14,4,0
BRDA:83,15,0,0
BRDA:83,15,1,0
BRDA:95,16,0,0
BRDA:95,16,1,0
BRDA:107,17,0,0
BRDA:107,17,1,0
BRDA:110,18,0,0
BRDA:110,18,1,0
BRDA:112,19,0,0
BRDA:112,19,1,0
BRDA:121,20,0,0
BRDA:121,20,1,0
BRDA:123,21,0,0
BRDA:123,21,1,0
BRDA:138,22,0,0
BRDA:138,22,1,0
BRDA:144,23,0,0
BRDA:144,23,1,0
BRDA:154,24,0,0
BRDA:154,24,1,0
BRDA:164,25,0,0
BRDA:164,25,1,0
BRDA:175,26,0,0
BRDA:175,26,1,0
BRF:60
BRH:0
end_of_record
TN:
SF:src/components/GhostCard/GhostCard.tsx
FN:13,GhostCard
FNF:1
FNH:0
FNDA:0,GhostCard
DA:14,0
DA:17,0
DA:18,0
DA:23,0
DA:27,0
DA:28,0
DA:31,0
DA:34,0
DA:51,0
LF:9
LH:0
BRDA:13,0,0,0
BRDA:17,1,0,0
BRDA:17,1,1,0
BRDA:17,2,0,0
BRDA:17,2,1,0
BRDA:17,2,2,0
BRDA:27,3,0,0
BRDA:27,3,1,0
BRDA:28,4,0,0
BRDA:28,4,1,0
BRDA:34,5,0,0
BRDA:34,5,1,0
BRDA:39,6,0,0
BRDA:39,6,1,0
BRDA:47,7,0,0
BRDA:47,7,1,0
BRDA:62,8,0,0
BRDA:62,8,1,0
BRF:18
BRH:0
end_of_record
TN:
SF:src/components/Hand/DraggableCard.tsx
FN:13,DraggableCard
FN:49,(anonymous_1)
FN:50,(anonymous_2)
FNF:3
FNH:0
FNDA:0,DraggableCard
FNDA:0,(anonymous_1)
FNDA:0,(anonymous_2)
DA:20,0
DA:25,0
DA:32,0
DA:49,0
DA:50,0
LF:5
LH:0
BRDA:25,0,0,0
BRDA:25,0,1,0
BRDA:28,1,0,0
BRDA:28,1,1,0
BRDA:40,2,0,0
BRDA:40,2,1,0
BRF:6
BRH:0
end_of_record
TN:
SF:src/components/Hand/Hand.tsx
FN:21,Hand
FN:41,(anonymous_1)
FN:44,(anonymous_2)
FN:51,(anonymous_3)
FN:70,(anonymous_4)
FN:74,(anonymous_5)
FN:82,(anonymous_6)
FN:132,(anonymous_7)
FN:138,(anonymous_8)
FN:140,(anonymous_9)
FN:149,(anonymous_10)
FNF:11
FNH:0
FNDA:0,Hand
FNDA:0,(anonymous_1)
FNDA:0,(anonymous_2)
FNDA:0,(anonymous_3)
FNDA:0,(anonymous_4)
FNDA:0,(anonymous_5)
FNDA:0,(anonymous_6)
FNDA:0,(anonymous_7)
FNDA:0,(anonymous_8)
FNDA:0,(anonymous_9)
FNDA:0,(anonymous_10)
DA:22,0
DA:23,0
DA:24,0
DA:33,0
DA:35,0
DA:37,0
DA:38,0
DA:41,0
DA:42,0
DA:44,0
DA:45,0
DA:46,0
DA:50,0
DA:51,0
DA:57,0
DA:58,0
DA:61,0
DA:67,0
DA:68,0
DA:70,0
DA:71,0
DA:74,0
DA:76,0
DA:78,0
DA:79,0
DA:82,0
DA:83,0
DA:85,0
DA:92,0
DA:93,0
DA:94,0
DA:96,0
DA:97,0
DA:114,0
DA:133,0
DA:138,0
DA:141,0
DA:149,0
LF:38
LH:0
BRDA:21,0,0,0
BRDA:37,1,0,0
BRDA:37,1,1,0
BRDA:37,1,2,0
BRDA:42,2,0,0
BRDA:42,2,1,0
BRDA:45,3,0,0
BRDA:45,3,1,0
BRDA:45,4,0,0
BRDA:45,4,1,0
BRDA:57,5,0,0
BRDA:57,5,1,0
BRDA:58,6,0,0
BRDA:58,6,1,0
BRDA:59,7,0,0
BRDA:59,7,1,0
BRDA:60,8,0,0
BRDA:60,8,1,0
BRDA:67,9,0,0
BRDA:67,9,1,0
BRDA:68,10,0,0
BRDA:68,10,1,0
BRDA:71,11,0,0
BRDA:71,11,1,0
BRDA:76,12,0,0
BRDA:76,12,1,0
BRDA:76,13,0,0
BRDA:76,13,1,0
BRDA:92,14,0,0
BRDA:92,14,1,0
BRDA:92,15,0,0
BRDA:92,15,1,0
BRDA:93,16,0,0
BRDA:93,16,1,0
BRDA:93,17,0,0
BRDA:93,17,1,0
BRDA:94,18,0,0
BRDA:94,18,1,0
BRDA:96,19,0,0
BRDA:96,19,1,0
BRDA:102,20,0,0
BRDA:102,20,1,0
BRDA:102,21,0,0
BRDA:102,21,1,0
BRDA:108,22,0,0
BRDA:108,22,1,0
BRDA:121,23,0,0
BRDA:121,23,1,0
BRDA:121,24,0,0
BRDA:121,24,1,0
BRDA:126,25,0,0
BRDA:126,25,1,0
BRDA:129,26,0,0
BRDA:129,26,1,0
BRDA:159,27,0,0
BRDA:159,27,1,0
BRF:56
BRH:0
end_of_record
TN:
SF:src/components/Hand/SortableCard.tsx
FN:17,SortableCard
FN:61,(anonymous_1)
FN:62,(anonymous_2)
FNF:3
FNH:0
FNDA:0,SortableCard
FNDA:0,(anonymous_1)
FNDA:0,(anonymous_2)
DA:34,0
DA:39,0
DA:45,0
DA:61,0
DA:62,0
LF:5
LH:0
BRDA:21,0,0,0
BRDA:42,1,0,0
BRDA:42,1,1,0
BRDA:52,2,0,0
BRDA:52,2,1,0
BRF:5
BRH:0
end_of_record
TN:
SF:src/components/Modal/Modal.tsx
FN:11,Modal
FN:13,(anonymous_1)
FN:21,(anonymous_2)
FN:27,(anonymous_3)
FNF:4
FNH:0
FNDA:0,Modal
FNDA:0,(anonymous_1)
FNDA:0,(anonymous_2)
FNDA:0,(anonymous_3)
DA:12,0
DA:14,0
DA:15,0
DA:21,0
DA:22,0
DA:23,0
DA:24,0
DA:27,0
DA:28,0
DA:29,0
DA:33,0
DA:35,0
LF:12
LH:0
BRDA:14,0,0,0
BRDA:14,0,1,0
BRDA:22,1,0,0
BRDA:22,1,1,0
BRDA:33,2,0,0
BRDA:33,2,1,0
BRF:6
BRH:0
end_of_record
TN:
SF:src/components/PlayerStats/PlayerStats.tsx
FN:16,ClickableValue
FN:25,(anonymous_1)
FN:28,(anonymous_2)
FN:30,(anonymous_3)
FN:97,PlayerStatBlock
FN:130,(anonymous_5)
FN:131,(anonymous_6)
FN:145,(anonymous_7)
FN:146,(anonymous_8)
FN:154,(anonymous_9)
FN:155,(anonymous_10)
FN:256,PlayerStats
FNF:12
FNH:0
FNDA:0,ClickableValue
FNDA:0,(anonymous_1)
FNDA:0,(anonymous_2)
FNDA:0,(anonymous_3)
FNDA:0,PlayerStatBlock
FNDA:0,(anonymous_5)
FNDA:0,(anonymous_6)
FNDA:0,(anonymous_7)
FNDA:0,(anonymous_8)
FNDA:0,(anonymous_9)
FNDA:0,(anonymous_10)
FNDA:0,PlayerStats
DA:17,0
DA:18,0
DA:19,0
DA:22,0
DA:23,0
DA:25,0
DA:26,0
DA:27,0
DA:28,0
DA:29,0
DA:30,0
DA:34,0
DA:99,0
DA:101,0
DA:130,0
DA:131,0
DA:145,0
DA:146,0
DA:154,0
DA:155,0
DA:267,0
DA:270,0
DA:271,0
DA:272,0
DA:277,0
DA:278,0
DA:279,0
DA:280,0
DA:282,0
DA:283,0
DA:284,0
DA:285,0
DA:288,0
DA:289,0
DA:291,0
LF:35
LH:0
BRDA:16,0,0,0
BRDA:16,1,0,0
BRDA:17,2,0,0
BRDA:17,2,1,0
BRDA:18,3,0,0
BRDA:18,3,1,0
BRDA:19,4,0,0
BRDA:19,4,1,0
BRDA:26,5,0,0
BRDA:26,5,1,0
BRDA:46,6,0,0
BRDA:46,6,1,0
BRDA:50,7,0,0
BRDA:50,7,1,0
BRDA:79,8,0,0
BRDA:79,8,1,0
BRDA:97,9,0,0
BRDA:114,10,0,0
BRDA:114,10,1,0
BRDA:163,11,0,0
BRDA:163,11,1,0
BRDA:185,12,0,0
BRDA:185,12,1,0
BRDA:207,13,0,0
BRDA:207,13,1,0
BRDA:229,14,0,0
BRDA:229,14,1,0
BRDA:272,15,0,0
BRDA:272,15,1,0
BRDA:277,16,0,0
BRDA:277,16,1,0
BRDA:278,17,0,0
BRDA:278,17,1,0
BRDA:279,18,0,0
BRDA:279,18,1,0
BRDA:280,19,0,0
BRDA:280,19,1,0
BRDA:282,20,0,0
BRDA:282,20,1,0
BRDA:283,21,0,0
BRDA:283,21,1,0
BRDA:284,22,0,0
BRDA:284,22,1,0
BRDA:285,23,0,0
BRDA:285,23,1,0
BRDA:288,24,0,0
BRDA:288,24,1,0
BRDA:289,25,0,0
BRDA:289,25,1,0
BRF:49
BRH:0
end_of_record
TN:
SF:src/components/RevealHand/RevealHandModal.tsx
FN:13,RevealHandModal
FN:17,(anonymous_1)
FN:20,(anonymous_2)
FN:27,(anonymous_3)
FN:39,(anonymous_4)
FN:62,(anonymous_5)
FN:65,(anonymous_6)
FN:66,(anonymous_7)
FNF:8
FNH:0
FNDA:0,RevealHandModal
FNDA:0,(anonymous_1)
FNDA:0,(anonymous_2)
FNDA:0,(anonymous_3)
FNDA:0,(anonymous_4)
FNDA:0,(anonymous_5)
FNDA:0,(anonymous_6)
FNDA:0,(anonymous_7)
DA:14,0
DA:17,0
DA:18,0
DA:20,0
DA:21,0
DA:22,0
DA:26,0
DA:27,0
DA:30,0
DA:32,0
DA:39,0
DA:63,0
DA:65,0
DA:66,0
LF:14
LH:0
BRDA:18,0,0,0
BRDA:18,0,1,0
BRDA:21,1,0,0
BRDA:21,1,1,0
BRDA:30,2,0,0
BRDA:30,2,1,0
BRDA:53,3,0,0
BRDA:53,3,1,0
BRF:8
BRH:0
end_of_record
TN:
SF:src/components/SpellStack/SpellStack.tsx
FN:10,SpellStack
FN:65,(anonymous_1)
FN:66,(anonymous_2)
FNF:3
FNH:0
FNDA:0,SpellStack
FNDA:0,(anonymous_1)
FNDA:0,(anonymous_2)
DA:11,0
DA:12,0
DA:14,0
DA:15,0
DA:16,0
DA:17,0
DA:20,0
DA:25,0
DA:29,0
DA:30,0
DA:33,0
DA:35,0
DA:45,0
DA:65,0
DA:66,0
LF:15
LH:0
BRDA:16,0,0,0
BRDA:16,0,1,0
BRDA:16,0,2,0
BRDA:17,1,0,0
BRDA:17,1,1,0
BRDA:20,2,0,0
BRDA:20,2,1,0
BRDA:21,3,0,0
BRDA:21,3,1,0
BRDA:22,4,0,0
BRDA:22,4,1,0
BRDA:25,5,0,0
BRDA:25,5,1,0
BRDA:26,6,0,0
BRDA:26,6,1,0
BRDA:29,7,0,0
BRDA:29,7,1,0
BRDA:33,8,0,0
BRDA:33,8,1,0
BRDA:36,9,0,0
BRDA:36,9,1,0
BRDA:51,10,0,0
BRDA:51,10,1,0
BRDA:53,11,0,0
BRDA:53,11,1,0
BRDA:61,12,0,0
BRDA:61,12,1,0
BRDA:64,13,0,0
BRDA:64,13,1,0
BRDA:70,14,0,0
BRDA:70,14,1,0
BRDA:71,15,0,0
BRDA:71,15,1,0
BRDA:88,16,0,0
BRDA:88,16,1,0
BRDA:91,17,0,0
BRDA:91,17,1,0
BRF:37
BRH:0
end_of_record
TN:
SF:src/hooks/useGameActions.ts
FN:11,useGameActions
FN:18,(anonymous_1)
FN:25,(anonymous_2)
FN:41,(anonymous_3)
FN:57,(anonymous_4)
FN:73,(anonymous_5)
FN:86,(anonymous_6)
FN:91,(anonymous_7)
FN:96,(anonymous_8)
FN:101,(anonymous_9)
FN:107,(anonymous_10)
FN:112,(anonymous_11)
FN:115,(anonymous_12)
FN:122,(anonymous_13)
FN:128,(anonymous_14)
FN:133,(anonymous_15)
FN:139,(anonymous_16)
FN:154,(anonymous_17)
FN:167,(anonymous_18)
FN:181,(anonymous_19)
FN:194,(anonymous_20)
FN:207,(anonymous_21)
FN:212,(anonymous_22)
FN:219,(anonymous_23)
FN:222,(anonymous_24)
FN:230,(anonymous_25)
FN:243,(anonymous_26)
FN:250,(anonymous_27)
FN:263,(anonymous_28)
FN:269,(anonymous_29)
FN:275,(anonymous_30)
FN:281,(anonymous_31)
FN:290,(anonymous_32)
FN:317,(anonymous_33)
FN:383,serializeCard
FNF:35
FNH:0
FNDA:0,useGameActions
FNDA:0,(anonymous_1)
FNDA:0,(anonymous_2)
FNDA:0,(anonymous_3)
FNDA:0,(anonymous_4)
FNDA:0,(anonymous_5)
FNDA:0,(anonymous_6)
FNDA:0,(anonymous_7)
FNDA:0,(anonymous_8)
FNDA:0,(anonymous_9)
FNDA:0,(anonymous_10)
FNDA:0,(anonymous_11)
FNDA:0,(anonymous_12)
FNDA:0,(anonymous_13)
FNDA:0,(anonymous_14)
FNDA:0,(anonymous_15)
FNDA:0,(anonymous_16)
FNDA:0,(anonymous_17)
FNDA:0,(anonymous_18)
FNDA:0,(anonymous_19)
FNDA:0,(anonymous_20)
FNDA:0,(anonymous_21)
FNDA:0,(anonymous_22)
FNDA:0,(anonymous_23)
FNDA:0,(anonymous_24)
FNDA:0,(anonymous_25)
FNDA:0,(anonymous_26)
FNDA:0,(anonymous_27)
FNDA:0,(anonymous_28)
FNDA:0,(anonymous_29)
FNDA:0,(anonymous_30)
FNDA:0,(anonymous_31)
FNDA:0,(anonymous_32)
FNDA:0,(anonymous_33)
FNDA:0,serializeCard
DA:12,0
DA:13,0
DA:15,0
DA:18,0
DA:19,0
DA:20,0
DA:25,0
DA:26,0
DA:27,0
DA:31,0
DA:32,0
DA:41,0
DA:42,0
DA:43,0
DA:47,0
DA:48,0
DA:57,0
DA:58,0
DA:59,0
DA:63,0
DA:64,0
DA:73,0
DA:74,0
DA:75,0
DA:76,0
DA:77,0
DA:86,0
DA:87,0
DA:88,0
DA:91,0
DA:92,0
DA:93,0
DA:96,0
DA:97,0
DA:98,0
DA:101,0
DA:102,0
DA:103,0
DA:107,0
DA:108,0
DA:109,0
DA:112,0
DA:114,0
DA:115,0
DA:116,0
DA:118,0
DA:119,0
DA:122,0
DA:123,0
DA:124,0
DA:128,0
DA:129,0
DA:130,0
DA:133,0
DA:134,0
DA:135,0
DA:139,0
DA:140,0
DA:141,0
DA:142,0
DA:143,0
DA:144,0
DA:154,0
DA:155,0
DA:156,0
DA:157,0
DA:158,0
DA:167,0
DA:168,0
DA:169,0
DA:170,0
DA:171,0
DA:181,0
DA:182,0
DA:183,0
DA:184,0
DA:185,0
DA:194,0
DA:195,0
DA:196,0
DA:197,0
DA:198,0
DA:207,0
DA:208,0
DA:209,0
DA:212,0
DA:213,0
DA:214,0
DA:219,0
DA:220,0
DA:221,0
DA:222,0
DA:230,0
DA:231,0
DA:232,0
DA:233,0
DA:234,0
DA:243,0
DA:244,0
DA:245,0
DA:246,0
DA:250,0
DA:251,0
DA:252,0
DA:253,0
DA:254,0
DA:263,0
DA:264,0
DA:265,0
DA:266,0
DA:269,0
DA:270,0
DA:271,0
DA:275,0
DA:276,0
DA:277,0
DA:281,0
DA:282,0
DA:283,0
DA:285,0
DA:290,0
DA:296,0
DA:298,0
DA:299,0
DA:306,0
DA:307,0
DA:317,0
DA:318,0
DA:319,0
DA:320,0
DA:321,0
DA:331,0
DA:332,0
DA:333,0
DA:334,0
DA:335,0
DA:336,0
DA:338,0
DA:384,0
LF:139
LH:0
BRDA:19,0,0,0
BRDA:19,0,1,0
BRDA:31,1,0,0
BRDA:31,1,1,0
BRDA:47,2,0,0
BRDA:47,2,1,0
BRDA:63,3,0,0
BRDA:63,3,1,0
BRDA:76,4,0,0
BRDA:76,4,1,0
BRDA:114,5,0,0
BRDA:114,5,1,0
BRDA:142,6,0,0
BRDA:142,6,1,0
BRDA:143,7,0,0
BRDA:143,7,1,0
BRDA:157,8,0,0
BRDA:157,8,1,0
BRDA:162,9,0,0
BRDA:162,9,1,0
BRDA:170,10,0,0
BRDA:170,10,1,0
BRDA:175,11,0,0
BRDA:175,11,1,0
BRDA:184,12,0,0
BRDA:184,12,1,0
BRDA:197,13,0,0
BRDA:197,13,1,0
BRDA:202,14,0,0
BRDA:202,14,1,0
BRDA:233,15,0,0
BRDA:233,15,1,0
BRDA:253,16,0,0
BRDA:253,16,1,0
BRDA:282,17,0,0
BRDA:282,17,1,0
BRDA:298,18,0,0
BRDA:298,18,1,0
BRDA:303,19,0,0
BRDA:303,19,1,0
BRDA:304,20,0,0
BRDA:304,20,1,0
BRDA:306,21,0,0
BRDA:306,21,1,0
BRDA:320,22,0,0
BRDA:320,22,1,0
BRF:46
BRH:0
end_of_record
TN:
SF:src/hooks/useGameState.ts
FN:26,saveGuestState
FN:43,loadGuestState
FN:60,clearGuestState
FN:185,(anonymous_3)
FN:188,(anonymous_4)
FN:189,(anonymous_5)
FN:190,(anonymous_6)
FN:190,(anonymous_7)
FN:223,(anonymous_8)
FN:224,(anonymous_9)
FN:225,(anonymous_10)
FN:225,(anonymous_11)
FN:231,(anonymous_12)
FN:232,(anonymous_13)
FN:242,(anonymous_14)
FN:243,(anonymous_15)
FN:246,(anonymous_16)
FN:255,(anonymous_17)
FN:256,(anonymous_18)
FN:257,(anonymous_19)
FN:257,(anonymous_20)
FN:267,(anonymous_21)
FN:278,(anonymous_22)
FN:279,(anonymous_23)
FN:281,(anonymous_24)
FN:282,(anonymous_25)
FN:287,(anonymous_26)
FN:290,(anonymous_27)
FN:310,(anonymous_28)
FN:319,(anonymous_29)
FN:320,(anonymous_30)
FN:321,(anonymous_31)
FN:322,(anonymous_32)
FN:327,(anonymous_33)
FN:330,(anonymous_34)
FN:345,(anonymous_35)
FN:354,(anonymous_36)
FN:355,(anonymous_37)
FN:357,(anonymous_38)
FN:368,(anonymous_39)
FN:369,(anonymous_40)
FN:374,(anonymous_41)
FN:377,(anonymous_42)
FN:394,(anonymous_43)
FN:403,(anonymous_44)
FN:404,(anonymous_45)
FN:405,(anonymous_46)
FN:406,(anonymous_47)
FN:410,(anonymous_48)
FN:418,(anonymous_49)
FN:432,(anonymous_50)
FN:433,(anonymous_51)
FN:439,(anonymous_52)
FN:440,(anonymous_53)
FN:442,(anonymous_54)
FN:445,(anonymous_55)
FN:450,(anonymous_56)
FN:451,(anonymous_57)
FN:461,(anonymous_58)
FN:462,(anonymous_59)
FN:468,(anonymous_60)
FN:469,(anonymous_61)
FN:475,(anonymous_62)
FN:476,(anonymous_63)
FN:482,(anonymous_64)
FN:483,(anonymous_65)
FN:485,(anonymous_66)
FN:486,(anonymous_67)
FN:491,(anonymous_68)
FN:494,(anonymous_69)
FN:509,(anonymous_70)
FN:525,(anonymous_71)
FN:526,(anonymous_72)
FN:535,(anonymous_73)
FN:536,(anonymous_74)
FN:538,(anonymous_75)
FN:539,(anonymous_76)
FN:547,(anonymous_77)
FN:548,(anonymous_78)
FN:563,(anonymous_79)
FN:567,(anonymous_80)
FN:579,(anonymous_81)
FN:584,(anonymous_82)
FN:585,(anonymous_83)
FN:594,(anonymous_84)
FN:601,(anonymous_85)
FN:602,(anonymous_86)
FN:610,(anonymous_87)
FN:611,(anonymous_88)
FN:619,(anonymous_89)
FN:627,(anonymous_90)
FN:635,(anonymous_91)
FN:636,(anonymous_92)
FN:650,(anonymous_93)
FN:651,(anonymous_94)
FN:657,(anonymous_95)
FN:659,(anonymous_96)
FN:661,(anonymous_97)
FN:673,(anonymous_98)
FN:674,(anonymous_99)
FN:680,(anonymous_100)
FN:682,(anonymous_101)
FN:684,(anonymous_102)
FN:695,(anonymous_103)
FN:696,(anonymous_104)
FN:702,(anonymous_105)
FN:704,(anonymous_106)
FN:705,(anonymous_107)
FN:706,(anonymous_108)
FN:706,(anonymous_109)
FN:714,(anonymous_110)
FN:719,(anonymous_111)
FN:730,(anonymous_112)
FN:732,(anonymous_113)
FN:733,(anonymous_114)
FN:760,(anonymous_115)
FN:761,(anonymous_116)
FN:769,(anonymous_117)
FN:797,(anonymous_118)
FN:798,(anonymous_119)
FN:809,(anonymous_120)
FN:810,(anonymous_121)
FNF:122
FNH:27
FNDA:0,saveGuestState
FNDA:0,loadGuestState
FNDA:0,clearGuestState
FNDA:1,(anonymous_3)
FNDA:2,(anonymous_4)
FNDA:2,(anonymous_5)
FNDA:8,(anonymous_6)
FNDA:40,(anonymous_7)
FNDA:9,(anonymous_8)
FNDA:9,(anonymous_9)
FNDA:36,(anonymous_10)
FNDA:180,(anonymous_11)
FNDA:1,(anonymous_12)
FNDA:1,(anonymous_13)
FNDA:0,(anonymous_14)
FNDA:0,(anonymous_15)
FNDA:0,(anonymous_16)
FNDA:0,(anonymous_17)
FNDA:0,(anonymous_18)
FNDA:0,(anonymous_19)
FNDA:0,(anonymous_20)
FNDA:0,(anonymous_21)
FNDA:0,(anonymous_22)
FNDA:0,(anonymous_23)
FNDA:0,(anonymous_24)
FNDA:0,(anonymous_25)
FNDA:0,(anonymous_26)
FNDA:0,(anonymous_27)
FNDA:0,(anonymous_28)
FNDA:0,(anonymous_29)
FNDA:0,(anonymous_30)
FNDA:0,(anonymous_31)
FNDA:0,(anonymous_32)
FNDA:0,(anonymous_33)
FNDA:0,(anonymous_34)
FNDA:0,(anonymous_35)
FNDA:18,(anonymous_36)
FNDA:18,(anonymous_37)
FNDA:17,(anonymous_38)
FNDA:72,(anonymous_39)
FNDA:360,(anonymous_40)
FNDA:15,(anonymous_41)
FNDA:1,(anonymous_42)
FNDA:1,(anonymous_43)
FNDA:1,(anonymous_44)
FNDA:1,(anonymous_45)
FNDA:4,(anonymous_46)
FNDA:20,(anonymous_47)
FNDA:1,(anonymous_48)
FNDA:0,(anonymous_49)
FNDA:0,(anonymous_50)
FNDA:0,(anonymous_51)
FNDA:0,(anonymous_52)
FNDA:0,(anonymous_53)
FNDA:0,(anonymous_54)
FNDA:0,(anonymous_55)
FNDA:0,(anonymous_56)
FNDA:0,(anonymous_57)
FNDA:0,(anonymous_58)
FNDA:0,(anonymous_59)
FNDA:0,(anonymous_60)
FNDA:0,(anonymous_61)
FNDA:0,(anonymous_62)
FNDA:0,(anonymous_63)
FNDA:0,(anonymous_64)
FNDA:0,(anonymous_65)
FNDA:0,(anonymous_66)
FNDA:0,(anonymous_67)
FNDA:0,(anonymous_68)
FNDA:0,(anonymous_69)
FNDA:0,(anonymous_70)
FNDA:0,(anonymous_71)
FNDA:0,(anonymous_72)
FNDA:0,(anonymous_73)
FNDA:0,(anonymous_74)
FNDA:1,(anonymous_75)
FNDA:1,(anonymous_76)
FNDA:0,(anonymous_77)
FNDA:0,(anonymous_78)
FNDA:0,(anonymous_79)
FNDA:0,(anonymous_80)
FNDA:0,(anonymous_81)
FNDA:0,(anonymous_82)
FNDA:0,(anonymous_83)
FNDA:0,(anonymous_84)
FNDA:0,(anonymous_85)
FNDA:0,(anonymous_86)
FNDA:0,(anonymous_87)
FNDA:0,(anonymous_88)
FNDA:0,(anonymous_89)
FNDA:0,(anonymous_90)
FNDA:0,(anonymous_91)
FNDA:0,(anonymous_92)
FNDA:0,(anonymous_93)
FNDA:0,(anonymous_94)
FNDA:0,(anonymous_95)
FNDA:0,(anonymous_96)
FNDA:0,(anonymous_97)
FNDA:0,(anonymous_98)
FNDA:0,(anonymous_99)
FNDA:0,(anonymous_100)
FNDA:0,(anonymous_101)
FNDA:0,(anonymous_102)
FNDA:0,(anonymous_103)
FNDA:0,(anonymous_104)
FNDA:0,(anonymous_105)
FNDA:0,(anonymous_106)
FNDA:0,(anonymous_107)
FNDA:0,(anonymous_108)
FNDA:0,(anonymous_109)
FNDA:0,(anonymous_110)
FNDA:0,(anonymous_111)
FNDA:12,(anonymous_112)
FNDA:0,(anonymous_113)
FNDA:0,(anonymous_114)
FNDA:0,(anonymous_115)
FNDA:0,(anonymous_116)
FNDA:0,(anonymous_117)
FNDA:0,(anonymous_118)
FNDA:0,(anonymous_119)
FNDA:0,(anonymous_120)
FNDA:0,(anonymous_121)
DA:14,1
DA:27,0
DA:35,0
DA:36,0
DA:38,0
DA:44,0
DA:45,0
DA:46,0
DA:47,0
DA:49,0
DA:50,0
DA:52,0
DA:54,0
DA:55,0
DA:61,0
DA:62,0
DA:155,1
DA:185,1
DA:189,2
DA:190,40
DA:191,2
DA:194,2
DA:197,2
DA:198,2
DA:209,0
DA:224,9
DA:225,180
DA:226,9
DA:227,9
DA:232,1
DA:233,1
DA:234,1
DA:235,1
DA:237,1
DA:238,1
DA:243,0
DA:244,0
DA:245,0
DA:246,0
DA:247,0
DA:248,0
DA:251,0
DA:256,0
DA:257,0
DA:258,0
DA:259,0
DA:262,0
DA:263,0
DA:264,0
DA:267,0
DA:268,0
DA:269,0
DA:270,0
DA:274,0
DA:279,0
DA:281,0
DA:282,0
DA:288,0
DA:291,0
DA:297,0
DA:298,0
DA:299,0
DA:300,0
DA:308,0
DA:309,0
DA:310,0
DA:311,0
DA:315,0
DA:320,0
DA:321,0
DA:322,0
DA:328,0
DA:331,0
DA:336,0
DA:337,0
DA:338,0
DA:339,0
DA:343,0
DA:344,0
DA:345,0
DA:346,0
DA:350,0
DA:355,18
DA:357,18
DA:358,17
DA:360,17
DA:361,2
DA:362,2
DA:364,15
DA:368,18
DA:369,360
DA:375,15
DA:378,1
DA:384,18
DA:385,18
DA:386,1
DA:387,1
DA:392,18
DA:393,18
DA:394,1
DA:395,1
DA:399,18
DA:404,1
DA:405,1
DA:406,4
DA:407,20
DA:410,20
DA:411,20
DA:412,1
DA:413,1
DA:414,1
DA:418,19
DA:419,19
DA:420,0
DA:421,0
DA:422,0
DA:425,19
DA:428,1
DA:433,0
DA:440,0
DA:442,0
DA:445,0
DA:451,0
DA:452,0
DA:453,0
DA:454,0
DA:455,0
DA:462,0
DA:469,0
DA:476,0
DA:483,0
DA:485,0
DA:486,0
DA:492,0
DA:495,0
DA:500,0
DA:501,0
DA:502,0
DA:503,0
DA:507,0
DA:508,0
DA:509,0
DA:510,0
DA:515,0
DA:526,0
DA:527,0
DA:528,0
DA:535,0
DA:536,0
DA:539,1
DA:548,0
DA:549,0
DA:550,0
DA:551,0
DA:553,0
DA:555,0
DA:556,0
DA:557,0
DA:559,0
DA:565,0
DA:567,0
DA:568,0
DA:569,0
DA:571,0
DA:572,0
DA:573,0
DA:575,0
DA:579,0
DA:580,0
DA:585,0
DA:586,0
DA:587,0
DA:588,0
DA:589,0
DA:591,0
DA:592,0
DA:594,0
DA:595,0
DA:597,0
DA:602,0
DA:603,0
DA:604,0
DA:605,0
DA:606,0
DA:611,0
DA:612,0
DA:613,0
DA:614,0
DA:615,0
DA:620,0
DA:621,0
DA:622,0
DA:623,0
DA:624,0
DA:627,0
DA:628,0
DA:629,0
DA:632,0
DA:636,0
DA:637,0
DA:638,0
DA:640,0
DA:642,0
DA:645,0
DA:651,0
DA:658,0
DA:659,0
DA:660,0
DA:661,0
DA:662,0
DA:663,0
DA:665,0
DA:669,0
DA:674,0
DA:681,0
DA:682,0
DA:683,0
DA:684,0
DA:685,0
DA:686,0
DA:688,0
DA:692,0
DA:696,0
DA:702,0
DA:705,0
DA:706,0
DA:707,0
DA:710,0
DA:711,0
DA:714,0
DA:715,0
DA:716,0
DA:719,0
DA:720,0
DA:721,0
DA:726,0
DA:730,12
DA:733,0
DA:734,0
DA:735,0
DA:737,0
DA:743,0
DA:744,0
DA:745,0
DA:751,0
DA:755,0
DA:756,0
DA:757,0
DA:761,0
DA:762,0
DA:763,0
DA:764,0
DA:767,0
DA:768,0
DA:769,0
DA:770,0
DA:771,0
DA:775,0
DA:776,0
DA:785,0
DA:798,0
DA:799,0
DA:800,0
DA:802,0
DA:810,0
LF:265
LH:54
BRDA:46,0,0,0
BRDA:46,0,1,0
BRDA:49,1,0,0
BRDA:49,1,1,0
BRDA:49,2,0,0
BRDA:49,2,1,0
BRDA:197,3,0,2
BRDA:197,3,1,0
BRDA:234,4,0,1
BRDA:234,4,1,0
BRDA:245,5,0,0
BRDA:245,5,1,0
BRDA:247,6,0,0
BRDA:247,6,1,0
BRDA:262,7,0,0
BRDA:262,7,1,0
BRDA:268,8,0,0
BRDA:268,8,1,0
BRDA:284,9,0,0
BRDA:284,9,1,0
BRDA:285,10,0,0
BRDA:285,10,1,0
BRDA:288,11,0,0
BRDA:288,11,1,0
BRDA:288,12,0,0
BRDA:288,12,1,0
BRDA:291,13,0,0
BRDA:291,13,1,0
BRDA:291,14,0,0
BRDA:291,14,1,0
BRDA:299,15,0,0
BRDA:299,15,1,0
BRDA:302,16,0,0
BRDA:302,16,1,0
BRDA:311,17,0,0
BRDA:311,17,1,0
BRDA:311,18,0,0
BRDA:311,18,1,0
BRDA:324,19,0,0
BRDA:324,19,1,0
BRDA:328,20,0,0
BRDA:328,20,1,0
BRDA:331,21,0,0
BRDA:331,21,1,0
BRDA:338,22,0,0
BRDA:338,22,1,0
BRDA:346,23,0,0
BRDA:346,23,1,0
BRDA:358,24,0,17
BRDA:358,24,1,12
BRDA:360,25,0,2
BRDA:360,25,1,15
BRDA:371,26,0,1
BRDA:371,26,1,359
BRDA:375,27,0,13
BRDA:375,27,1,2
BRDA:378,28,0,1
BRDA:378,28,1,0
BRDA:386,29,0,1
BRDA:386,29,1,0
BRDA:395,30,0,1
BRDA:395,30,1,0
BRDA:411,31,0,1
BRDA:411,31,1,19
BRDA:419,32,0,0
BRDA:419,32,1,19
BRDA:434,33,0,0
BRDA:434,33,1,0
BRDA:435,34,0,0
BRDA:435,34,1,0
BRDA:441,35,0,0
BRDA:441,35,1,0
BRDA:444,36,0,0
BRDA:444,36,1,0
BRDA:452,37,0,0
BRDA:452,37,1,0
BRDA:455,38,0,0
BRDA:455,38,1,0
BRDA:463,39,0,0
BRDA:463,39,1,0
BRDA:464,40,0,0
BRDA:464,40,1,0
BRDA:470,41,0,0
BRDA:470,41,1,0
BRDA:471,42,0,0
BRDA:471,42,1,0
BRDA:477,43,0,0
BRDA:477,43,1,0
BRDA:478,44,0,0
BRDA:478,44,1,0
BRDA:488,45,0,0
BRDA:488,45,1,0
BRDA:492,46,0,0
BRDA:492,46,1,0
BRDA:495,47,0,0
BRDA:495,47,1,0
BRDA:502,48,0,0
BRDA:502,48,1,0
BRDA:510,49,0,0
BRDA:510,49,1,0
BRDA:519,50,0,0
BRDA:519,50,1,0
BRDA:520,51,0,0
BRDA:520,51,1,0
BRDA:527,52,0,0
BRDA:527,52,1,0
BRDA:530,53,0,0
BRDA:530,53,1,0
BRDA:553,54,0,0
BRDA:553,54,1,0
BRDA:553,55,0,0
BRDA:553,55,1,0
BRDA:568,56,0,0
BRDA:568,56,1,0
BRDA:586,57,0,0
BRDA:586,57,1,0
BRDA:603,58,0,0
BRDA:603,58,1,0
BRDA:612,59,0,0
BRDA:612,59,1,0
BRDA:621,60,0,0
BRDA:621,60,1,0
BRDA:623,61,0,0
BRDA:623,61,1,0
BRDA:637,62,0,0
BRDA:637,62,1,0
BRDA:640,63,0,0
BRDA:640,63,1,0
BRDA:652,64,0,0
BRDA:652,64,1,0
BRDA:653,65,0,0
BRDA:653,65,1,0
BRDA:660,66,0,0
BRDA:660,66,1,0
BRDA:662,67,0,0
BRDA:662,67,1,0
BRDA:665,68,0,0
BRDA:665,68,1,0
BRDA:675,69,0,0
BRDA:675,69,1,0
BRDA:676,70,0,0
BRDA:676,70,1,0
BRDA:683,71,0,0
BRDA:683,71,1,0
BRDA:685,72,0,0
BRDA:685,72,1,0
BRDA:688,73,0,0
BRDA:688,73,1,0
BRDA:697,74,0,0
BRDA:697,74,1,0
BRDA:698,75,0,0
BRDA:698,75,1,0
BRDA:710,76,0,0
BRDA:710,76,1,0
BRDA:715,77,0,0
BRDA:715,77,1,0
BRDA:720,78,0,0
BRDA:720,78,1,0
BRDA:734,79,0,0
BRDA:734,79,1,0
BRDA:735,80,0,0
BRDA:735,80,1,0
BRDA:743,81,0,0
BRDA:743,81,1,0
BRDA:744,82,0,0
BRDA:744,82,1,0
BRDA:762,83,0,0
BRDA:762,83,1,0
BRDA:770,84,0,0
BRDA:770,84,1,0
BRDA:775,85,0,0
BRDA:775,85,1,0
BRDA:799,86,0,0
BRDA:799,86,1,0
BRDA:800,87,0,0
BRDA:800,87,1,0
BRDA:822,88,0,0
BRDA:822,88,1,0
BRDA:823,89,0,0
BRDA:823,89,1,0
BRF:180
BRH:16
end_of_record
TN:
SF:src/hooks/useHotkeys.ts
FN:6,useHotkeys
FN:18,(anonymous_1)
FN:19,(anonymous_2)
FN:59,(anonymous_3)
FNF:4
FNH:0
FNDA:0,useHotkeys
FNDA:0,(anonymous_1)
FNDA:0,(anonymous_2)
FNDA:0,(anonymous_3)
DA:8,0
DA:11,0
DA:14,0
DA:15,0
DA:16,0
DA:18,0
DA:19,0
DA:21,0
DA:22,0
DA:23,0
DA:24,0
DA:29,0
DA:30,0
DA:32,0
DA:35,0
DA:40,0
DA:41,0
DA:42,0
DA:43,0
DA:48,0
DA:49,0
DA:51,0
DA:54,0
DA:58,0
DA:59,0
LF:25
LH:0
BRDA:16,0,0,0
BRDA:16,0,1,0
BRDA:21,1,0,0
BRDA:21,1,1,0
BRDA:21,2,0,0
BRDA:21,2,1,0
BRDA:22,3,0,0
BRDA:22,3,1,0
BRDA:23,4,0,0
BRDA:23,4,1,0
BRDA:29,5,0,0
BRDA:29,5,1,0
BRDA:29,6,0,0
BRDA:29,6,1,0
BRDA:30,7,0,0
BRDA:30,7,1,0
BRDA:32,8,0,0
BRDA:32,8,1,0
BRDA:33,9,0,0
BRDA:33,9,1,0
BRDA:40,10,0,0
BRDA:40,10,1,0
BRDA:40,11,0,0
BRDA:40,11,1,0
BRDA:41,12,0,0
BRDA:41,12,1,0
BRDA:42,13,0,0
BRDA:42,13,1,0
BRDA:48,14,0,0
BRDA:48,14,1,0
BRDA:48,15,0,0
BRDA:48,15,1,0
BRDA:48,15,2,0
BRDA:51,16,0,0
BRDA:51,16,1,0
BRDA:52,17,0,0
BRDA:52,17,1,0
BRF:37
BRH:0
end_of_record
TN:
SF:src/hooks/useMultiplayer.ts
FN:67,getSerializedGameState
FN:97,swapPerspective
FN:123,generateLogId
FN:128,swapPlayer
FN:133,createHiddenCards
FN:135,(anonymous_5)
FN:168,applyRemoteAction
FN:267,(anonymous_7)
FN:274,(anonymous_8)
FN:275,(anonymous_9)
FN:480,(anonymous_10)
FN:502,(anonymous_11)
FN:506,(anonymous_12)
FN:509,(anonymous_13)
FN:513,(anonymous_14)
FN:527,(anonymous_15)
FN:528,(anonymous_16)
FN:556,(anonymous_17)
FN:560,(anonymous_18)
FN:573,(anonymous_19)
FN:599,(anonymous_20)
FN:602,(anonymous_21)
FN:606,(anonymous_22)
FN:610,(anonymous_23)
FN:623,(anonymous_24)
FN:664,(anonymous_25)
FN:677,(anonymous_26)
FN:681,(anonymous_27)
FN:701,(anonymous_28)
FN:724,(anonymous_29)
FN:738,(anonymous_30)
FN:744,(anonymous_31)
FN:749,(anonymous_32)
FN:753,(anonymous_33)
FN:757,(anonymous_34)
FN:761,(anonymous_35)
FN:773,(anonymous_36)
FN:777,(anonymous_37)
FN:791,(anonymous_38)
FN:813,(anonymous_39)
FN:828,(anonymous_40)
FN:831,(anonymous_41)
FN:836,(anonymous_42)
FN:838,(anonymous_43)
FN:848,(anonymous_44)
FN:849,(anonymous_45)
FN:850,(anonymous_46)
FN:854,(anonymous_47)
FN:999,(anonymous_48)
FN:1018,(anonymous_49)
FN:1093,(anonymous_50)
FN:1102,(anonymous_51)
FN:1114,setupGuestStateAutoSave
FN:1121,(anonymous_53)
FN:1135,cleanupGuestStateAutoSave
FN:1144,useIsMyTurn
FN:1145,(anonymous_56)
FN:1146,(anonymous_57)
FN:1147,(anonymous_58)
FN:1158,useLocalPlayer
FN:1159,(anonymous_60)
FNF:61
FNH:0
FNDA:0,getSerializedGameState
FNDA:0,swapPerspective
FNDA:0,generateLogId
FNDA:0,swapPlayer
FNDA:0,createHiddenCards
FNDA:0,(anonymous_5)
FNDA:0,applyRemoteAction
FNDA:0,(anonymous_7)
FNDA:0,(anonymous_8)
FNDA:0,(anonymous_9)
FNDA:0,(anonymous_10)
FNDA:0,(anonymous_11)
FNDA:0,(anonymous_12)
FNDA:0,(anonymous_13)
FNDA:0,(anonymous_14)
FNDA:0,(anonymous_15)
FNDA:0,(anonymous_16)
FNDA:0,(anonymous_17)
FNDA:0,(anonymous_18)
FNDA:0,(anonymous_19)
FNDA:0,(anonymous_20)
FNDA:0,(anonymous_21)
FNDA:0,(anonymous_22)
FNDA:0,(anonymous_23)
FNDA:0,(anonymous_24)
FNDA:0,(anonymous_25)
FNDA:0,(anonymous_26)
FNDA:0,(anonymous_27)
FNDA:0,(anonymous_28)
FNDA:0,(anonymous_29)
FNDA:0,(anonymous_30)
FNDA:0,(anonymous_31)
FNDA:0,(anonymous_32)
FNDA:0,(anonymous_33)
FNDA:0,(anonymous_34)
FNDA:0,(anonymous_35)
FNDA:0,(anonymous_36)
FNDA:0,(anonymous_37)
FNDA:0,(anonymous_38)
FNDA:0,(anonymous_39)
FNDA:0,(anonymous_40)
FNDA:0,(anonymous_41)
FNDA:0,(anonymous_42)
FNDA:0,(anonymous_43)
FNDA:0,(anonymous_44)
FNDA:0,(anonymous_45)
FNDA:0,(anonymous_46)
FNDA:0,(anonymous_47)
FNDA:0,(anonymous_48)
FNDA:0,(anonymous_49)
FNDA:0,(anonymous_50)
FNDA:0,(anonymous_51)
FNDA:0,setupGuestStateAutoSave
FNDA:0,(anonymous_53)
FNDA:0,cleanupGuestStateAutoSave
FNDA:0,useIsMyTurn
FNDA:0,(anonymous_56)
FNDA:0,(anonymous_57)
FNDA:0,(anonymous_58)
FNDA:0,useLocalPlayer
FNDA:0,(anonymous_60)
DA:20,0
DA:21,0
DA:68,0
DA:69,0
DA:98,0
DA:124,0
DA:129,0
DA:134,0
DA:135,0
DA:174,0
DA:175,0
DA:178,0
DA:182,0
DA:184,0
DA:187,0
DA:188,0
DA:189,0
DA:190,0
DA:196,0
DA:200,0
DA:201,0
DA:202,0
DA:203,0
DA:209,0
DA:213,0
DA:214,0
DA:215,0
DA:216,0
DA:222,0
DA:225,0
DA:226,0
DA:227,0
DA:233,0
DA:236,0
DA:237,0
DA:238,0
DA:241,0
DA:242,0
DA:245,0
DA:246,0
DA:249,0
DA:250,0
DA:254,0
DA:255,0
DA:256,0
DA:257,0
DA:261,0
DA:262,0
DA:263,0
DA:264,0
DA:267,0
DA:268,0
DA:269,0
DA:270,0
DA:273,0
DA:274,0
DA:275,0
DA:276,0
DA:277,0
DA:280,0
DA:284,0
DA:285,0
DA:286,0
DA:289,0
DA:290,0
DA:293,0
DA:294,0
DA:298,0
DA:299,0
DA:300,0
DA:301,0
DA:302,0
DA:308,0
DA:312,0
DA:313,0
DA:314,0
DA:315,0
DA:321,0
DA:325,0
DA:326,0
DA:327,0
DA:328,0
DA:334,0
DA:338,0
DA:339,0
DA:340,0
DA:341,0
DA:347,0
DA:352,0
DA:353,0
DA:354,0
DA:355,0
DA:356,0
DA:362,0
DA:366,0
DA:367,0
DA:368,0
DA:369,0
DA:373,0
DA:374,0
DA:375,0
DA:376,0
DA:380,0
DA:381,0
DA:382,0
DA:383,0
DA:384,0
DA:385,0
DA:389,0
DA:390,0
DA:391,0
DA:392,0
DA:396,0
DA:397,0
DA:398,0
DA:402,0
DA:403,0
DA:404,0
DA:405,0
DA:411,0
DA:415,0
DA:416,0
DA:417,0
DA:421,0
DA:422,0
DA:423,0
DA:426,0
DA:427,0
DA:428,0
DA:429,0
DA:432,0
DA:433,0
DA:434,0
DA:435,0
DA:436,0
DA:441,0
DA:444,0
DA:446,0
DA:450,0
DA:451,0
DA:452,0
DA:453,0
DA:459,0
DA:463,0
DA:464,0
DA:465,0
DA:471,0
DA:474,0
DA:478,0
DA:480,0
DA:503,0
DA:507,0
DA:509,0
DA:510,0
DA:513,0
DA:514,0
DA:515,0
DA:520,0
DA:528,0
DA:531,0
DA:538,0
DA:545,0
DA:546,0
DA:547,0
DA:556,0
DA:557,0
DA:560,0
DA:561,0
DA:565,0
DA:573,0
DA:574,0
DA:580,0
DA:581,0
DA:582,0
DA:584,0
DA:591,0
DA:593,0
DA:594,0
DA:595,0
DA:600,0
DA:602,0
DA:603,0
DA:606,0
DA:607,0
DA:610,0
DA:611,0
DA:615,0
DA:623,0
DA:624,0
DA:630,0
DA:631,0
DA:632,0
DA:641,0
DA:644,0
DA:645,0
DA:651,0
DA:658,0
DA:659,0
DA:660,0
DA:665,0
DA:666,0
DA:667,0
DA:678,0
DA:682,0
DA:683,0
DA:685,0
DA:691,0
DA:692,0
DA:702,0
DA:703,0
DA:704,0
DA:706,0
DA:714,0
DA:715,0
DA:725,0
DA:726,0
DA:728,0
DA:730,0
DA:739,0
DA:744,0
DA:750,0
DA:754,0
DA:758,0
DA:762,0
DA:763,0
DA:770,0
DA:774,0
DA:778,0
DA:779,0
DA:781,0
DA:787,0
DA:788,0
DA:792,0
DA:793,0
DA:795,0
DA:805,0
DA:810,0
DA:814,0
DA:815,0
DA:817,0
DA:828,0
DA:831,0
DA:837,0
DA:838,0
DA:839,0
DA:842,0
DA:843,0
DA:845,0
DA:849,0
DA:850,0
DA:855,0
DA:856,0
DA:858,0
DA:860,0
DA:861,0
DA:869,0
DA:870,0
DA:876,0
DA:880,0
DA:881,0
DA:883,0
DA:891,0
DA:894,0
DA:900,0
DA:903,0
DA:909,0
DA:913,0
DA:914,0
DA:920,0
DA:924,0
DA:926,0
DA:927,0
DA:933,0
DA:935,0
DA:940,0
DA:944,0
DA:981,0
DA:982,0
DA:983,0
DA:989,0
DA:994,0
DA:995,0
DA:996,0
DA:999,0
DA:1000,0
DA:1001,0
DA:1002,0
DA:1004,0
DA:1007,0
DA:1015,0
DA:1018,0
DA:1019,0
DA:1020,0
DA:1028,0
DA:1031,0
DA:1032,0
DA:1035,0
DA:1041,0
DA:1044,0
DA:1050,0
DA:1053,0
DA:1059,0
DA:1060,0
DA:1063,0
DA:1064,0
DA:1072,0
DA:1074,0
DA:1077,0
DA:1083,0
DA:1089,0
DA:1094,0
DA:1102,0
DA:1111,0
DA:1116,0
DA:1117,0
DA:1121,0
DA:1123,0
DA:1129,0
DA:1136,0
DA:1137,0
DA:1138,0
DA:1140,0
DA:1145,0
DA:1146,0
DA:1147,0
DA:1150,0
DA:1151,0
DA:1154,0
DA:1159,0
LF:329
LH:0
BRDA:118,0,0,0
BRDA:118,0,1,0
BRDA:129,1,0,0
BRDA:129,1,1,0
BRDA:136,2,0,0
BRDA:136,2,1,0
BRDA:178,3,0,0
BRDA:178,3,1,0
BRDA:184,4,0,0
BRDA:184,4,1,0
BRDA:184,4,2,0
BRDA:184,4,3,0
BRDA:184,4,4,0
BRDA:184,4,5,0
BRDA:184,4,6,0
BRDA:184,4,7,0
BRDA:184,4,8,0
BRDA:184,4,9,0
BRDA:184,4,10,0
BRDA:184,4,11,0
BRDA:184,4,12,0
BRDA:184,4,13,0
BRDA:184,4,14,0
BRDA:184,4,15,0
BRDA:184,4,16,0
BRDA:184,4,17,0
BRDA:184,4,18,0
BRDA:184,4,19,0
BRDA:184,4,20,0
BRDA:184,4,21,0
BRDA:184,4,22,0
BRDA:184,4,23,0
BRDA:184,4,24,0
BRDA:184,4,25,0
BRDA:184,4,26,0
BRDA:184,4,27,0
BRDA:184,4,28,0
BRDA:184,4,29,0
BRDA:194,5,0,0
BRDA:194,5,1,0
BRDA:207,6,0,0
BRDA:207,6,1,0
BRDA:220,7,0,0
BRDA:220,7,1,0
BRDA:264,8,0,0
BRDA:264,8,1,0
BRDA:268,9,0,0
BRDA:268,9,1,0
BRDA:270,10,0,0
BRDA:270,10,1,0
BRDA:273,11,0,0
BRDA:273,11,1,0
BRDA:274,12,0,0
BRDA:274,12,1,0
BRDA:276,13,0,0
BRDA:276,13,1,0
BRDA:301,14,0,0
BRDA:301,14,1,0
BRDA:306,15,0,0
BRDA:306,15,1,0
BRDA:319,16,0,0
BRDA:319,16,1,0
BRDA:332,17,0,0
BRDA:332,17,1,0
BRDA:360,18,0,0
BRDA:360,18,1,0
BRDA:409,19,0,0
BRDA:409,19,1,0
BRDA:427,20,0,0
BRDA:427,20,1,0
BRDA:444,21,0,0
BRDA:444,21,1,0
BRDA:444,22,0,0
BRDA:444,22,1,0
BRDA:520,23,0,0
BRDA:520,23,1,0
BRDA:520,23,2,0
BRDA:520,23,3,0
BRDA:520,23,4,0
BRDA:520,23,5,0
BRDA:520,23,6,0
BRDA:520,23,7,0
BRDA:528,24,0,0
BRDA:528,24,1,0
BRDA:545,25,0,0
BRDA:545,25,1,0
BRDA:593,26,0,0
BRDA:593,26,1,0
BRDA:658,27,0,0
BRDA:658,27,1,0
BRDA:691,28,0,0
BRDA:691,28,1,0
BRDA:714,29,0,0
BRDA:714,29,1,0
BRDA:815,30,0,0
BRDA:815,30,1,0
BRDA:815,31,0,0
BRDA:815,31,1,0
BRDA:821,32,0,0
BRDA:821,32,1,0
BRDA:839,33,0,0
BRDA:839,33,1,0
BRDA:858,34,0,0
BRDA:858,34,1,0
BRDA:858,34,2,0
BRDA:858,34,3,0
BRDA:858,34,4,0
BRDA:858,34,5,0
BRDA:858,34,6,0
BRDA:858,34,7,0
BRDA:858,34,8,0
BRDA:858,34,9,0
BRDA:858,34,10,0
BRDA:858,34,11,0
BRDA:858,34,12,0
BRDA:858,34,13,0
BRDA:858,34,14,0
BRDA:858,34,15,0
BRDA:869,35,0,0
BRDA:869,35,1,0
BRDA:880,36,0,0
BRDA:880,36,1,0
BRDA:887,37,0,0
BRDA:887,37,1,0
BRDA:896,38,0,0
BRDA:896,38,1,0
BRDA:905,39,0,0
BRDA:905,39,1,0
BRDA:916,40,0,0
BRDA:916,40,1,0
BRDA:924,41,0,0
BRDA:924,41,1,0
BRDA:935,42,0,0
BRDA:935,42,1,0
BRDA:935,42,2,0
BRDA:940,43,0,0
BRDA:940,43,1,0
BRDA:940,44,0,0
BRDA:940,44,1,0
BRDA:954,45,0,0
BRDA:954,45,1,0
BRDA:960,46,0,0
BRDA:960,46,1,0
BRDA:962,47,0,0
BRDA:962,47,1,0
BRDA:963,48,0,0
BRDA:963,48,1,0
BRDA:965,49,0,0
BRDA:965,49,1,0
BRDA:966,50,0,0
BRDA:966,50,1,0
BRDA:968,51,0,0
BRDA:968,51,1,0
BRDA:969,52,0,0
BRDA:969,52,1,0
BRDA:971,53,0,0
BRDA:971,53,1,0
BRDA:972,54,0,0
BRDA:972,54,1,0
BRDA:987,55,0,0
BRDA:987,55,1,0
BRDA:995,56,0,0
BRDA:995,56,1,0
BRDA:1019,57,0,0
BRDA:1019,57,1,0
BRDA:1063,58,0,0
BRDA:1063,58,1,0
BRDA:1085,59,0,0
BRDA:1085,59,1,0
BRDA:1096,60,0,0
BRDA:1096,60,1,0
BRDA:1116,61,0,0
BRDA:1116,61,1,0
BRDA:1123,62,0,0
BRDA:1123,62,1,0
BRDA:1124,63,0,0
BRDA:1124,63,1,0
BRDA:1124,63,2,0
BRDA:1124,63,3,0
BRDA:1136,64,0,0
BRDA:1136,64,1,0
BRDA:1150,65,0,0
BRDA:1150,65,1,0
BRF:183
BRH:0
end_of_record
TN:
SF:src/services/curiosaApi.ts
FN:4,(anonymous_0)
FN:13,fetchDeck
FNF:2
FNH:0
FNDA:0,(anonymous_0)
FNDA:0,fetchDeck
DA:6,0
DA:8,0
DA:9,0
DA:14,0
DA:15,0
DA:18,0
DA:20,0
DA:21,0
DA:22,0
DA:24,0
DA:30,0
DA:33,0
DA:34,0
DA:38,0
DA:39,0
DA:42,0
LF:16
LH:0
BRDA:14,0,0,0
BRDA:14,0,1,0
BRDA:14,1,0,0
BRDA:14,1,1,0
BRDA:20,2,0,0
BRDA:20,2,1,0
BRDA:21,3,0,0
BRDA:21,3,1,0
BRDA:33,4,0,0
BRDA:33,4,1,0
BRDA:33,5,0,0
BRDA:33,5,1,0
BRDA:38,6,0,0
BRDA:38,6,1,0
BRF:14
BRH:0
end_of_record
TN:
SF:src/services/peerService.ts
FN:30,(anonymous_0)
FN:34,(anonymous_1)
FN:38,(anonymous_2)
FN:42,(anonymous_3)
FN:46,(anonymous_4)
FN:51,(anonymous_5)
FN:52,(anonymous_6)
FN:60,(anonymous_7)
FN:65,(anonymous_8)
FN:72,(anonymous_9)
FN:78,(anonymous_10)
FN:84,(anonymous_11)
FN:98,(anonymous_12)
FN:99,(anonymous_13)
FN:107,(anonymous_14)
FN:115,(anonymous_15)
FN:120,(anonymous_16)
FN:127,(anonymous_17)
FN:146,(anonymous_18)
FN:149,(anonymous_19)
FN:154,(anonymous_20)
FN:158,(anonymous_21)
FN:164,(anonymous_22)
FN:174,(anonymous_23)
FN:190,(anonymous_24)
FN:194,(anonymous_25)
FN:198,(anonymous_26)
FN:202,(anonymous_27)
FN:206,(anonymous_28)
FN:211,(anonymous_29)
FN:225,(anonymous_30)
FNF:31
FNH:0
FNDA:0,(anonymous_0)
FNDA:0,(anonymous_1)
FNDA:0,(anonymous_2)
FNDA:0,(anonymous_3)
FNDA:0,(anonymous_4)
FNDA:0,(anonymous_5)
FNDA:0,(anonymous_6)
FNDA:0,(anonymous_7)
FNDA:0,(anonymous_8)
FNDA:0,(anonymous_9)
FNDA:0,(anonymous_10)
FNDA:0,(anonymous_11)
FNDA:0,(anonymous_12)
FNDA:0,(anonymous_13)
FNDA:0,(anonymous_14)
FNDA:0,(anonymous_15)
FNDA:0,(anonymous_16)
FNDA:0,(anonymous_17)
FNDA:0,(anonymous_18)
FNDA:0,(anonymous_19)
FNDA:0,(anonymous_20)
FNDA:0,(anonymous_21)
FNDA:0,(anonymous_22)
FNDA:0,(anonymous_23)
FNDA:0,(anonymous_24)
FNDA:0,(anonymous_25)
FNDA:0,(anonymous_26)
FNDA:0,(anonymous_27)
FNDA:0,(anonymous_28)
FNDA:0,(anonymous_29)
FNDA:0,(anonymous_30)
DA:17,0
DA:18,0
DA:19,0
DA:20,0
DA:21,0
DA:31,0
DA:35,0
DA:39,0
DA:43,0
DA:47,0
DA:52,0
DA:53,0
DA:54,0
DA:55,0
DA:57,0
DA:58,0
DA:60,0
DA:61,0
DA:62,0
DA:65,0
DA:69,0
DA:70,0
DA:72,0
DA:73,0
DA:78,0
DA:79,0
DA:80,0
DA:81,0
DA:84,0
DA:86,0
DA:87,0
DA:91,0
DA:92,0
DA:99,0
DA:100,0
DA:101,0
DA:102,0
DA:104,0
DA:105,0
DA:107,0
DA:108,0
DA:111,0
DA:115,0
DA:116,0
DA:117,0
DA:120,0
DA:121,0
DA:122,0
DA:123,0
DA:127,0
DA:128,0
DA:131,0
DA:132,0
DA:135,0
DA:136,0
DA:137,0
DA:140,0
DA:141,0
DA:147,0
DA:149,0
DA:150,0
DA:151,0
DA:154,0
DA:155,0
DA:158,0
DA:159,0
DA:164,0
DA:165,0
DA:166,0
DA:170,0
DA:175,0
DA:176,0
DA:177,0
DA:180,0
DA:181,0
DA:182,0
DA:184,0
DA:185,0
DA:191,0
DA:195,0
DA:199,0
DA:203,0
DA:207,0
DA:212,0
DA:213,0
DA:214,0
DA:216,0
DA:217,0
DA:218,0
DA:220,0
DA:221,0
DA:226,0
DA:227,0
DA:228,0
DA:234,0
LF:95
LH:0
BRDA:69,0,0,0
BRDA:69,0,1,0
BRDA:79,1,0,0
BRDA:79,1,1,0
BRDA:86,2,0,0
BRDA:86,2,1,0
BRDA:86,3,0,0
BRDA:86,3,1,0
BRDA:91,4,0,0
BRDA:91,4,1,0
BRDA:121,5,0,0
BRDA:121,5,1,0
BRDA:128,6,0,0
BRDA:128,6,1,0
BRDA:131,7,0,0
BRDA:131,7,1,0
BRDA:140,8,0,0
BRDA:140,8,1,0
BRDA:159,9,0,0
BRDA:159,9,1,0
BRDA:165,10,0,0
BRDA:165,10,1,0
BRDA:165,11,0,0
BRDA:165,11,1,0
BRDA:165,11,2,0
BRDA:175,12,0,0
BRDA:175,12,1,0
BRDA:175,13,0,0
BRDA:175,13,1,0
BRDA:191,14,0,0
BRDA:191,14,1,0
BRDA:203,15,0,0
BRDA:203,15,1,0
BRDA:207,16,0,0
BRDA:207,16,1,0
BRDA:212,17,0,0
BRDA:212,17,1,0
BRDA:216,18,0,0
BRDA:216,18,1,0
BRDA:226,19,0,0
BRDA:226,19,1,0
BRF:41
BRH:0
end_of_record
TN:
SF:src/types/card.ts
FN:63,getCardImageUrl
FN:68,getCardBackUrl
FN:74,getPlaymatUrl
FNF:3
FNH:0
FNDA:0,getCardImageUrl
FNDA:0,getCardBackUrl
FNDA:0,getPlaymatUrl
DA:60,1
DA:64,0
DA:69,0
DA:70,0
DA:75,0
LF:5
LH:1
BRDA:69,0,0,0
BRDA:69,0,1,0
BRF:2
BRH:0
end_of_record
TN:
SF:src/types/curiosa.ts
FNF:0
FNH:0
LF:0
LH:0
BRF:0
BRH:0
end_of_record
TN:
SF:src/types/game.ts
FN:86,createEmptyBoard
FN:89,(anonymous_1)
FN:92,(anonymous_2)
FN:101,positionKey
FN:106,parsePositionKey
FN:112,vertexKey
FN:117,parseVertexKey
FNF:7
FNH:7
FNDA:5,createEmptyBoard
FNDA:20,(anonymous_1)
FNDA:100,(anonymous_2)
FNDA:28,positionKey
FNDA:23,parsePositionKey
FNDA:19,vertexKey
FNDA:15,parseVertexKey
DA:87,5
DA:90,20
DA:92,100
DA:102,28
DA:107,23
DA:108,23
DA:113,19
DA:118,15
DA:119,15
DA:120,15
DA:121,15
LF:11
LH:11
BRF:0
BRH:0
end_of_record
TN:
SF:src/types/multiplayer.ts
FN:168,generateGameCode
FN:178,generateDefaultNickname
FNF:2
FNH:0
FNDA:0,generateGameCode
FNDA:0,generateDefaultNickname
DA:169,0
DA:170,0
DA:171,0
DA:172,0
DA:174,0
DA:179,0
DA:180,0
DA:181,0
DA:182,0
DA:183,0
DA:184,0
LF:11
LH:0
BRF:0
BRH:0
end_of_record
TN:
SF:src/utils/cardTransform.ts
FN:16,generateCardId
FN:20,mapRarity
FN:26,mapCardType
FN:31,mapFinish
FN:36,transformCuriosaEntry
FN:59,(anonymous_5)
FN:94,transformCuriosaDeck
FN:132,extractDeckId
FNF:8
FNH:8
FNDA:33,generateCardId
FNDA:29,mapRarity
FNDA:29,mapCardType
FNDA:29,mapFinish
FNDA:29,transformCuriosaEntry
FNDA:28,(anonymous_5)
FNDA:24,transformCuriosaDeck
FNDA:7,extractDeckId
DA:14,1
DA:17,33
DA:21,29
DA:22,27
DA:23,27
DA:27,29
DA:28,29
DA:32,29
DA:33,29
DA:40,29
DA:42,29
DA:59,28
DA:64,29
DA:74,29
DA:75,29
DA:76,33
DA:85,29
DA:98,24
DA:99,24
DA:100,24
DA:103,24
DA:104,25
DA:107,25
DA:108,6
DA:111,19
DA:116,24
DA:117,4
DA:121,4
DA:124,24
DA:134,7
DA:135,7
DA:136,5
DA:140,2
LF:33
LH:33
BRDA:21,0,0,2
BRDA:21,0,1,27
BRDA:23,1,0,26
BRDA:23,1,1,1
BRDA:28,2,0,28
BRDA:28,2,1,1
BRDA:33,3,0,29
BRDA:33,3,1,0
BRDA:47,4,0,29
BRDA:47,4,1,28
BRDA:53,5,0,29
BRDA:53,5,1,1
BRDA:54,6,0,29
BRDA:54,6,1,28
BRDA:55,7,0,29
BRDA:55,7,1,28
BRDA:56,8,0,29
BRDA:56,8,1,29
BRDA:59,9,0,29
BRDA:59,9,1,1
BRDA:67,10,0,29
BRDA:67,10,1,0
BRDA:68,11,0,29
BRDA:68,11,1,0
BRDA:69,12,0,29
BRDA:69,12,1,0
BRDA:70,13,0,29
BRDA:70,13,1,0
BRDA:107,14,0,6
BRDA:107,14,1,19
BRDA:116,15,0,4
BRDA:116,15,1,20
BRDA:121,16,0,4
BRDA:121,16,1,0
BRDA:135,17,0,5
BRDA:135,17,1,2
BRF:36
BRH:30
end_of_record
TN:
SF:src/utils/mockData.ts
FN:72,createVariant
FN:85,createCardInstance
FN:96,createMockCards
FN:109,createMockAvatar
FNF:4
FNH:0
FNDA:0,createVariant
FNDA:0,createCardInstance
FNDA:0,createMockCards
FNDA:0,createMockAvatar
DA:4,0
DA:21,0
DA:38,0
DA:55,0
DA:73,0
DA:83,0
DA:86,0
DA:87,0
DA:97,0
DA:110,0
LF:10
LH:0
BRF:0
BRH:0
end_of_record
